[2025-07-14 11:02:12,853 main.py:237 INFO] Detected system ID: Nvidia_2c86eb58c6bc
[2025-07-14 11:02:12,872 generate_conf_files.py:107 INFO] Generated measurements/ entries for Nvidia_2c86eb58c6bc_TRT/resnet50/SingleStream
[2025-07-14 11:02:12,872 harness.py:357 INFO] Using harness launch command...
[2025-07-14 11:02:12,872 __init__.py:46 INFO] Running command: ./build/bin/harness_default --logfile_outdir="/home/ubuntu/MLC/repos/local/cache/get-mlperf-inference-results-dir_94a235cb/valid_results/2c86eb58c6bc-nvidia_original-gpu-tensorrt-vdefault-default_config/resnet50/singlestream/accuracy" --logfile_prefix="mlperf_log_" --performance_sample_count=2048 --test_mode="AccuracyOnly" --gpu_copy_streams=1 --gpu_inference_streams=1 --use_deque_limit=true --gpu_batch_size=1 --map_path="data_maps/imagenet/val_map.txt" --mlperf_conf_path="/home/ubuntu/MLC/repos/local/cache/get-git-repo_inference-src_08c59f8e/inference/mlperf.conf" --tensor_path="build/preprocessed_data/imagenet/ResNet50/int8_linear" --use_graphs=true --user_conf_path="/home/ubuntu/MLC/repos/gateoverflow@mlperf-automations/script/generate-mlperf-inference-user-conf/tmp/ae00e0729744430b8808c9b2b55bfff0.conf" --gpu_engine_batch_size="1" --gpu_engines="./build/engines/Nvidia_2c86eb58c6bc/resnet50/SingleStream/resnet50-SingleStream-gpu-resnet50-b1-int8.lwis_k_99_MaxP.plan" --max_dlas=0 --scenario="SingleStream" --model="resnet50" --scenario SingleStream --model resnet50
[2025-07-14 11:02:12,872 __init__.py:53 INFO] Overriding Environment
benchmark : Benchmark.ResNet50
buffer_manager_thread_count : 0
data_dir : /home/ubuntu/MLC/repos/local/cache/get-mlperf-inference-nvidia-scratch-space_b4d38010/data
disable_beta1_smallk : True
gpu_batch_size : 1
gpu_copy_streams : 1
gpu_inference_streams : 1
input_dtype : int8
input_format : linear
log_dir : /home/ubuntu/MLC/repos/local/cache/get-git-repo_mlperf-inferenc_2b08c1b6/repo/closed/NVIDIA/build/logs/2025.07.14-11.02.10
map_path : data_maps/imagenet/val_map.txt
mlperf_conf_path : /home/ubuntu/MLC/repos/local/cache/get-git-repo_inference-src_08c59f8e/inference/mlperf.conf
precision : int8
preprocessed_data_dir : /home/ubuntu/MLC/repos/local/cache/get-mlperf-inference-nvidia-scratch-space_b4d38010/preprocessed_data
scenario : Scenario.SingleStream
single_stream_expected_latency_ns : 0
system : System(cpu=CPU(name='Intel(R) Xeon(R) w7-2495X', architecture=<CPUArchitecture.x86_64: AliasedName(name='x86_64', aliases=(), patterns=())>, vendor='GenuineIntel', cores_per_group=24, threads_per_core=2, n_groups=1, group_type=<GroupType.Socket: 'socket'>, numa_nodes=[[Interval(start=0, end=47)]], flags={'tsc_adjust', 'ida', 'avx', 'ssse3', 'cqm_occup_llc', 'pge', 'nonstop_tsc', 'ds_cpl', 'rdpid', 'hwp', 'tsxldtrk', 'rdtscp', 'fma', 'flush_l1d', 'pbe', 'cqm_llc', 'dca', 'arch_perfmon', 'clflush', 'monitor', 'cmov', 'pni', 'hwp_epp', 'pclmulqdq', 'avx512ifma', 'vme', 'mba', 'serialize', 'dtes64', 'pae', 'est', 'bmi2', 'fsrm', 'avx512f', 'ibrs', 'xtopology', 'xsaveopt', 'epb', 'movbe', 'tpr_shadow', 'smep', 'sse', 'cat_l2', 'rdt_a', 'clwb', 'cpuid', 'split_lock_detect', 'avx512bw', 'cqm', 'gfni', 'amx_bf16', 'mmx', 'vnmi', 'cdp_l2', 'movdir64b', 'pebs', 'intel_ppin', 'tm', 'xsavec', 'abm', 'mtrr', 'constant_tsc', 'fsgsbase', 'avx_vnni', 'apic', 'dtherm', 'pln', 'avx512_vpopcntdq', 'ibrs_enhanced', 'ht', 'pku', 'user_shstk', 'lm', 'lahf_lm', 'pse', 'pconfig', 'xtpr', 'sse4_1', 'cqm_mbm_total', 'ssbd', 'ept_ad', 'smx', 'avx512vbmi', 'umip', 'vmx', 'sse2', 'aperfmperf', 'tsc_deadline_timer', 'x2apic', 'sdbg', 'adx', 'vaes', 'erms', 'avx512_bitalg', 'cpuid_fault', 'stibp', 'art', 'dts', 'pse36', 'mce', 'flexpriority', 'avx512cd', 'arch_lbr', 'cat_l3', 'hwp_pkg_req', 'popcnt', 'pat', 'ss', 'cx16', 'cdp_l3', 'waitpkg', 'tsc', 'vpid', 'amx_tile', 'arch_capabilities', 'avx512vl', 'avx512_fp16', 'sha_ni', 'clflushopt', 'ibt', 'movdiri', 'tm2', 'aes', 'xsaves', 'intel_pt', 'de', 'ospke', 'cqm_mbm_local', 'ept', 'bus_lock_detect', 'pdpe1gb', 'xsave', 'nopl', 'msr', 'wbnoinvd', 'smap', 'bmi1', 'rdseed', 'ibpb', 'rdrand', 'amx_int8', 'invpcid', 'f16c', 'acpi', 'bts', 'cx8', 'pts', 'xgetbv1', 'fxsr', 'md_clear', 'avx512dq', 'avx512_vnni', 'hwp_act_window', 'enqcmd', 'nx', 'sse4_2', 'avx2', 'mca', 'cldemote', 'vpclmulqdq', 'syscall', 'la57', 'avx512_bf16', 'avx512_vbmi2', 'sep', 'rep_good', '3dnowprefetch', 'arat', 'tsc_known_freq', 'fpu', 'pdcm', 'pcid'}, vulnerabilities={'spec store bypass': 'Mitigation; Speculative Store Bypass disabled via prctl', 'spectre v1': 'Mitigation; usercopy/swapgs barriers and __user pointer sanitization', 'spectre v2': 'Mitigation; Enhanced / Automatic IBRS; IBPB conditional; RSB filling; PBRSB-eIBRS SW sequence; BHI BHI_DIS_S'}), host_memory=HostMemory(capacity=Memory(quantity=197.333724, byte_suffix=<ByteSuffix.GB: (1000, 3)>, _num_bytes=197333724000)), accelerators={<class 'nvmitten.nvidia.accelerator.GPU'>: [GPU(name='NVIDIA GeForce RTX 4090', pci_id='0x268410DE', compute_sm=ComputeSM(major=8, minor=9), vram=Memory(quantity=23.64288330078125, byte_suffix=<ByteSuffix.GiB: (1024, 3)>, _num_bytes=25386352640), max_power_limit=450.0, is_integrated=False, gpu_index=0), GPU(name='NVIDIA GeForce RTX 4090', pci_id='0x268410DE', compute_sm=ComputeSM(major=8, minor=9), vram=Memory(quantity=23.64019775390625, byte_suffix=<ByteSuffix.GiB: (1024, 3)>, _num_bytes=25383469056), max_power_limit=500.0, is_integrated=False, gpu_index=1)], <class 'nvmitten.nvidia.accelerator.DLA'>: []}, extras={'id': 'Nvidia_2c86eb58c6bc', 'tags': {'custom', 'is_ampere', 'multi_gpu', 'gpu_based', 'is_ada'}, 'name': 'Nvidia_2c86eb58c6bc', 'primary_compute_sm': ComputeSM(major=8, minor=9)})
tensor_path : build/preprocessed_data/imagenet/ResNet50/int8_linear
test_mode : AccuracyOnly
use_deque_limit : True
use_graphs : True
user_conf_path : /home/ubuntu/MLC/repos/gateoverflow@mlperf-automations/script/generate-mlperf-inference-user-conf/tmp/ae00e0729744430b8808c9b2b55bfff0.conf
system_id : Nvidia_2c86eb58c6bc
config_name : Nvidia_2c86eb58c6bc_resnet50_SingleStream
workload_setting : WorkloadSetting(HarnessType.LWIS, AccuracyTarget.k_99, PowerSetting.MaxP)
optimization_level : plugin-enabled
num_profiles : 1
config_ver : lwis_k_99_MaxP
accuracy_level : 99%
inference_server : lwis
skip_file_checks : False
power_limit : None
cpu_freq : None
gpu_engine_batch_size : 1
&&&& RUNNING Default_Harness # ./build/bin/harness_default
[I] mlperf.conf path: /home/ubuntu/MLC/repos/local/cache/get-git-repo_inference-src_08c59f8e/inference/mlperf.conf
[I] user.conf path: /home/ubuntu/MLC/repos/gateoverflow@mlperf-automations/script/generate-mlperf-inference-user-conf/tmp/ae00e0729744430b8808c9b2b55bfff0.conf
Creating QSL.
Finished Creating QSL.
Setting up SUT.
[I] [TRT] Loaded engine size: 27 MiB
[I] Device:0.GPU: [0] ./build/engines/Nvidia_2c86eb58c6bc/resnet50/SingleStream/resnet50-SingleStream-gpu-resnet50-b1-int8.lwis_k_99_MaxP.plan has been successfully loaded.
[I] [TRT] Loaded engine size: 27 MiB
[W] [TRT] Using an engine plan file across different models of devices is not recommended and is likely to affect performance or even cause errors.
[I] Device:1.GPU: [0] ./build/engines/Nvidia_2c86eb58c6bc/resnet50/SingleStream/resnet50-SingleStream-gpu-resnet50-b1-int8.lwis_k_99_MaxP.plan has been successfully loaded.
[I] [TRT] [MemUsageChange] TensorRT-managed allocation in IExecutionContext creation: CPU +0, GPU +8, now: CPU 0, GPU 57 (MiB)
[I] [TRT] [MemUsageChange] TensorRT-managed allocation in IExecutionContext creation: CPU +0, GPU +9, now: CPU 0, GPU 66 (MiB)
[I] Start creating CUDA graphs
[I] Capture 1 CUDA graphs
[I] Capture 1 CUDA graphs
[I] Finish creating CUDA graphs
[I] Creating batcher thread: 0 EnableBatcherThreadPerDevice: false
Finished setting up SUT.
Starting warmup. Running for a minimum of 5 seconds.
Finished warmup. Ran for 5.01455s.
Starting running actual test.

No warnings encountered during test.

No errors encountered during test.
Finished running actual test.
Device Device:0.GPU processed:
  25000 batches of size 1
  Memcpy Calls: 0
  PerSampleCudaMemcpy Calls: 0
  BatchedCudaMemcpy Calls: 25000
Device Device:1.GPU processed:
  25000 batches of size 1
  Memcpy Calls: 0
  PerSampleCudaMemcpy Calls: 0
  BatchedCudaMemcpy Calls: 25000
&&&& PASSED Default_Harness # ./build/bin/harness_default
[2025-07-14 11:02:39,390 run_harness.py:170 INFO] Result: Accuracy run detected.
[2025-07-14 11:02:39,390 __init__.py:46 INFO] Running command: PYTHONPATH=/home/ubuntu/MLC/repos/local/cache/get-git-repo_mlperf-inferenc_2b08c1b6/repo/closed/NVIDIA:/home/ubuntu/MLC/repos/local/cache/get-git-repo_inference-src_08c59f8e/inference/vision/classification_and_detection/python:/home/ubuntu/MLC/repos/local/cache/get-git-repo_inference-src_08c59f8e/inference/tools/submission:/home/ubuntu/MLC/repos/gateoverflow@mlperf-automations/script/get-mlperf-inference-utils:/usr/lib/python312.zip:/usr/lib/python3.12:/usr/lib/python3.12/lib-dynload:/home/ubuntu/.local/lib/python3.12/site-packages:/usr/local/lib/python3.12/dist-packages:/usr/local/lib/python3.12/dist-packages/nvfuser-0.2.23a0+6627725-py3.12-linux-x86_64.egg:/usr/local/lib/python3.12/dist-packages/lightning_thunder-0.2.0.dev0-py3.12.egg:/usr/local/lib/python3.12/dist-packages/dill-0.3.9-py3.12.egg:/usr/local/lib/python3.12/dist-packages/opt_einsum-3.4.0-py3.12.egg:/usr/local/lib/python3.12/dist-packages/lightning_utilities-0.12.0.dev0-py3.12.egg:/usr/local/lib/python3.12/dist-packages/looseversion-1.3.0-py3.12.egg:/usr/lib/python3/dist-packages python3 -S /home/ubuntu/MLC/repos/local/cache/get-git-repo_mlperf-inferenc_2b08c1b6/repo/closed/NVIDIA/build/inference/vision/classification_and_detection/tools/accuracy-imagenet.py --mlperf-accuracy-file /home/ubuntu/MLC/repos/local/cache/get-mlperf-inference-results-dir_94a235cb/valid_results/2c86eb58c6bc-nvidia_original-gpu-tensorrt-vdefault-default_config/resnet50/singlestream/accuracy/mlperf_log_accuracy.json --imagenet-val-file data_maps/imagenet/val_map.txt --dtype int32
accuracy=76.064%, good=38032, total=50000
 
======================== Result summaries: ========================

