[2025-07-14 10:51:38,562 main.py:237 INFO] Detected system ID: Nvidia_2c86eb58c6bc
[2025-07-14 10:51:38,576 generate_conf_files.py:107 INFO] Generated measurements/ entries for Nvidia_2c86eb58c6bc_TRT/resnet50/SingleStream
[2025-07-14 10:51:38,577 harness.py:357 INFO] Using harness launch command...
[2025-07-14 10:51:38,577 __init__.py:46 INFO] Running command: ./build/bin/harness_default --logfile_outdir="/home/ubuntu/MLC/repos/local/cache/get-mlperf-inference-results-dir_94a235cb/valid_results/2c86eb58c6bc-nvidia_original-gpu-tensorrt-vdefault-default_config/resnet50/singlestream/performance/run_1" --logfile_prefix="mlperf_log_" --performance_sample_count=2048 --test_mode="PerformanceOnly" --gpu_copy_streams=1 --gpu_inference_streams=1 --use_deque_limit=true --gpu_batch_size=1 --map_path="data_maps/imagenet/val_map.txt" --mlperf_conf_path="/home/ubuntu/MLC/repos/local/cache/get-git-repo_inference-src_08c59f8e/inference/mlperf.conf" --tensor_path="build/preprocessed_data/imagenet/ResNet50/int8_linear" --use_graphs=true --user_conf_path="/home/ubuntu/MLC/repos/gateoverflow@mlperf-automations/script/generate-mlperf-inference-user-conf/tmp/00b0e25eb4b04b90bf09a87ac31470b6.conf" --gpu_engine_batch_size="1" --gpu_engines="./build/engines/Nvidia_2c86eb58c6bc/resnet50/SingleStream/resnet50-SingleStream-gpu-resnet50-b1-int8.lwis_k_99_MaxP.plan" --max_dlas=0 --scenario="SingleStream" --model="resnet50" --scenario SingleStream --model resnet50
[2025-07-14 10:51:38,577 __init__.py:53 INFO] Overriding Environment
benchmark : Benchmark.ResNet50
buffer_manager_thread_count : 0
data_dir : /home/ubuntu/MLC/repos/local/cache/get-mlperf-inference-nvidia-scratch-space_b4d38010/data
disable_beta1_smallk : True
gpu_batch_size : 1
gpu_copy_streams : 1
gpu_inference_streams : 1
input_dtype : int8
input_format : linear
log_dir : /home/ubuntu/MLC/repos/local/cache/get-git-repo_mlperf-inferenc_2b08c1b6/repo/closed/NVIDIA/build/logs/2025.07.14-10.51.35
map_path : data_maps/imagenet/val_map.txt
mlperf_conf_path : /home/ubuntu/MLC/repos/local/cache/get-git-repo_inference-src_08c59f8e/inference/mlperf.conf
precision : int8
preprocessed_data_dir : /home/ubuntu/MLC/repos/local/cache/get-mlperf-inference-nvidia-scratch-space_b4d38010/preprocessed_data
scenario : Scenario.SingleStream
single_stream_expected_latency_ns : 0
system : System(cpu=CPU(name='Intel(R) Xeon(R) w7-2495X', architecture=<CPUArchitecture.x86_64: AliasedName(name='x86_64', aliases=(), patterns=())>, vendor='GenuineIntel', cores_per_group=24, threads_per_core=2, n_groups=1, group_type=<GroupType.Socket: 'socket'>, numa_nodes=[[Interval(start=0, end=47)]], flags={'avx', 'syscall', 'tm', 'tsc', 'pdcm', 'amx_bf16', 'f16c', 'mtrr', 'mca', 'cqm_llc', 'umip', 'art', 'sse4_1', 'tsc_known_freq', 'pge', 'vpid', 'hwp_act_window', 'clwb', 'user_shstk', 'rdtscp', 'ospke', 'cqm_occup_llc', 'tsxldtrk', 'ibrs', 'avx512vl', 'pebs', 'avx512cd', 'ssse3', 'xsaveopt', 'pat', 'nopl', 'ibrs_enhanced', 'avx512_vnni', 'pclmulqdq', 'ht', 'fxsr', 'dts', 'aperfmperf', 'cpuid', 'cpuid_fault', 'avx512_vbmi2', 'lahf_lm', 'cldemote', 'cdp_l2', 'mba', 'ibpb', 'sdbg', 'cqm_mbm_local', 'ida', 'sse2', 'ept_ad', 'est', 'pts', 'bts', 'movdir64b', 'intel_pt', 'vaes', 'monitor', 'mmx', 'rep_good', 'mce', 'arch_capabilities', 'intel_ppin', 'nx', 'clflushopt', 'avx512_fp16', 'rdseed', 'arch_lbr', 'wbnoinvd', 'vnmi', 'sha_ni', 'pku', 'vmx', 'tsc_deadline_timer', 'avx512_bf16', 'md_clear', 'nonstop_tsc', 'ibt', 'amx_tile', 'pbe', 'abm', 'cqm', 'fpu', 'dtherm', 'ssbd', 'xtopology', 'cqm_mbm_total', 'hwp_pkg_req', 'clflush', 'pse36', 'aes', 'movdiri', 'popcnt', 'hwp', 'amx_int8', 'ept', 'constant_tsc', 'xgetbv1', 'ds_cpl', 'pconfig', 'movbe', 'cmov', 'pcid', 'smap', 'avx512ifma', 'tpr_shadow', 'stibp', 'avx512f', 'rdt_a', 'avx2', 'erms', 'dtes64', 'adx', 'hwp_epp', 'vme', '3dnowprefetch', 'tm2', 'arat', 'cdp_l3', 'serialize', 'epb', 'bmi1', 'rdpid', 'pae', 'waitpkg', 'split_lock_detect', 'cat_l3', 'gfni', 'ss', 'flexpriority', 'pln', 'avx512bw', 'cx8', 'pdpe1gb', 'cat_l2', 'sse4_2', 'dca', 'fsgsbase', 'xsaves', 'pni', 'avx512vbmi', 'fsrm', 'fma', 'lm', 'apic', 'avx512dq', 'sep', 'bmi2', 'invpcid', 'xtpr', 'smep', 'acpi', 'la57', 'cx16', 'avx_vnni', 'x2apic', 'smx', 'msr', 'pse', 'sse', 'xsavec', 'de', 'xsave', 'tsc_adjust', 'avx512_bitalg', 'bus_lock_detect', 'enqcmd', 'arch_perfmon', 'flush_l1d', 'avx512_vpopcntdq', 'vpclmulqdq', 'rdrand'}, vulnerabilities={'spec store bypass': 'Mitigation; Speculative Store Bypass disabled via prctl', 'spectre v1': 'Mitigation; usercopy/swapgs barriers and __user pointer sanitization', 'spectre v2': 'Mitigation; Enhanced / Automatic IBRS; IBPB conditional; RSB filling; PBRSB-eIBRS SW sequence; BHI BHI_DIS_S'}), host_memory=HostMemory(capacity=Memory(quantity=197.333724, byte_suffix=<ByteSuffix.GB: (1000, 3)>, _num_bytes=197333724000)), accelerators={<class 'nvmitten.nvidia.accelerator.GPU'>: [GPU(name='NVIDIA GeForce RTX 4090', pci_id='0x268410DE', compute_sm=ComputeSM(major=8, minor=9), vram=Memory(quantity=23.64288330078125, byte_suffix=<ByteSuffix.GiB: (1024, 3)>, _num_bytes=25386352640), max_power_limit=450.0, is_integrated=False, gpu_index=0), GPU(name='NVIDIA GeForce RTX 4090', pci_id='0x268410DE', compute_sm=ComputeSM(major=8, minor=9), vram=Memory(quantity=23.64019775390625, byte_suffix=<ByteSuffix.GiB: (1024, 3)>, _num_bytes=25383469056), max_power_limit=500.0, is_integrated=False, gpu_index=1)], <class 'nvmitten.nvidia.accelerator.DLA'>: []}, extras={'id': 'Nvidia_2c86eb58c6bc', 'tags': {'is_ampere', 'gpu_based', 'custom', 'multi_gpu', 'is_ada'}, 'name': 'Nvidia_2c86eb58c6bc', 'primary_compute_sm': ComputeSM(major=8, minor=9)})
tensor_path : build/preprocessed_data/imagenet/ResNet50/int8_linear
test_mode : PerformanceOnly
use_deque_limit : True
use_graphs : True
user_conf_path : /home/ubuntu/MLC/repos/gateoverflow@mlperf-automations/script/generate-mlperf-inference-user-conf/tmp/00b0e25eb4b04b90bf09a87ac31470b6.conf
system_id : Nvidia_2c86eb58c6bc
config_name : Nvidia_2c86eb58c6bc_resnet50_SingleStream
workload_setting : WorkloadSetting(HarnessType.LWIS, AccuracyTarget.k_99, PowerSetting.MaxP)
optimization_level : plugin-enabled
num_profiles : 1
config_ver : lwis_k_99_MaxP
accuracy_level : 99%
inference_server : lwis
skip_file_checks : False
power_limit : None
cpu_freq : None
gpu_engine_batch_size : 1
&&&& RUNNING Default_Harness # ./build/bin/harness_default
[I] mlperf.conf path: /home/ubuntu/MLC/repos/local/cache/get-git-repo_inference-src_08c59f8e/inference/mlperf.conf
[I] user.conf path: /home/ubuntu/MLC/repos/gateoverflow@mlperf-automations/script/generate-mlperf-inference-user-conf/tmp/00b0e25eb4b04b90bf09a87ac31470b6.conf
Creating QSL.
Finished Creating QSL.
Setting up SUT.
[I] [TRT] Loaded engine size: 27 MiB
[I] Device:0.GPU: [0] ./build/engines/Nvidia_2c86eb58c6bc/resnet50/SingleStream/resnet50-SingleStream-gpu-resnet50-b1-int8.lwis_k_99_MaxP.plan has been successfully loaded.
[I] [TRT] Loaded engine size: 27 MiB
[W] [TRT] Using an engine plan file across different models of devices is not recommended and is likely to affect performance or even cause errors.
[I] Device:1.GPU: [0] ./build/engines/Nvidia_2c86eb58c6bc/resnet50/SingleStream/resnet50-SingleStream-gpu-resnet50-b1-int8.lwis_k_99_MaxP.plan has been successfully loaded.
[I] [TRT] [MemUsageChange] TensorRT-managed allocation in IExecutionContext creation: CPU +0, GPU +8, now: CPU 0, GPU 57 (MiB)
[I] [TRT] [MemUsageChange] TensorRT-managed allocation in IExecutionContext creation: CPU +0, GPU +9, now: CPU 0, GPU 66 (MiB)
[I] Start creating CUDA graphs
[I] Capture 1 CUDA graphs
[I] Capture 1 CUDA graphs
[I] Finish creating CUDA graphs
[I] Creating batcher thread: 0 EnableBatcherThreadPerDevice: false
Finished setting up SUT.
Starting warmup. Running for a minimum of 5 seconds.
Finished warmup. Ran for 5.01481s.
Starting running actual test.
================================================
MLPerf Results Summary
================================================
SUT name : LWIS_Server
Scenario : SingleStream
Mode     : PerformanceOnly
90.0th percentile latency (ns) : 304963
Result is : VALID
  Min duration satisfied : Yes
  Min queries satisfied : Yes
  Early stopping satisfied: Yes
Early Stopping Result:
 * Processed at least 64 queries (1963571).
 * Would discard 195378 highest latency queries.
 * Early stopping 90.0th percentile estimate: 305005
 * Early stopping 99.0th percentile estimate: 322177

================================================
Additional Stats
================================================
QPS w/ loadgen overhead         : 3272.62
QPS w/o loadgen overhead        : 3384.01

Min latency (ns)                : 267771
Max latency (ns)                : 905498
Mean latency (ns)               : 295507
50.00 percentile latency (ns)   : 294949
90.00 percentile latency (ns)   : 304963
95.00 percentile latency (ns)   : 311521
97.00 percentile latency (ns)   : 316481
99.00 percentile latency (ns)   : 322109
99.90 percentile latency (ns)   : 424570

================================================
Test Parameters Used
================================================
samples_per_query : 1
target_qps : 25000
target_latency (ns): 0
max_async_queries : 1
min_duration (ms): 600000
max_duration (ms): 660000
min_query_count : 100
max_query_count : 0
qsl_rng_seed : 1780908523862526354
sample_index_rng_seed : 14771362308971278857
schedule_rng_seed : 18209322760996052031
accuracy_log_rng_seed : 0
accuracy_log_probability : 0
accuracy_log_sampling_target : 0
print_timestamps : 0
performance_issue_unique : 0
performance_issue_same : 0
performance_issue_same_index : 0
performance_sample_count : 1024

No warnings encountered during test.

No errors encountered during test.
Finished running actual test.
Device Device:0.GPU processed:
  981786 batches of size 1
  Memcpy Calls: 0
  PerSampleCudaMemcpy Calls: 0
  BatchedCudaMemcpy Calls: 981786
Device Device:1.GPU processed:
  981785 batches of size 1
  Memcpy Calls: 0
  PerSampleCudaMemcpy Calls: 0
  BatchedCudaMemcpy Calls: 981785
&&&& PASSED Default_Harness # ./build/bin/harness_default
[2025-07-14 11:02:00,078 run_harness.py:170 INFO] Result: result_90.00_percentile_latency_ns: 304963, Result is VALID, 10-min runtime requirement met: True
 
======================== Result summaries: ========================

