Graph file: /home/arjun/MLC/repos/local/cache/get-ml-model-mobilenet_8b0d5d5c/mobilenet_v1_0.5_160.tflite
Image dir: /home/arjun/MLC/repos/local/cache/get-preprocessed-dataset-imagenet_07b81780
Image list: /home/arjun/MLC/repos/local/cache/get-preprocessed-dataset-imagenet_07b81780/preprocessed_files.txt
Image size: 160
Image channels: 3
Prediction classes: 1000
Result dir: /home/arjun/MLC/repos/local/cache/get-mlperf-inference-results-dir_d5af2b93/valid_results/intel_spr_i9-tflite_cpp-cpu-tflite-vmaster-with_live_preprocessing/mobilenet-v1-precision_float-0.5-160/singlestream/performance/run_1
How many images fit in memory buffer: 1024
Normalize: 1
Subtract mean: 0
Run time preprocessing: 1
Number of Threads: 32
Number of available imagefiles: 50000

Loading graph...
INFO: Created TensorFlow Lite XNNPACK delegate for CPU.
Input tensor dimensions (NHWC): 1*160*160*3
Output tensor dimensions: 1*1001
Path to user.conf : /home/arjun/MLC/repos/gateoverflow@mlperf-automations/script/generate-mlperf-inference-user-conf/tmp/9d7b42bf0be24673b39c22610bd7bf00.conf
Model Name: mobilenet
LoadGen Scenario: SingleStream
LoadGen Mode: performance
