client 2025-07-28 22:03:49,701 [INFO] Sending command to the server: 'mlcommons/power client v3'
client 2025-07-28 22:03:49,701 [INFO] Got response: 'mlcommons/power server v3'
client 2025-07-28 22:03:49,702 [INFO] Sending command to the server: 'stop'
client 2025-07-28 22:03:49,702 [INFO] Got response: 'OK'
client 2025-07-28 22:03:49,702 [INFO] Synchronizing with the server and with ntp.ubuntu.com...
client 2025-07-28 22:03:49,733 [INFO] NTP:offset = 0.001 s, delay = 0.028 s 
client 2025-07-28 22:03:49,733 [INFO] Sending command to the server: 'time'
client 2025-07-28 22:03:49,733 [INFO] Got response: '1753740229.7338018'
client 2025-07-28 22:03:49,733 [INFO] The time difference between the client and the server is within range -0.067 ms..0.063 ms
client 2025-07-28 22:03:49,733 [INFO] Sending command to the server: 'new,,389b0f2f-26a5-4b23-8ed1-5710ebfb2de3'
client 2025-07-28 22:03:49,734 [INFO] Got response: 'OK 2025-07-28_22-03-49,caca782b-e1fc-4e64-b9d9-c104ddee19ca'
client 2025-07-28 22:03:49,734 [INFO] Session id is '2025-07-28_22-03-49'
client 2025-07-28 22:03:49,734 [INFO] Sources: {"sources": {"__init__.py": "da39a3ee5e6b4b0d3255bfef95601890afd80709", "client.py": "33ca4f26368777ac06e01f9567b714a4b8063886", "lib/__init__.py": "da39a3ee5e6b4b0d3255bfef95601890afd80709", "lib/client.py": "ac2aa093c8e8bbc9569b9e2a3471bc64e58a2258", "lib/common.py": "611d8b29633d331eb19c9455ea3b5fa3284ed6df", "lib/external/__init__.py": "da39a3ee5e6b4b0d3255bfef95601890afd80709", "lib/external/ntplib.py": "4da8f970656505a40483206ef2b5d3dd5e81711d", "lib/server.py": "99303c836c683aa9017ec565104e636161d02acb", "lib/source_hashes.py": "60a2e02193209e8d392803326208d5466342da18", "lib/summary.py": "aa92f0a3f975eecd44d3c0cd0236342ccc9f941d", "lib/time_sync.py": "80894ef2389e540781ff78de94db16aa4203a14e", "server.py": "c3f90f2f7eeb4db30727556d0c815ebc89b3d28b", "tests/unit/__init__.py": "da39a3ee5e6b4b0d3255bfef95601890afd80709", "tests/unit/test_server.py": "948c1995d4008bc2aa6c4046a34ffa3858d6d671", "tests/unit/test_source_hashes.py": "00468a2907583c593e6574a1f6b404e4651c221a"}, "modules": {"ptd_client_server.lib.client": "lib/client.py", "ptd_client_server.lib.common": "lib/common.py", "ptd_client_server.lib.external.ntplib": "lib/external/ntplib.py", "ptd_client_server.lib.source_hashes": "lib/source_hashes.py", "ptd_client_server.lib.summary": "lib/summary.py", "ptd_client_server.lib.time_sync": "lib/time_sync.py"}}
client 2025-07-28 22:03:49,734 [INFO] Running workload in ranging mode
client 2025-07-28 22:03:49,734 [INFO] Synchronizing with the server and with ntp.ubuntu.com...
client 2025-07-28 22:03:49,827 [INFO] NTP:offset = -0.000 s, delay = 0.090 s 
client 2025-07-28 22:03:49,827 [INFO] Sending command to the server: 'time'
client 2025-07-28 22:03:49,827 [INFO] Got response: '1753740229.8272867'
client 2025-07-28 22:03:49,827 [INFO] The time difference between the client and the server is within range -0.077 ms..0.062 ms
client 2025-07-28 22:03:49,827 [INFO] Sending command to the server: 'session,2025-07-28_22-03-49,start,ranging'
client 2025-07-28 22:04:15,115 [INFO] Got response: 'OK'
client 2025-07-28 22:04:15,115 [INFO] Sending command to the server: 'time'
client 2025-07-28 22:04:15,115 [INFO] Got response: '1753740255.1157067'
client 2025-07-28 22:04:15,115 [INFO] The time difference between the client and the server is within range -0.079 ms..0.058 ms
client 2025-07-28 22:04:15,115 [INFO] Running the workload 'LOG_DIR=/work/build/power_logs_temp python3 -m code.main --benchmarks=stable-diffusion-xl --scenarios=Offline --action="run_harness" \\\n\t\t2>&1 | tee -a /work/build/power_logs/2025.07.28-22.02.49/stdout.txt \\\n\t\t&& if [ ! -d /work/build/power_logs/2025.07.28-22.02.49/ranging_tmp ]; \\\n\t\t\tthen mkdir /work/build/power_logs/2025.07.28-22.02.49/ranging_tmp \\\n\t\t\t\t&& mv /work/build/power_logs_temp/* /work/build/power_logs/2025.07.28-22.02.49/ranging_tmp/ \\\n\t\t\t\t&& cp -v /work/build/power_logs/2025.07.28-22.02.49/ranging_tmp/*/*/*/mlperf_log_detail.txt /work/build/power_logs_temp/ \\\n\t\t\t\t&& cp -v /work/build/power_logs/2025.07.28-22.02.49/ranging_tmp/*/*/*/mlperf_log_summary.txt /work/build/power_logs_temp/; \\\n\t\t\telse mkdir /work/build/power_logs/2025.07.28-22.02.49/testing_tmp \\\n\t\t\t\t&& mv /work/build/power_logs_temp/* /work/build/power_logs/2025.07.28-22.02.49/testing_tmp/ \\\n\t\t\t\t&& cp -v /work/build/power_logs/2025.07.28-22.02.49/testing_tmp/*/*/*/mlperf_log_detail.txt /work/build/power_logs_temp/ \\\n\t\t\t\t&& cp -v /work/build/power_logs/2025.07.28-22.02.49/testing_tmp/*/*/*/mlperf_log_summary.txt /work/build/power_logs_temp/; fi'
client 2025-07-28 22:17:52,391 [INFO] Sending command to the server: 'time'
client 2025-07-28 22:17:52,392 [INFO] Got response: '1753741072.3921204'
client 2025-07-28 22:17:52,392 [INFO] The time difference between the client and the server is within range -0.320 ms..0.104 ms
client 2025-07-28 22:17:52,392 [INFO] Sending command to the server: 'session,2025-07-28_22-03-49,stop,ranging'
client 2025-07-28 22:18:03,169 [INFO] Got response: 'OK'
client 2025-07-28 22:18:03,169 [INFO] Sending command to the server: 'time'
client 2025-07-28 22:18:03,169 [INFO] Got response: '1753741083.1696253'
client 2025-07-28 22:18:03,169 [INFO] The time difference between the client and the server is within range -0.068 ms..0.052 ms
client 2025-07-28 22:18:03,172 [INFO] Copying loadgen logs from '/work/build/power_logs_temp' to '/work/build/power_logs/2025.07.28-22.02.49/2025-07-28_22-03-49/ranging'
client 2025-07-28 22:18:03,172 [INFO] Running workload in testing mode
client 2025-07-28 22:18:03,172 [INFO] Synchronizing with the server and with ntp.ubuntu.com...
client 2025-07-28 22:18:03,208 [INFO] NTP:offset = 0.000 s, delay = 0.027 s 
client 2025-07-28 22:18:03,208 [INFO] Sending command to the server: 'time'
client 2025-07-28 22:18:03,208 [INFO] Got response: '1753741083.2081816'
client 2025-07-28 22:18:03,208 [INFO] The time difference between the client and the server is within range -0.071 ms..0.061 ms
client 2025-07-28 22:18:03,208 [INFO] Sending command to the server: 'session,2025-07-28_22-03-49,start,testing'
client 2025-07-28 22:18:15,046 [INFO] Got response: 'OK'
client 2025-07-28 22:18:15,046 [INFO] Sending command to the server: 'time'
client 2025-07-28 22:18:15,046 [INFO] Got response: '1753741095.0468457'
client 2025-07-28 22:18:15,046 [INFO] The time difference between the client and the server is within range -0.065 ms..0.072 ms
client 2025-07-28 22:18:15,046 [INFO] Running the workload 'LOG_DIR=/work/build/power_logs_temp python3 -m code.main --benchmarks=stable-diffusion-xl --scenarios=Offline --action="run_harness" \\\n\t\t2>&1 | tee -a /work/build/power_logs/2025.07.28-22.02.49/stdout.txt \\\n\t\t&& if [ ! -d /work/build/power_logs/2025.07.28-22.02.49/ranging_tmp ]; \\\n\t\t\tthen mkdir /work/build/power_logs/2025.07.28-22.02.49/ranging_tmp \\\n\t\t\t\t&& mv /work/build/power_logs_temp/* /work/build/power_logs/2025.07.28-22.02.49/ranging_tmp/ \\\n\t\t\t\t&& cp -v /work/build/power_logs/2025.07.28-22.02.49/ranging_tmp/*/*/*/mlperf_log_detail.txt /work/build/power_logs_temp/ \\\n\t\t\t\t&& cp -v /work/build/power_logs/2025.07.28-22.02.49/ranging_tmp/*/*/*/mlperf_log_summary.txt /work/build/power_logs_temp/; \\\n\t\t\telse mkdir /work/build/power_logs/2025.07.28-22.02.49/testing_tmp \\\n\t\t\t\t&& mv /work/build/power_logs_temp/* /work/build/power_logs/2025.07.28-22.02.49/testing_tmp/ \\\n\t\t\t\t&& cp -v /work/build/power_logs/2025.07.28-22.02.49/testing_tmp/*/*/*/mlperf_log_detail.txt /work/build/power_logs_temp/ \\\n\t\t\t\t&& cp -v /work/build/power_logs/2025.07.28-22.02.49/testing_tmp/*/*/*/mlperf_log_summary.txt /work/build/power_logs_temp/; fi'
client 2025-07-28 22:31:52,252 [INFO] Sending command to the server: 'time'
client 2025-07-28 22:31:52,252 [INFO] Got response: '1753741912.2523437'
client 2025-07-28 22:31:52,252 [INFO] The time difference between the client and the server is within range -0.354 ms..0.119 ms
client 2025-07-28 22:31:52,252 [INFO] Sending command to the server: 'session,2025-07-28_22-03-49,stop,testing'
client 2025-07-28 22:32:03,099 [INFO] Got response: 'OK'
client 2025-07-28 22:32:03,099 [INFO] Sending command to the server: 'time'
client 2025-07-28 22:32:03,099 [INFO] Got response: '1753741923.09938'
client 2025-07-28 22:32:03,099 [INFO] The time difference between the client and the server is within range -0.067 ms..0.055 ms
client 2025-07-28 22:32:03,099 [INFO] Copying loadgen logs from '/work/build/power_logs_temp' to '/work/build/power_logs/2025.07.28-22.02.49/2025-07-28_22-03-49/run_1'
client 2025-07-28 22:32:03,100 [INFO] Done runs
