client 2025-08-01 14:23:16,709 [INFO] Sending command to the server: 'mlcommons/power client v3'
client 2025-08-01 14:23:16,709 [INFO] Got response: 'mlcommons/power server v3'
client 2025-08-01 14:23:16,709 [INFO] Sending command to the server: 'stop'
client 2025-08-01 14:23:16,709 [INFO] Got response: 'OK'
client 2025-08-01 14:23:16,709 [INFO] Synchronizing with the server and with ntp.ubuntu.com...
client 2025-08-01 14:23:16,804 [INFO] NTP:offset = -0.000 s, delay = 0.090 s 
client 2025-08-01 14:23:16,804 [INFO] Sending command to the server: 'time'
client 2025-08-01 14:23:16,804 [INFO] Got response: '1754058196.8041222'
client 2025-08-01 14:23:16,804 [INFO] The time difference between the client and the server is within range -0.070 ms..0.077 ms
client 2025-08-01 14:23:16,804 [INFO] Sending command to the server: 'new,,b349f60f-290c-4919-a76b-1d21a262658f'
client 2025-08-01 14:23:16,804 [INFO] Got response: 'OK 2025-08-01_14-23-16,5df0a3a4-aea5-45e2-936e-bcc899f3ae3e'
client 2025-08-01 14:23:16,804 [INFO] Session id is '2025-08-01_14-23-16'
client 2025-08-01 14:23:16,804 [INFO] Sources: {"sources": {"__init__.py": "da39a3ee5e6b4b0d3255bfef95601890afd80709", "client.py": "33ca4f26368777ac06e01f9567b714a4b8063886", "lib/__init__.py": "da39a3ee5e6b4b0d3255bfef95601890afd80709", "lib/client.py": "ac2aa093c8e8bbc9569b9e2a3471bc64e58a2258", "lib/common.py": "611d8b29633d331eb19c9455ea3b5fa3284ed6df", "lib/external/__init__.py": "da39a3ee5e6b4b0d3255bfef95601890afd80709", "lib/external/ntplib.py": "4da8f970656505a40483206ef2b5d3dd5e81711d", "lib/server.py": "99303c836c683aa9017ec565104e636161d02acb", "lib/source_hashes.py": "60a2e02193209e8d392803326208d5466342da18", "lib/summary.py": "aa92f0a3f975eecd44d3c0cd0236342ccc9f941d", "lib/time_sync.py": "80894ef2389e540781ff78de94db16aa4203a14e", "server.py": "c3f90f2f7eeb4db30727556d0c815ebc89b3d28b", "tests/unit/__init__.py": "da39a3ee5e6b4b0d3255bfef95601890afd80709", "tests/unit/test_server.py": "948c1995d4008bc2aa6c4046a34ffa3858d6d671", "tests/unit/test_source_hashes.py": "00468a2907583c593e6574a1f6b404e4651c221a"}, "modules": {"ptd_client_server.lib.client": "lib/client.py", "ptd_client_server.lib.common": "lib/common.py", "ptd_client_server.lib.external.ntplib": "lib/external/ntplib.py", "ptd_client_server.lib.source_hashes": "lib/source_hashes.py", "ptd_client_server.lib.summary": "lib/summary.py", "ptd_client_server.lib.time_sync": "lib/time_sync.py"}}
client 2025-08-01 14:23:16,804 [INFO] Running workload in ranging mode
client 2025-08-01 14:23:16,804 [INFO] Synchronizing with the server and with ntp.ubuntu.com...
client 2025-08-01 14:23:16,897 [INFO] NTP:offset = -0.000 s, delay = 0.090 s 
client 2025-08-01 14:23:16,897 [INFO] Sending command to the server: 'time'
client 2025-08-01 14:23:16,897 [INFO] Got response: '1754058196.8979418'
client 2025-08-01 14:23:16,898 [INFO] The time difference between the client and the server is within range -0.071 ms..0.057 ms
client 2025-08-01 14:23:16,898 [INFO] Sending command to the server: 'session,2025-08-01_14-23-16,start,ranging'
client 2025-08-01 14:23:42,185 [INFO] Got response: 'OK'
client 2025-08-01 14:23:42,185 [INFO] Sending command to the server: 'time'
client 2025-08-01 14:23:42,185 [INFO] Got response: '1754058222.1858952'
client 2025-08-01 14:23:42,185 [INFO] The time difference between the client and the server is within range -0.072 ms..0.054 ms
client 2025-08-01 14:23:42,185 [INFO] Running the workload 'LOG_DIR=/work/build/power_logs_temp python3 -m code.main --benchmarks=rgat --scenarios=Offline --action="run_harness" \\\n\t\t2>&1 | tee -a /work/build/power_logs/2025.08.01-14.22.16/stdout.txt \\\n\t\t&& if [ ! -d /work/build/power_logs/2025.08.01-14.22.16/ranging_tmp ]; \\\n\t\t\tthen mkdir /work/build/power_logs/2025.08.01-14.22.16/ranging_tmp \\\n\t\t\t\t&& mv /work/build/power_logs_temp/* /work/build/power_logs/2025.08.01-14.22.16/ranging_tmp/ \\\n\t\t\t\t&& cp -v /work/build/power_logs/2025.08.01-14.22.16/ranging_tmp/*/*/*/mlperf_log_detail.txt /work/build/power_logs_temp/ \\\n\t\t\t\t&& cp -v /work/build/power_logs/2025.08.01-14.22.16/ranging_tmp/*/*/*/mlperf_log_summary.txt /work/build/power_logs_temp/; \\\n\t\t\telse mkdir /work/build/power_logs/2025.08.01-14.22.16/testing_tmp \\\n\t\t\t\t&& mv /work/build/power_logs_temp/* /work/build/power_logs/2025.08.01-14.22.16/testing_tmp/ \\\n\t\t\t\t&& cp -v /work/build/power_logs/2025.08.01-14.22.16/testing_tmp/*/*/*/mlperf_log_detail.txt /work/build/power_logs_temp/ \\\n\t\t\t\t&& cp -v /work/build/power_logs/2025.08.01-14.22.16/testing_tmp/*/*/*/mlperf_log_summary.txt /work/build/power_logs_temp/; fi'
client 2025-08-01 14:43:57,292 [INFO] Sending command to the server: 'time'
client 2025-08-01 14:43:57,292 [INFO] Got response: '1754059437.2927043'
client 2025-08-01 14:43:57,292 [INFO] The time difference between the client and the server is within range -0.520 ms..0.136 ms
client 2025-08-01 14:43:57,292 [INFO] Sending command to the server: 'session,2025-08-01_14-23-16,stop,ranging'
client 2025-08-01 14:44:08,244 [INFO] Got response: 'OK'
client 2025-08-01 14:44:08,244 [INFO] Sending command to the server: 'time'
client 2025-08-01 14:44:08,244 [INFO] Got response: '1754059448.2447484'
client 2025-08-01 14:44:08,244 [INFO] The time difference between the client and the server is within range -0.078 ms..0.057 ms
client 2025-08-01 14:44:08,268 [INFO] Copying loadgen logs from '/work/build/power_logs_temp' to '/work/build/power_logs/2025.08.01-14.22.16/2025-08-01_14-23-16/ranging'
client 2025-08-01 14:44:08,270 [INFO] Running workload in testing mode
client 2025-08-01 14:44:08,270 [INFO] Synchronizing with the server and with ntp.ubuntu.com...
client 2025-08-01 14:44:08,364 [INFO] NTP:offset = 0.000 s, delay = 0.090 s 
client 2025-08-01 14:44:08,364 [INFO] Sending command to the server: 'time'
client 2025-08-01 14:44:08,364 [INFO] Got response: '1754059448.3643804'
client 2025-08-01 14:44:08,364 [INFO] The time difference between the client and the server is within range -0.066 ms..0.058 ms
client 2025-08-01 14:44:08,364 [INFO] Sending command to the server: 'session,2025-08-01_14-23-16,start,testing'
client 2025-08-01 14:44:20,202 [INFO] Got response: 'OK'
client 2025-08-01 14:44:20,202 [INFO] Sending command to the server: 'time'
client 2025-08-01 14:44:20,202 [INFO] Got response: '1754059460.2021277'
client 2025-08-01 14:44:20,202 [INFO] The time difference between the client and the server is within range -0.055 ms..0.067 ms
client 2025-08-01 14:44:20,202 [INFO] Running the workload 'LOG_DIR=/work/build/power_logs_temp python3 -m code.main --benchmarks=rgat --scenarios=Offline --action="run_harness" \\\n\t\t2>&1 | tee -a /work/build/power_logs/2025.08.01-14.22.16/stdout.txt \\\n\t\t&& if [ ! -d /work/build/power_logs/2025.08.01-14.22.16/ranging_tmp ]; \\\n\t\t\tthen mkdir /work/build/power_logs/2025.08.01-14.22.16/ranging_tmp \\\n\t\t\t\t&& mv /work/build/power_logs_temp/* /work/build/power_logs/2025.08.01-14.22.16/ranging_tmp/ \\\n\t\t\t\t&& cp -v /work/build/power_logs/2025.08.01-14.22.16/ranging_tmp/*/*/*/mlperf_log_detail.txt /work/build/power_logs_temp/ \\\n\t\t\t\t&& cp -v /work/build/power_logs/2025.08.01-14.22.16/ranging_tmp/*/*/*/mlperf_log_summary.txt /work/build/power_logs_temp/; \\\n\t\t\telse mkdir /work/build/power_logs/2025.08.01-14.22.16/testing_tmp \\\n\t\t\t\t&& mv /work/build/power_logs_temp/* /work/build/power_logs/2025.08.01-14.22.16/testing_tmp/ \\\n\t\t\t\t&& cp -v /work/build/power_logs/2025.08.01-14.22.16/testing_tmp/*/*/*/mlperf_log_detail.txt /work/build/power_logs_temp/ \\\n\t\t\t\t&& cp -v /work/build/power_logs/2025.08.01-14.22.16/testing_tmp/*/*/*/mlperf_log_summary.txt /work/build/power_logs_temp/; fi'
client 2025-08-01 15:03:01,465 [INFO] Sending command to the server: 'time'
client 2025-08-01 15:03:01,466 [INFO] Got response: '1754060581.466018'
client 2025-08-01 15:03:01,466 [INFO] The time difference between the client and the server is within range -0.270 ms..0.107 ms
client 2025-08-01 15:03:01,466 [INFO] Sending command to the server: 'session,2025-08-01_14-23-16,stop,testing'
client 2025-08-01 15:03:12,258 [INFO] Got response: 'OK'
client 2025-08-01 15:03:12,258 [INFO] Sending command to the server: 'time'
client 2025-08-01 15:03:12,258 [INFO] Got response: '1754060592.2588217'
client 2025-08-01 15:03:12,259 [INFO] The time difference between the client and the server is within range -0.063 ms..0.205 ms
client 2025-08-01 15:03:12,275 [INFO] Copying loadgen logs from '/work/build/power_logs_temp' to '/work/build/power_logs/2025.08.01-14.22.16/2025-08-01_14-23-16/run_1'
client 2025-08-01 15:03:12,278 [INFO] Done runs
