[2025-07-14 11:57:37,376 main.py:237 INFO] Detected system ID: Nvidia_2c86eb58c6bc
[2025-07-14 11:57:37,393 generate_conf_files.py:107 INFO] Generated measurements/ entries for Nvidia_2c86eb58c6bc_TRT/resnet50/Offline
[2025-07-14 11:57:37,393 harness.py:357 INFO] Using harness launch command...
[2025-07-14 11:57:37,393 __init__.py:46 INFO] Running command: ./build/bin/harness_default --logfile_outdir="/home/ubuntu/MLC/repos/local/cache/get-mlperf-inference-results-dir_94a235cb/valid_results/2c86eb58c6bc-nvidia_original-gpu-tensorrt-vdefault-default_config/resnet50/offline/accuracy" --logfile_prefix="mlperf_log_" --performance_sample_count=2048 --test_mode="AccuracyOnly" --gpu_copy_streams=2 --gpu_inference_streams=1 --run_infer_on_copy_streams=false --use_deque_limit=true --gpu_batch_size=64 --map_path="data_maps/imagenet/val_map.txt" --mlperf_conf_path="/home/ubuntu/MLC/repos/local/cache/get-git-repo_inference-src_08c59f8e/inference/mlperf.conf" --tensor_path="build/preprocessed_data/imagenet/ResNet50/int8_linear" --use_graphs=false --user_conf_path="/home/ubuntu/MLC/repos/gateoverflow@mlperf-automations/script/generate-mlperf-inference-user-conf/tmp/688e1f7dc8ec480395ef7086ce661dfa.conf" --gpu_engine_batch_size="64" --gpu_engines="./build/engines/Nvidia_2c86eb58c6bc/resnet50/Offline/resnet50-Offline-gpu-resnet50-b64-int8.lwis_k_99_MaxP.plan" --max_dlas=0 --scenario="Offline" --model="resnet50" --scenario Offline --model resnet50
[2025-07-14 11:57:37,393 __init__.py:53 INFO] Overriding Environment
benchmark : Benchmark.ResNet50
buffer_manager_thread_count : 0
data_dir : /home/ubuntu/MLC/repos/local/cache/get-mlperf-inference-nvidia-scratch-space_b4d38010/data
gpu_batch_size : 64
gpu_copy_streams : 2
gpu_inference_streams : 1
input_dtype : int8
input_format : linear
log_dir : /home/ubuntu/MLC/repos/local/cache/get-git-repo_mlperf-inferenc_2b08c1b6/repo/closed/NVIDIA/build/logs/2025.07.14-11.57.34
map_path : data_maps/imagenet/val_map.txt
mlperf_conf_path : /home/ubuntu/MLC/repos/local/cache/get-git-repo_inference-src_08c59f8e/inference/mlperf.conf
offline_expected_qps : 0.0
precision : int8
preprocessed_data_dir : /home/ubuntu/MLC/repos/local/cache/get-mlperf-inference-nvidia-scratch-space_b4d38010/preprocessed_data
run_infer_on_copy_streams : False
scenario : Scenario.Offline
system : System(cpu=CPU(name='Intel(R) Xeon(R) w7-2495X', architecture=<CPUArchitecture.x86_64: AliasedName(name='x86_64', aliases=(), patterns=())>, vendor='GenuineIntel', cores_per_group=24, threads_per_core=2, n_groups=1, group_type=<GroupType.Socket: 'socket'>, numa_nodes=[[Interval(start=0, end=47)]], flags={'f16c', 'amx_bf16', 'smep', 'avx512f', 'avx512cd', 'xsaveopt', 'xsave', 'cat_l2', 'fpu', 'vmx', 'invpcid', 'sse4_1', 'bmi1', 'est', 'xsaves', 'movbe', 'acpi', 'tsc', 'pge', 'abm', 'erms', 'xtpr', 'aes', 'clwb', 'cldemote', 'vpclmulqdq', 'syscall', 'fma', 'fsgsbase', 'mba', 'pni', 'cdp_l3', 'dts', 'arat', 'pat', 'arch_perfmon', 'avx512vbmi', 'avx512_vpopcntdq', 'ss', 'hwp', 'cdp_l2', 'cqm_mbm_total', 'flush_l1d', 'sse', 'avx512_vnni', 'pconfig', 'vpid', 'ht', 'avx512ifma', 'sha_ni', 'mce', 'clflushopt', 'avx_vnni', 'vme', 'serialize', 'nopl', 'dtes64', 'vnmi', 'pts', 'xtopology', 'avx512_vbmi2', 'amx_tile', 'de', 'rdrand', 'clflush', 'pse', 'smx', 'ibt', 'pbe', 'la57', 'ibrs_enhanced', 'avx512_bitalg', 'rep_good', 'rdtscp', 'smap', 'split_lock_detect', 'pdpe1gb', 'nx', 'ept_ad', 'tpr_shadow', 'rdseed', 'rdt_a', 'avx512bw', 'xgetbv1', 'pln', 'tsc_known_freq', 'mca', 'waitpkg', 'pse36', 'lm', 'mtrr', 'avx', 'arch_lbr', 'msr', 'sse2', 'ospke', 'movdiri', 'md_clear', 'popcnt', 'hwp_act_window', 'pku', 'sse4_2', 'amx_int8', 'bus_lock_detect', 'ida', 'art', 'vaes', 'cx8', 'avx512vl', 'avx512_fp16', 'hwp_epp', 'cx16', 'apic', 'x2apic', 'epb', 'ssbd', 'xsavec', 'fxsr', 'cpuid_fault', 'tm2', 'intel_ppin', 'pdcm', 'sdbg', 'ibpb', 'avx2', 'rdpid', 'adx', 'hwp_pkg_req', 'tsc_adjust', 'dca', 'movdir64b', 'ept', 'bts', 'cqm', 'pebs', 'lahf_lm', 'avx512dq', 'nonstop_tsc', 'cqm_llc', 'flexpriority', 'sep', 'tsxldtrk', 'aperfmperf', 'tsc_deadline_timer', 'cat_l3', 'user_shstk', 'cmov', 'ibrs', 'cqm_occup_llc', 'pcid', 'pclmulqdq', 'ssse3', 'bmi2', 'avx512_bf16', 'dtherm', 'fsrm', '3dnowprefetch', 'gfni', 'arch_capabilities', 'ds_cpl', 'tm', 'monitor', 'stibp', 'mmx', 'cqm_mbm_local', 'wbnoinvd', 'cpuid', 'constant_tsc', 'enqcmd', 'pae', 'umip', 'intel_pt'}, vulnerabilities={'spec store bypass': 'Mitigation; Speculative Store Bypass disabled via prctl', 'spectre v1': 'Mitigation; usercopy/swapgs barriers and __user pointer sanitization', 'spectre v2': 'Mitigation; Enhanced / Automatic IBRS; IBPB conditional; RSB filling; PBRSB-eIBRS SW sequence; BHI BHI_DIS_S'}), host_memory=HostMemory(capacity=Memory(quantity=197.333724, byte_suffix=<ByteSuffix.GB: (1000, 3)>, _num_bytes=197333724000)), accelerators={<class 'nvmitten.nvidia.accelerator.GPU'>: [GPU(name='NVIDIA GeForce RTX 4090', pci_id='0x268410DE', compute_sm=ComputeSM(major=8, minor=9), vram=Memory(quantity=23.64288330078125, byte_suffix=<ByteSuffix.GiB: (1024, 3)>, _num_bytes=25386352640), max_power_limit=450.0, is_integrated=False, gpu_index=0), GPU(name='NVIDIA GeForce RTX 4090', pci_id='0x268410DE', compute_sm=ComputeSM(major=8, minor=9), vram=Memory(quantity=23.64019775390625, byte_suffix=<ByteSuffix.GiB: (1024, 3)>, _num_bytes=25383469056), max_power_limit=500.0, is_integrated=False, gpu_index=1)], <class 'nvmitten.nvidia.accelerator.DLA'>: []}, extras={'id': 'Nvidia_2c86eb58c6bc', 'tags': {'multi_gpu', 'is_ada', 'is_ampere', 'custom', 'gpu_based'}, 'name': 'Nvidia_2c86eb58c6bc', 'primary_compute_sm': ComputeSM(major=8, minor=9)})
tensor_path : build/preprocessed_data/imagenet/ResNet50/int8_linear
test_mode : AccuracyOnly
use_deque_limit : True
use_graphs : False
user_conf_path : /home/ubuntu/MLC/repos/gateoverflow@mlperf-automations/script/generate-mlperf-inference-user-conf/tmp/688e1f7dc8ec480395ef7086ce661dfa.conf
system_id : Nvidia_2c86eb58c6bc
config_name : Nvidia_2c86eb58c6bc_resnet50_Offline
workload_setting : WorkloadSetting(HarnessType.LWIS, AccuracyTarget.k_99, PowerSetting.MaxP)
optimization_level : plugin-enabled
num_profiles : 2
config_ver : lwis_k_99_MaxP
accuracy_level : 99%
inference_server : lwis
skip_file_checks : False
power_limit : None
cpu_freq : None
gpu_engine_batch_size : 64
&&&& RUNNING Default_Harness # ./build/bin/harness_default
[I] mlperf.conf path: /home/ubuntu/MLC/repos/local/cache/get-git-repo_inference-src_08c59f8e/inference/mlperf.conf
[I] user.conf path: /home/ubuntu/MLC/repos/gateoverflow@mlperf-automations/script/generate-mlperf-inference-user-conf/tmp/688e1f7dc8ec480395ef7086ce661dfa.conf
Creating QSL.
Finished Creating QSL.
Setting up SUT.
[I] [TRT] Loaded engine size: 32 MiB
[I] Device:0.GPU: [0] ./build/engines/Nvidia_2c86eb58c6bc/resnet50/Offline/resnet50-Offline-gpu-resnet50-b64-int8.lwis_k_99_MaxP.plan has been successfully loaded.
[I] [TRT] Loaded engine size: 32 MiB
[W] [TRT] Using an engine plan file across different models of devices is not recommended and is likely to affect performance or even cause errors.
[I] Device:1.GPU: [0] ./build/engines/Nvidia_2c86eb58c6bc/resnet50/Offline/resnet50-Offline-gpu-resnet50-b64-int8.lwis_k_99_MaxP.plan has been successfully loaded.
[I] [TRT] [MemUsageChange] TensorRT-managed allocation in IExecutionContext creation: CPU +0, GPU +98, now: CPU 0, GPU 137 (MiB)
[I] [TRT] [MemUsageChange] TensorRT-managed allocation in IExecutionContext creation: CPU +0, GPU +98, now: CPU 0, GPU 235 (MiB)
[I] [TRT] Switching optimization profile from: 0 to 1. Please ensure there are no enqueued operations pending in this context prior to switching profiles
[I] [TRT] [MemUsageChange] TensorRT-managed allocation in IExecutionContext creation: CPU +0, GPU +98, now: CPU 0, GPU 333 (MiB)
[I] [TRT] [MemUsageChange] TensorRT-managed allocation in IExecutionContext creation: CPU +0, GPU +98, now: CPU 0, GPU 431 (MiB)
[I] [TRT] Switching optimization profile from: 0 to 1. Please ensure there are no enqueued operations pending in this context prior to switching profiles
[I] Creating batcher thread: 0 EnableBatcherThreadPerDevice: false
Finished setting up SUT.
Starting warmup. Running for a minimum of 5 seconds.
Finished warmup. Ran for 5.03035s.
Starting running actual test.

No warnings encountered during test.

No errors encountered during test.
Finished running actual test.
Device Device:0.GPU processed:
  1 batches of size 16
  391 batches of size 64
  Memcpy Calls: 0
  PerSampleCudaMemcpy Calls: 0
  BatchedCudaMemcpy Calls: 392
Device Device:1.GPU processed:
  390 batches of size 64
  Memcpy Calls: 0
  PerSampleCudaMemcpy Calls: 0
  BatchedCudaMemcpy Calls: 390
&&&& PASSED Default_Harness # ./build/bin/harness_default
[2025-07-14 11:57:48,390 run_harness.py:170 INFO] Result: Accuracy run detected.
[2025-07-14 11:57:48,390 __init__.py:46 INFO] Running command: PYTHONPATH=/home/ubuntu/MLC/repos/local/cache/get-git-repo_mlperf-inferenc_2b08c1b6/repo/closed/NVIDIA:/home/ubuntu/MLC/repos/local/cache/get-git-repo_inference-src_08c59f8e/inference/vision/classification_and_detection/python:/home/ubuntu/MLC/repos/local/cache/get-git-repo_inference-src_08c59f8e/inference/tools/submission:/home/ubuntu/MLC/repos/gateoverflow@mlperf-automations/script/get-mlperf-inference-utils:/usr/lib/python312.zip:/usr/lib/python3.12:/usr/lib/python3.12/lib-dynload:/home/ubuntu/.local/lib/python3.12/site-packages:/usr/local/lib/python3.12/dist-packages:/usr/local/lib/python3.12/dist-packages/nvfuser-0.2.23a0+6627725-py3.12-linux-x86_64.egg:/usr/local/lib/python3.12/dist-packages/lightning_thunder-0.2.0.dev0-py3.12.egg:/usr/local/lib/python3.12/dist-packages/dill-0.3.9-py3.12.egg:/usr/local/lib/python3.12/dist-packages/opt_einsum-3.4.0-py3.12.egg:/usr/local/lib/python3.12/dist-packages/lightning_utilities-0.12.0.dev0-py3.12.egg:/usr/local/lib/python3.12/dist-packages/looseversion-1.3.0-py3.12.egg:/usr/lib/python3/dist-packages python3 -S /home/ubuntu/MLC/repos/local/cache/get-git-repo_mlperf-inferenc_2b08c1b6/repo/closed/NVIDIA/build/inference/vision/classification_and_detection/tools/accuracy-imagenet.py --mlperf-accuracy-file /home/ubuntu/MLC/repos/local/cache/get-mlperf-inference-results-dir_94a235cb/valid_results/2c86eb58c6bc-nvidia_original-gpu-tensorrt-vdefault-default_config/resnet50/offline/accuracy/mlperf_log_accuracy.json --imagenet-val-file data_maps/imagenet/val_map.txt --dtype int32
accuracy=76.078%, good=38039, total=50000
 
======================== Result summaries: ========================

