[2025-07-14 17:03:04,088 main.py:237 INFO] Detected system ID: Nvidia_2c86eb58c6bc
[2025-07-14 17:03:04,105 generate_conf_files.py:107 INFO] Generated measurements/ entries for Nvidia_2c86eb58c6bc_TRT/resnet50/Offline
[2025-07-14 17:03:04,106 harness.py:357 INFO] Using harness launch command...
[2025-07-14 17:03:04,106 __init__.py:46 INFO] Running command: ./build/bin/harness_default --logfile_outdir="/home/ubuntu/MLC/repos/local/cache/get-mlperf-inference-results-dir_94a235cb/valid_results/2c86eb58c6bc-nvidia_original-gpu-tensorrt-vdefault-default_config/resnet50/offline/performance/run_1" --logfile_prefix="mlperf_log_" --performance_sample_count=2048 --test_mode="PerformanceOnly" --gpu_copy_streams=2 --gpu_inference_streams=1 --run_infer_on_copy_streams=false --use_deque_limit=true --gpu_batch_size=64 --map_path="data_maps/imagenet/val_map.txt" --mlperf_conf_path="/home/ubuntu/MLC/repos/local/cache/get-git-repo_inference-src_08c59f8e/inference/mlperf.conf" --tensor_path="build/preprocessed_data/imagenet/ResNet50/int8_linear" --use_graphs=false --user_conf_path="/home/ubuntu/MLC/repos/gateoverflow@mlperf-automations/script/generate-mlperf-inference-user-conf/tmp/f6c6110718884c56985267a5a0c9a7be.conf" --gpu_engine_batch_size="64" --gpu_engines="./build/engines/Nvidia_2c86eb58c6bc/resnet50/Offline/resnet50-Offline-gpu-resnet50-b64-int8.lwis_k_99_MaxP.plan" --max_dlas=0 --scenario="Offline" --model="resnet50" --scenario Offline --model resnet50
[2025-07-14 17:03:04,106 __init__.py:53 INFO] Overriding Environment
benchmark : Benchmark.ResNet50
buffer_manager_thread_count : 0
data_dir : /home/ubuntu/MLC/repos/local/cache/get-mlperf-inference-nvidia-scratch-space_b4d38010/data
gpu_batch_size : 64
gpu_copy_streams : 2
gpu_inference_streams : 1
input_dtype : int8
input_format : linear
log_dir : /home/ubuntu/MLC/repos/local/cache/get-git-repo_mlperf-inferenc_2b08c1b6/repo/closed/NVIDIA/build/logs/2025.07.14-17.03.01
map_path : data_maps/imagenet/val_map.txt
mlperf_conf_path : /home/ubuntu/MLC/repos/local/cache/get-git-repo_inference-src_08c59f8e/inference/mlperf.conf
offline_expected_qps : 0.0
precision : int8
preprocessed_data_dir : /home/ubuntu/MLC/repos/local/cache/get-mlperf-inference-nvidia-scratch-space_b4d38010/preprocessed_data
run_infer_on_copy_streams : False
scenario : Scenario.Offline
system : System(cpu=CPU(name='Intel(R) Xeon(R) w7-2495X', architecture=<CPUArchitecture.x86_64: AliasedName(name='x86_64', aliases=(), patterns=())>, vendor='GenuineIntel', cores_per_group=24, threads_per_core=2, n_groups=1, group_type=<GroupType.Socket: 'socket'>, numa_nodes=[[Interval(start=0, end=47)]], flags={'vaes', 'mca', 'hwp_pkg_req', 'pcid', 'pdpe1gb', 'movdir64b', 'cqm', 'tm', 'rdtscp', 'smap', 'tm2', 'md_clear', 'dts', 'xgetbv1', 'ibrs_enhanced', 'mtrr', 'ss', 'ida', 'epb', 'ht', 'constant_tsc', 'flexpriority', 'sse2', 'xtpr', 'sha_ni', 'dtherm', 'tsc', 'lm', 'vpclmulqdq', 'f16c', 'fsrm', 'sse4_2', 'avx_vnni', 'avx512dq', 'msr', 'xsavec', 'arch_perfmon', 'clwb', 'x2apic', 'pclmulqdq', 'vme', 'ibt', 'intel_pt', 'vmx', 'mmx', 'bmi1', 'cldemote', 'cat_l2', 'pconfig', 'la57', 'smep', 'hwp_act_window', 'amx_bf16', 'fpu', 'avx512_bitalg', 'ds_cpl', 'bus_lock_detect', 'avx512bw', 'cqm_mbm_total', 'syscall', 'avx512cd', 'flush_l1d', 'art', 'cdp_l2', 'wbnoinvd', 'enqcmd', 'rdpid', 'monitor', 'dtes64', 'cpuid_fault', 'cqm_occup_llc', 'sse4_1', 'movbe', 'sse', 'cmov', 'bts', 'nx', 'arch_capabilities', 'avx512_fp16', 'smx', 'cat_l3', 'avx512ifma', 'fma', 'pat', 'pbe', 'pebs', 'ibrs', 'ept_ad', 'pse', 'tsc_adjust', 'rdrand', 'apic', 'fxsr', 'pku', 'vnmi', 'avx', 'cqm_mbm_local', 'ssbd', 'cqm_llc', 'abm', 'mce', 'clflushopt', 'cx8', 'mba', 'tsxldtrk', 'avx512vbmi', 'ospke', 'fsgsbase', 'pge', 'est', 'umip', 'rdseed', 'sdbg', 'amx_tile', 'xsaves', 'xsave', 'ssse3', 'split_lock_detect', 'avx512f', 'stibp', 'adx', 'bmi2', 'cpuid', 'aes', 'rep_good', 'xtopology', 'avx512_vpopcntdq', 'pln', 'ibpb', 'nopl', 'invpcid', 'hwp', 'tsc_deadline_timer', 'rdt_a', 'tpr_shadow', 'arat', 'cx16', 'hwp_epp', 'pse36', 'pni', 'pts', 'xsaveopt', '3dnowprefetch', 'waitpkg', 'amx_int8', 'lahf_lm', 'tsc_known_freq', 'acpi', 'nonstop_tsc', 'aperfmperf', 'ept', 'gfni', 'vpid', 'clflush', 'erms', 'avx512_vbmi2', 'de', 'cdp_l3', 'pdcm', 'pae', 'user_shstk', 'serialize', 'popcnt', 'avx2', 'dca', 'avx512_bf16', 'avx512vl', 'movdiri', 'sep', 'arch_lbr', 'avx512_vnni', 'intel_ppin'}, vulnerabilities={'spec store bypass': 'Mitigation; Speculative Store Bypass disabled via prctl', 'spectre v1': 'Mitigation; usercopy/swapgs barriers and __user pointer sanitization', 'spectre v2': 'Mitigation; Enhanced / Automatic IBRS; IBPB conditional; RSB filling; PBRSB-eIBRS SW sequence; BHI BHI_DIS_S'}), host_memory=HostMemory(capacity=Memory(quantity=197.333724, byte_suffix=<ByteSuffix.GB: (1000, 3)>, _num_bytes=197333724000)), accelerators={<class 'nvmitten.nvidia.accelerator.GPU'>: [GPU(name='NVIDIA GeForce RTX 4090', pci_id='0x268410DE', compute_sm=ComputeSM(major=8, minor=9), vram=Memory(quantity=23.64288330078125, byte_suffix=<ByteSuffix.GiB: (1024, 3)>, _num_bytes=25386352640), max_power_limit=450.0, is_integrated=False, gpu_index=0), GPU(name='NVIDIA GeForce RTX 4090', pci_id='0x268410DE', compute_sm=ComputeSM(major=8, minor=9), vram=Memory(quantity=23.64019775390625, byte_suffix=<ByteSuffix.GiB: (1024, 3)>, _num_bytes=25383469056), max_power_limit=500.0, is_integrated=False, gpu_index=1)], <class 'nvmitten.nvidia.accelerator.DLA'>: []}, extras={'id': 'Nvidia_2c86eb58c6bc', 'tags': {'custom', 'multi_gpu', 'is_ampere', 'is_ada', 'gpu_based'}, 'name': 'Nvidia_2c86eb58c6bc', 'primary_compute_sm': ComputeSM(major=8, minor=9)})
tensor_path : build/preprocessed_data/imagenet/ResNet50/int8_linear
test_mode : PerformanceOnly
use_deque_limit : True
use_graphs : False
user_conf_path : /home/ubuntu/MLC/repos/gateoverflow@mlperf-automations/script/generate-mlperf-inference-user-conf/tmp/f6c6110718884c56985267a5a0c9a7be.conf
system_id : Nvidia_2c86eb58c6bc
config_name : Nvidia_2c86eb58c6bc_resnet50_Offline
workload_setting : WorkloadSetting(HarnessType.LWIS, AccuracyTarget.k_99, PowerSetting.MaxP)
optimization_level : plugin-enabled
num_profiles : 2
config_ver : lwis_k_99_MaxP
accuracy_level : 99%
inference_server : lwis
skip_file_checks : False
power_limit : None
cpu_freq : None
gpu_engine_batch_size : 64
&&&& RUNNING Default_Harness # ./build/bin/harness_default
[I] mlperf.conf path: /home/ubuntu/MLC/repos/local/cache/get-git-repo_inference-src_08c59f8e/inference/mlperf.conf
[I] user.conf path: /home/ubuntu/MLC/repos/gateoverflow@mlperf-automations/script/generate-mlperf-inference-user-conf/tmp/f6c6110718884c56985267a5a0c9a7be.conf
Creating QSL.
Finished Creating QSL.
Setting up SUT.
[I] [TRT] Loaded engine size: 32 MiB
[I] Device:0.GPU: [0] ./build/engines/Nvidia_2c86eb58c6bc/resnet50/Offline/resnet50-Offline-gpu-resnet50-b64-int8.lwis_k_99_MaxP.plan has been successfully loaded.
[I] [TRT] Loaded engine size: 32 MiB
[W] [TRT] Using an engine plan file across different models of devices is not recommended and is likely to affect performance or even cause errors.
[I] Device:1.GPU: [0] ./build/engines/Nvidia_2c86eb58c6bc/resnet50/Offline/resnet50-Offline-gpu-resnet50-b64-int8.lwis_k_99_MaxP.plan has been successfully loaded.
[I] [TRT] [MemUsageChange] TensorRT-managed allocation in IExecutionContext creation: CPU +0, GPU +98, now: CPU 0, GPU 137 (MiB)
[I] [TRT] [MemUsageChange] TensorRT-managed allocation in IExecutionContext creation: CPU +0, GPU +98, now: CPU 0, GPU 235 (MiB)
[I] [TRT] Switching optimization profile from: 0 to 1. Please ensure there are no enqueued operations pending in this context prior to switching profiles
[I] [TRT] [MemUsageChange] TensorRT-managed allocation in IExecutionContext creation: CPU +0, GPU +98, now: CPU 0, GPU 333 (MiB)
[I] [TRT] [MemUsageChange] TensorRT-managed allocation in IExecutionContext creation: CPU +0, GPU +98, now: CPU 0, GPU 431 (MiB)
[I] [TRT] Switching optimization profile from: 0 to 1. Please ensure there are no enqueued operations pending in this context prior to switching profiles
[I] Creating batcher thread: 0 EnableBatcherThreadPerDevice: false
Finished setting up SUT.
Starting warmup. Running for a minimum of 5 seconds.
Finished warmup. Ran for 5.02993s.
Starting running actual test.
================================================
MLPerf Results Summary
================================================
SUT name : LWIS_Server
Scenario : Offline
Mode     : PerformanceOnly
Samples per second: 88476.4
Result is : VALID
  Min duration satisfied : Yes
  Min queries satisfied : Yes
  Early stopping satisfied: Yes

================================================
Additional Stats
================================================
Min latency (ns)                : 384171933
Max latency (ns)                : 671225766176
Mean latency (ns)               : 24755022310
50.00 percentile latency (ns)   : 335276868655
90.00 percentile latency (ns)   : 603998992341
95.00 percentile latency (ns)   : 637607426419
97.00 percentile latency (ns)   : 651052957694
99.00 percentile latency (ns)   : 664496135695
99.90 percentile latency (ns)   : 670545275767

================================================
Test Parameters Used
================================================
samples_per_query : 59387660
target_qps : 89981.3
target_latency (ns): 0
max_async_queries : 1
min_duration (ms): 600000
max_duration (ms): 0
min_query_count : 1
max_query_count : 0
qsl_rng_seed : 1780908523862526354
sample_index_rng_seed : 14771362308971278857
schedule_rng_seed : 18209322760996052031
accuracy_log_rng_seed : 0
accuracy_log_probability : 0
accuracy_log_sampling_target : 0
print_timestamps : 0
performance_issue_unique : 0
performance_issue_same : 0
performance_issue_same_index : 0
performance_sample_count : 1024

No warnings encountered during test.

No errors encountered during test.
Finished running actual test.
Device Device:0.GPU processed:
  1 batches of size 12
  462254 batches of size 64
  Memcpy Calls: 0
  PerSampleCudaMemcpy Calls: 0
  BatchedCudaMemcpy Calls: 462255
Device Device:1.GPU processed:
  465678 batches of size 64
  Memcpy Calls: 0
  PerSampleCudaMemcpy Calls: 0
  BatchedCudaMemcpy Calls: 465678
&&&& PASSED Default_Harness # ./build/bin/harness_default
[2025-07-14 17:14:26,071 run_harness.py:170 INFO] Result: result_samples_per_second: 88476.4, Result is VALID, 10-min runtime requirement met: True
 
======================== Result summaries: ========================

