Graph file: /home/arjun/MLC/repos/local/cache/get-ml-model-mobilenet_3199485c/mobilenet_v1_0.75_128.tflite
Image dir: /home/arjun/MLC/repos/local/cache/get-preprocessed-dataset-imagenet_351ce43c
Image list: /home/arjun/MLC/repos/local/cache/get-preprocessed-dataset-imagenet_351ce43c/preprocessed_files.txt
Image size: 128
Image channels: 3
Prediction classes: 1000
Result dir: /home/arjun/MLC/repos/local/cache/get-mlperf-inference-results-dir_d5af2b93/valid_results/intel_spr_i9-tflite_cpp-cpu-tflite-vmaster-with_live_preprocessing/mobilenet-v1-precision_float-0.75-128/singlestream/performance/run_1
How many images fit in memory buffer: 1024
Normalize: 1
Subtract mean: 0
Run time preprocessing: 1
Number of Threads: 32
Number of available imagefiles: 50000

Loading graph...
INFO: Created TensorFlow Lite XNNPACK delegate for CPU.
Input tensor dimensions (NHWC): 1*128*128*3
Output tensor dimensions: 1*1001
Path to user.conf : /home/arjun/MLC/repos/gateoverflow@mlperf-automations/script/generate-mlperf-inference-user-conf/tmp/7da7e568075044d8a7add5f5f43382fb.conf
Model Name: mobilenet
LoadGen Scenario: SingleStream
LoadGen Mode: performance
