[2025-07-14 19:10:10,454 main.py:237 INFO] Detected system ID: Nvidia_2c86eb58c6bc
[2025-07-14 19:10:10,471 harness.py:241 INFO] The harness will load 2 plugins: ['build/plugins/NMSOptPlugin/libnmsoptplugin.so', 'build/plugins/retinanetConcatPlugin/libretinanetconcatplugin.so']
[2025-07-14 19:10:10,471 generate_conf_files.py:107 INFO] Generated measurements/ entries for Nvidia_2c86eb58c6bc_TRT/retinanet/MultiStream
[2025-07-14 19:10:10,471 harness.py:357 INFO] Using harness launch command...
[2025-07-14 19:10:10,471 __init__.py:46 INFO] Running command: ./build/bin/harness_default --plugins="build/plugins/NMSOptPlugin/libnmsoptplugin.so,build/plugins/retinanetConcatPlugin/libretinanetconcatplugin.so" --logfile_outdir="/home/ubuntu/MLC/repos/local/cache/get-mlperf-inference-results-dir_94a235cb/valid_results/2c86eb58c6bc-nvidia_original-gpu-tensorrt-vdefault-default_config/retinanet/multistream/accuracy" --logfile_prefix="mlperf_log_" --performance_sample_count=64 --test_mode="AccuracyOnly" --gpu_copy_streams=1 --gpu_inference_streams=1 --use_deque_limit=true --gpu_batch_size=2 --map_path="data_maps/open-images-v6-mlperf/val_map.txt" --mlperf_conf_path="/home/ubuntu/MLC/repos/local/cache/get-git-repo_inference-src_08c59f8e/inference/mlperf.conf" --tensor_path="build/preprocessed_data/open-images-v6-mlperf/validation/Retinanet/int8_linear" --use_graphs=true --user_conf_path="/home/ubuntu/MLC/repos/gateoverflow@mlperf-automations/script/generate-mlperf-inference-user-conf/tmp/dcc6314deeaa47a093f5f508b20b59b1.conf" --gpu_engine_batch_size="2" --gpu_engines="./build/engines/Nvidia_2c86eb58c6bc/retinanet/MultiStream/retinanet-MultiStream-gpu-retinanet-b2-int8.lwis_k_99_MaxP.plan" --max_dlas=0 --scenario="MultiStream" --model="retinanet" --scenario MultiStream --model retinanet --response_postprocess openimageeffnms
[2025-07-14 19:10:10,471 __init__.py:53 INFO] Overriding Environment
benchmark : Benchmark.Retinanet
buffer_manager_thread_count : 0
data_dir : /home/ubuntu/MLC/repos/local/cache/get-mlperf-inference-nvidia-scratch-space_b4d38010/data
disable_beta1_smallk : True
gpu_batch_size : 2
gpu_copy_streams : 1
gpu_inference_streams : 1
input_dtype : int8
input_format : linear
log_dir : /home/ubuntu/MLC/repos/local/cache/get-git-repo_mlperf-inferenc_2b08c1b6/repo/closed/NVIDIA/build/logs/2025.07.14-19.10.07
map_path : data_maps/open-images-v6-mlperf/val_map.txt
mlperf_conf_path : /home/ubuntu/MLC/repos/local/cache/get-git-repo_inference-src_08c59f8e/inference/mlperf.conf
multi_stream_expected_latency_ns : 0
multi_stream_samples_per_query : 8
multi_stream_target_latency_percentile : 99
precision : int8
preprocessed_data_dir : /home/ubuntu/MLC/repos/local/cache/get-mlperf-inference-nvidia-scratch-space_b4d38010/preprocessed_data
scenario : Scenario.MultiStream
system : System(cpu=CPU(name='Intel(R) Xeon(R) w7-2495X', architecture=<CPUArchitecture.x86_64: AliasedName(name='x86_64', aliases=(), patterns=())>, vendor='GenuineIntel', cores_per_group=24, threads_per_core=2, n_groups=1, group_type=<GroupType.Socket: 'socket'>, numa_nodes=[[Interval(start=0, end=47)]], flags={'aes', 'flexpriority', 'tpr_shadow', 'vpclmulqdq', 'fxsr', 'nopl', 'tm', 'stibp', 'fsgsbase', 'cat_l2', 'pcid', 'hwp_act_window', 'cdp_l2', '3dnowprefetch', 'f16c', 'bmi2', 'serialize', 'mce', 'rdt_a', 'pku', 'apic', 'rdpid', 'ida', 'pln', 'cqm_llc', 'avx512_vnni', 'ibrs', 'ibpb', 'amx_tile', 'lm', 'tsc_known_freq', 'de', 'arch_capabilities', 'rdseed', 'hwp', 'rdrand', 'nx', 'avx512dq', 'avx512_vbmi2', 'intel_ppin', 'avx512ifma', 'amx_int8', 'cat_l3', 'ss', 'ssbd', 'pge', 'mca', 'ht', 'abm', 'cmov', 'pat', 'bmi1', 'bus_lock_detect', 'hwp_epp', 'sse4_1', 'smep', 'pebs', 'epb', 'vaes', 'cpuid', 'pse36', 'vme', 'vpid', 'movdiri', 'fpu', 'avx512vbmi', 'invpcid', 'tsc_deadline_timer', 'tsxldtrk', 'sse4_2', 'erms', 'ept_ad', 'xgetbv1', 'mmx', 'arch_perfmon', 'xsave', 'dca', 'sse', 'avx512_bf16', 'avx512cd', 'rdtscp', 'avx512_fp16', 'rep_good', 'md_clear', 'constant_tsc', 'mtrr', 'ds_cpl', 'mba', 'fsrm', 'bts', 'movdir64b', 'umip', 'cqm_mbm_total', 'avx512_vpopcntdq', 'monitor', 'sep', 'la57', 'xsaveopt', 'dtes64', 'nonstop_tsc', 'enqcmd', 'pse', 'amx_bf16', 'clflushopt', 'flush_l1d', 'acpi', 'dts', 'cdp_l3', 'avx512f', 'arat', 'xsaves', 'xsavec', 'avx2', 'pni', 'sdbg', 'fma', 'cqm_occup_llc', 'cqm_mbm_local', 'avx_vnni', 'lahf_lm', 'pconfig', 'ibt', 'pae', 'xtpr', 'wbnoinvd', 'art', 'est', 'xtopology', 'clwb', 'split_lock_detect', 'vnmi', 'cldemote', 'pdpe1gb', 'pdcm', 'vmx', 'avx', 'tsc', 'ept', 'pts', 'avx512bw', 'smx', 'cx16', 'ibrs_enhanced', 'tm2', 'arch_lbr', 'x2apic', 'avx512vl', 'cx8', 'pclmulqdq', 'sha_ni', 'ospke', 'sse2', 'intel_pt', 'aperfmperf', 'syscall', 'dtherm', 'popcnt', 'hwp_pkg_req', 'msr', 'adx', 'movbe', 'tsc_adjust', 'user_shstk', 'pbe', 'waitpkg', 'cqm', 'clflush', 'avx512_bitalg', 'gfni', 'smap', 'cpuid_fault', 'ssse3'}, vulnerabilities={'spec store bypass': 'Mitigation; Speculative Store Bypass disabled via prctl', 'spectre v1': 'Mitigation; usercopy/swapgs barriers and __user pointer sanitization', 'spectre v2': 'Mitigation; Enhanced / Automatic IBRS; IBPB conditional; RSB filling; PBRSB-eIBRS SW sequence; BHI BHI_DIS_S'}), host_memory=HostMemory(capacity=Memory(quantity=197.333724, byte_suffix=<ByteSuffix.GB: (1000, 3)>, _num_bytes=197333724000)), accelerators={<class 'nvmitten.nvidia.accelerator.GPU'>: [GPU(name='NVIDIA GeForce RTX 4090', pci_id='0x268410DE', compute_sm=ComputeSM(major=8, minor=9), vram=Memory(quantity=23.64288330078125, byte_suffix=<ByteSuffix.GiB: (1024, 3)>, _num_bytes=25386352640), max_power_limit=450.0, is_integrated=False, gpu_index=0), GPU(name='NVIDIA GeForce RTX 4090', pci_id='0x268410DE', compute_sm=ComputeSM(major=8, minor=9), vram=Memory(quantity=23.64019775390625, byte_suffix=<ByteSuffix.GiB: (1024, 3)>, _num_bytes=25383469056), max_power_limit=500.0, is_integrated=False, gpu_index=1)], <class 'nvmitten.nvidia.accelerator.DLA'>: []}, extras={'id': 'Nvidia_2c86eb58c6bc', 'tags': {'multi_gpu', 'custom', 'gpu_based', 'is_ada', 'is_ampere'}, 'name': 'Nvidia_2c86eb58c6bc', 'primary_compute_sm': ComputeSM(major=8, minor=9)})
tensor_path : build/preprocessed_data/open-images-v6-mlperf/validation/Retinanet/int8_linear
test_mode : AccuracyOnly
use_deque_limit : True
use_graphs : True
user_conf_path : /home/ubuntu/MLC/repos/gateoverflow@mlperf-automations/script/generate-mlperf-inference-user-conf/tmp/dcc6314deeaa47a093f5f508b20b59b1.conf
system_id : Nvidia_2c86eb58c6bc
config_name : Nvidia_2c86eb58c6bc_retinanet_MultiStream
workload_setting : WorkloadSetting(HarnessType.LWIS, AccuracyTarget.k_99, PowerSetting.MaxP)
optimization_level : plugin-enabled
num_profiles : 1
config_ver : lwis_k_99_MaxP
accuracy_level : 99%
inference_server : lwis
skip_file_checks : False
power_limit : None
cpu_freq : None
gpu_engine_batch_size : 2
&&&& RUNNING Default_Harness # ./build/bin/harness_default
[I] mlperf.conf path: /home/ubuntu/MLC/repos/local/cache/get-git-repo_inference-src_08c59f8e/inference/mlperf.conf
[I] user.conf path: /home/ubuntu/MLC/repos/gateoverflow@mlperf-automations/script/generate-mlperf-inference-user-conf/tmp/dcc6314deeaa47a093f5f508b20b59b1.conf
Creating QSL.
Finished Creating QSL.
Setting up SUT.
[I] [TRT] Loaded engine size: 76 MiB
[I] Device:0.GPU: [0] ./build/engines/Nvidia_2c86eb58c6bc/retinanet/MultiStream/retinanet-MultiStream-gpu-retinanet-b2-int8.lwis_k_99_MaxP.plan has been successfully loaded.
[I] [TRT] Loaded engine size: 76 MiB
[W] [TRT] Using an engine plan file across different models of devices is not recommended and is likely to affect performance or even cause errors.
[I] Device:1.GPU: [0] ./build/engines/Nvidia_2c86eb58c6bc/retinanet/MultiStream/retinanet-MultiStream-gpu-retinanet-b2-int8.lwis_k_99_MaxP.plan has been successfully loaded.
[I] [TRT] [MemUsageChange] TensorRT-managed allocation in IExecutionContext creation: CPU +1, GPU +1528, now: CPU 1, GPU 1671 (MiB)
[I] [TRT] [MemUsageChange] TensorRT-managed allocation in IExecutionContext creation: CPU +0, GPU +1527, now: CPU 1, GPU 3198 (MiB)
[I] Start creating CUDA graphs
[I] Capture 2 CUDA graphs
[I] Capture 2 CUDA graphs
[I] Finish creating CUDA graphs
[I] Creating batcher thread: 0 EnableBatcherThreadPerDevice: false
Finished setting up SUT.
Starting warmup. Running for a minimum of 5 seconds.
Finished warmup. Ran for 5.14017s.
Starting running actual test.

No warnings encountered during test.

No errors encountered during test.
Finished running actual test.
Device Device:0.GPU processed:
  6196 batches of size 2
  Memcpy Calls: 0
  PerSampleCudaMemcpy Calls: 0
  BatchedCudaMemcpy Calls: 6196
Device Device:1.GPU processed:
  6196 batches of size 2
  Memcpy Calls: 0
  PerSampleCudaMemcpy Calls: 0
  BatchedCudaMemcpy Calls: 6196
&&&& PASSED Default_Harness # ./build/bin/harness_default
[2025-07-14 19:10:49,500 run_harness.py:170 INFO] Result: Accuracy run detected.
[2025-07-14 19:10:49,500 __init__.py:46 INFO] Running command: PYTHONPATH=/home/ubuntu/MLC/repos/local/cache/get-git-repo_mlperf-inferenc_2b08c1b6/repo/closed/NVIDIA:/home/ubuntu/MLC/repos/local/cache/get-git-repo_inference-src_08c59f8e/inference/vision/classification_and_detection/python:/home/ubuntu/MLC/repos/local/cache/get-git-repo_inference-src_08c59f8e/inference/tools/submission:/home/ubuntu/MLC/repos/gateoverflow@mlperf-automations/script/get-mlperf-inference-utils:/usr/lib/python312.zip:/usr/lib/python3.12:/usr/lib/python3.12/lib-dynload:/home/ubuntu/.local/lib/python3.12/site-packages:/usr/local/lib/python3.12/dist-packages:/usr/local/lib/python3.12/dist-packages/nvfuser-0.2.23a0+6627725-py3.12-linux-x86_64.egg:/usr/local/lib/python3.12/dist-packages/lightning_thunder-0.2.0.dev0-py3.12.egg:/usr/local/lib/python3.12/dist-packages/dill-0.3.9-py3.12.egg:/usr/local/lib/python3.12/dist-packages/opt_einsum-3.4.0-py3.12.egg:/usr/local/lib/python3.12/dist-packages/lightning_utilities-0.12.0.dev0-py3.12.egg:/usr/local/lib/python3.12/dist-packages/looseversion-1.3.0-py3.12.egg:/usr/lib/python3/dist-packages python3 -S /home/ubuntu/MLC/repos/local/cache/get-git-repo_mlperf-inferenc_2b08c1b6/repo/closed/NVIDIA/build/inference/vision/classification_and_detection/tools/accuracy-openimages.py --mlperf-accuracy-file /home/ubuntu/MLC/repos/local/cache/get-mlperf-inference-results-dir_94a235cb/valid_results/2c86eb58c6bc-nvidia_original-gpu-tensorrt-vdefault-default_config/retinanet/multistream/accuracy/mlperf_log_accuracy.json --openimages-dir /home/ubuntu/MLC/repos/local/cache/get-mlperf-inference-nvidia-scratch-space_b4d38010/preprocessed_data/open-images-v6-mlperf --output-file build/retinanet-results.json
NOTE! Installing ujson may make loading annotations faster.
Loading annotations into memory...
Done (t=0.34s)
Creating index...
index created!
Loading and preparing results...
DONE (t=13.94s)
Creating index...
index created!
Running per image evaluation...
Evaluate annotation type *bbox*
DONE (t=122.33s).
Accumulating evaluation results...
DONE (t=27.23s).
 Average Precision  (AP) @[ IoU=0.50:0.95 | area=   all | maxDets=100 ] = 0.37336
 Average Precision  (AP) @[ IoU=0.50      | area=   all | maxDets=100 ] = 0.52224
 Average Precision  (AP) @[ IoU=0.75      | area=   all | maxDets=100 ] = 0.40379
 Average Precision  (AP) @[ IoU=0.50:0.95 | area= small | maxDets=100 ] = 0.02228
 Average Precision  (AP) @[ IoU=0.50:0.95 | area=medium | maxDets=100 ] = 0.12488
 Average Precision  (AP) @[ IoU=0.50:0.95 | area= large | maxDets=100 ] = 0.41257
 Average Recall     (AR) @[ IoU=0.50:0.95 | area=   all | maxDets=  1 ] = 0.41907
 Average Recall     (AR) @[ IoU=0.50:0.95 | area=   all | maxDets= 10 ] = 0.59902
 Average Recall     (AR) @[ IoU=0.50:0.95 | area=   all | maxDets=100 ] = 0.62798
 Average Recall     (AR) @[ IoU=0.50:0.95 | area= small | maxDets=100 ] = 0.08160
 Average Recall     (AR) @[ IoU=0.50:0.95 | area=medium | maxDets=100 ] = 0.34431
 Average Recall     (AR) @[ IoU=0.50:0.95 | area= large | maxDets=100 ] = 0.67754
mAP=37.336%
 
======================== Result summaries: ========================

