[2025-07-14 18:59:47,751 main.py:237 INFO] Detected system ID: Nvidia_2c86eb58c6bc
[2025-07-14 18:59:47,768 harness.py:241 INFO] The harness will load 2 plugins: ['build/plugins/NMSOptPlugin/libnmsoptplugin.so', 'build/plugins/retinanetConcatPlugin/libretinanetconcatplugin.so']
[2025-07-14 18:59:47,769 generate_conf_files.py:107 INFO] Generated measurements/ entries for Nvidia_2c86eb58c6bc_TRT/retinanet/MultiStream
[2025-07-14 18:59:47,769 harness.py:357 INFO] Using harness launch command...
[2025-07-14 18:59:47,769 __init__.py:46 INFO] Running command: ./build/bin/harness_default --plugins="build/plugins/NMSOptPlugin/libnmsoptplugin.so,build/plugins/retinanetConcatPlugin/libretinanetconcatplugin.so" --logfile_outdir="/home/ubuntu/MLC/repos/local/cache/get-mlperf-inference-results-dir_94a235cb/valid_results/2c86eb58c6bc-nvidia_original-gpu-tensorrt-vdefault-default_config/retinanet/multistream/performance/run_1" --logfile_prefix="mlperf_log_" --performance_sample_count=64 --test_mode="PerformanceOnly" --gpu_copy_streams=1 --gpu_inference_streams=1 --use_deque_limit=true --gpu_batch_size=2 --map_path="data_maps/open-images-v6-mlperf/val_map.txt" --mlperf_conf_path="/home/ubuntu/MLC/repos/local/cache/get-git-repo_inference-src_08c59f8e/inference/mlperf.conf" --tensor_path="build/preprocessed_data/open-images-v6-mlperf/validation/Retinanet/int8_linear" --use_graphs=true --user_conf_path="/home/ubuntu/MLC/repos/gateoverflow@mlperf-automations/script/generate-mlperf-inference-user-conf/tmp/786fed77702a44c496146b8e8af61d6c.conf" --gpu_engine_batch_size="2" --gpu_engines="./build/engines/Nvidia_2c86eb58c6bc/retinanet/MultiStream/retinanet-MultiStream-gpu-retinanet-b2-int8.lwis_k_99_MaxP.plan" --max_dlas=0 --scenario="MultiStream" --model="retinanet" --scenario MultiStream --model retinanet --response_postprocess openimageeffnms
[2025-07-14 18:59:47,769 __init__.py:53 INFO] Overriding Environment
benchmark : Benchmark.Retinanet
buffer_manager_thread_count : 0
data_dir : /home/ubuntu/MLC/repos/local/cache/get-mlperf-inference-nvidia-scratch-space_b4d38010/data
disable_beta1_smallk : True
gpu_batch_size : 2
gpu_copy_streams : 1
gpu_inference_streams : 1
input_dtype : int8
input_format : linear
log_dir : /home/ubuntu/MLC/repos/local/cache/get-git-repo_mlperf-inferenc_2b08c1b6/repo/closed/NVIDIA/build/logs/2025.07.14-18.59.45
map_path : data_maps/open-images-v6-mlperf/val_map.txt
mlperf_conf_path : /home/ubuntu/MLC/repos/local/cache/get-git-repo_inference-src_08c59f8e/inference/mlperf.conf
multi_stream_expected_latency_ns : 0
multi_stream_samples_per_query : 8
multi_stream_target_latency_percentile : 99
precision : int8
preprocessed_data_dir : /home/ubuntu/MLC/repos/local/cache/get-mlperf-inference-nvidia-scratch-space_b4d38010/preprocessed_data
scenario : Scenario.MultiStream
system : System(cpu=CPU(name='Intel(R) Xeon(R) w7-2495X', architecture=<CPUArchitecture.x86_64: AliasedName(name='x86_64', aliases=(), patterns=())>, vendor='GenuineIntel', cores_per_group=24, threads_per_core=2, n_groups=1, group_type=<GroupType.Socket: 'socket'>, numa_nodes=[[Interval(start=0, end=47)]], flags={'split_lock_detect', 'xgetbv1', 'intel_ppin', 'ospke', 'xsave', 'fpu', 'clwb', 'umip', 'monitor', 'tsc_known_freq', 'wbnoinvd', 'cqm_mbm_total', 'avx512_vnni', 'abm', 'avx', 'avx512_vpopcntdq', 'bmi1', 'rep_good', 'avx2', 'clflush', 'sse4_2', 'pln', 'ssbd', 'fsgsbase', 'vmx', 'rdseed', 'de', 'nopl', 'nonstop_tsc', 'dts', '3dnowprefetch', 'hwp_act_window', 'bts', 'fxsr', 'dca', 'movdiri', 'dtes64', 'cat_l3', 'sse', 'pat', 'aperfmperf', 'amx_tile', 'vme', 'x2apic', 'pdpe1gb', 'smap', 'pse36', 'xtopology', 'cdp_l2', 'avx512bw', 'la57', 'dtherm', 'avx512_fp16', 'popcnt', 'cpuid', 'sdbg', 'tsc_deadline_timer', 'cqm_mbm_local', 'pdcm', 'gfni', 'sse2', 'ept_ad', 'arat', 'ibt', 'pbe', 'pcid', 'ibrs_enhanced', 'tpr_shadow', 'nx', 'epb', 'stibp', 'cqm_occup_llc', 'waitpkg', 'hwp', 'ibrs', 'xsavec', 'cx16', 'invpcid', 'serialize', 'pse', 'amx_bf16', 'sha_ni', 'avx512_bf16', 'flexpriority', 'avx512dq', 'bus_lock_detect', 'aes', 'pclmulqdq', 'apic', 'xsaveopt', 'cqm_llc', 'avx512_bitalg', 'md_clear', 'lm', 'avx512ifma', 'vaes', 'sep', 'vpclmulqdq', 'xtpr', 'smep', 'pge', 'mtrr', 'erms', 'tsc_adjust', 'cldemote', 'arch_perfmon', 'enqcmd', 'hwp_epp', 'cpuid_fault', 'syscall', 'avx512_vbmi2', 'arch_lbr', 'pconfig', 'amx_int8', 'cat_l2', 'ept', 'ssse3', 'avx512vbmi', 'vpid', 'mce', 'est', 'rdrand', 'lahf_lm', 'tsxldtrk', 'pts', 'tsc', 'arch_capabilities', 'tm', 'constant_tsc', 'cmov', 'clflushopt', 'avx512vl', 'pni', 'avx512f', 'smx', 'intel_pt', 'fsrm', 'movbe', 'sse4_1', 'fma', 'acpi', 'cx8', 'cqm', 'user_shstk', 'msr', 'cdp_l3', 'art', 'bmi2', 'ida', 'movdir64b', 'vnmi', 'ss', 'pku', 'rdtscp', 'tm2', 'f16c', 'hwp_pkg_req', 'flush_l1d', 'adx', 'ibpb', 'ht', 'ds_cpl', 'xsaves', 'pebs', 'rdt_a', 'mba', 'mca', 'avx_vnni', 'mmx', 'avx512cd', 'rdpid', 'pae'}, vulnerabilities={'spec store bypass': 'Mitigation; Speculative Store Bypass disabled via prctl', 'spectre v1': 'Mitigation; usercopy/swapgs barriers and __user pointer sanitization', 'spectre v2': 'Mitigation; Enhanced / Automatic IBRS; IBPB conditional; RSB filling; PBRSB-eIBRS SW sequence; BHI BHI_DIS_S'}), host_memory=HostMemory(capacity=Memory(quantity=197.333724, byte_suffix=<ByteSuffix.GB: (1000, 3)>, _num_bytes=197333724000)), accelerators={<class 'nvmitten.nvidia.accelerator.GPU'>: [GPU(name='NVIDIA GeForce RTX 4090', pci_id='0x268410DE', compute_sm=ComputeSM(major=8, minor=9), vram=Memory(quantity=23.64288330078125, byte_suffix=<ByteSuffix.GiB: (1024, 3)>, _num_bytes=25386352640), max_power_limit=450.0, is_integrated=False, gpu_index=0), GPU(name='NVIDIA GeForce RTX 4090', pci_id='0x268410DE', compute_sm=ComputeSM(major=8, minor=9), vram=Memory(quantity=23.64019775390625, byte_suffix=<ByteSuffix.GiB: (1024, 3)>, _num_bytes=25383469056), max_power_limit=500.0, is_integrated=False, gpu_index=1)], <class 'nvmitten.nvidia.accelerator.DLA'>: []}, extras={'id': 'Nvidia_2c86eb58c6bc', 'tags': {'is_ada', 'custom', 'gpu_based', 'is_ampere', 'multi_gpu'}, 'name': 'Nvidia_2c86eb58c6bc', 'primary_compute_sm': ComputeSM(major=8, minor=9)})
tensor_path : build/preprocessed_data/open-images-v6-mlperf/validation/Retinanet/int8_linear
test_mode : PerformanceOnly
use_deque_limit : True
use_graphs : True
user_conf_path : /home/ubuntu/MLC/repos/gateoverflow@mlperf-automations/script/generate-mlperf-inference-user-conf/tmp/786fed77702a44c496146b8e8af61d6c.conf
system_id : Nvidia_2c86eb58c6bc
config_name : Nvidia_2c86eb58c6bc_retinanet_MultiStream
workload_setting : WorkloadSetting(HarnessType.LWIS, AccuracyTarget.k_99, PowerSetting.MaxP)
optimization_level : plugin-enabled
num_profiles : 1
config_ver : lwis_k_99_MaxP
accuracy_level : 99%
inference_server : lwis
skip_file_checks : False
power_limit : None
cpu_freq : None
gpu_engine_batch_size : 2
&&&& RUNNING Default_Harness # ./build/bin/harness_default
[I] mlperf.conf path: /home/ubuntu/MLC/repos/local/cache/get-git-repo_inference-src_08c59f8e/inference/mlperf.conf
[I] user.conf path: /home/ubuntu/MLC/repos/gateoverflow@mlperf-automations/script/generate-mlperf-inference-user-conf/tmp/786fed77702a44c496146b8e8af61d6c.conf
Creating QSL.
Finished Creating QSL.
Setting up SUT.
[I] [TRT] Loaded engine size: 76 MiB
[I] Device:0.GPU: [0] ./build/engines/Nvidia_2c86eb58c6bc/retinanet/MultiStream/retinanet-MultiStream-gpu-retinanet-b2-int8.lwis_k_99_MaxP.plan has been successfully loaded.
[I] [TRT] Loaded engine size: 76 MiB
[W] [TRT] Using an engine plan file across different models of devices is not recommended and is likely to affect performance or even cause errors.
[I] Device:1.GPU: [0] ./build/engines/Nvidia_2c86eb58c6bc/retinanet/MultiStream/retinanet-MultiStream-gpu-retinanet-b2-int8.lwis_k_99_MaxP.plan has been successfully loaded.
[I] [TRT] [MemUsageChange] TensorRT-managed allocation in IExecutionContext creation: CPU +1, GPU +1528, now: CPU 1, GPU 1671 (MiB)
[I] [TRT] [MemUsageChange] TensorRT-managed allocation in IExecutionContext creation: CPU +0, GPU +1527, now: CPU 1, GPU 3198 (MiB)
[I] Start creating CUDA graphs
[I] Capture 2 CUDA graphs
[I] Capture 2 CUDA graphs
[I] Finish creating CUDA graphs
[I] Creating batcher thread: 0 EnableBatcherThreadPerDevice: false
Finished setting up SUT.
Starting warmup. Running for a minimum of 5 seconds.
Finished warmup. Ran for 5.13936s.
Starting running actual test.
================================================
MLPerf Results Summary
================================================
SUT name : LWIS_Server
Scenario : MultiStream
Mode     : PerformanceOnly
99.0th percentile latency (ns) : 5483563
Result is : VALID
  Min duration satisfied : Yes
  Min queries satisfied : Yes
  Early stopping satisfied: Yes
Early Stopping Result:
 * Processed at least 662 queries (114725).
 * Would discard 1068 highest latency queries.
 * Early stopping 99.0th percentile estimate: 5486531

================================================
Additional Stats
================================================
Per-query latency:  
Min latency (ns)                : 5059757
Max latency (ns)                : 6097098
Mean latency (ns)               : 5212716
50.00 percentile latency (ns)   : 5200513
90.00 percentile latency (ns)   : 5263703
95.00 percentile latency (ns)   : 5341781
97.00 percentile latency (ns)   : 5419129
99.00 percentile latency (ns)   : 5483563
99.90 percentile latency (ns)   : 5602886

================================================
Test Parameters Used
================================================
samples_per_query : 8
target_qps : 2500
target_latency (ns): 0
max_async_queries : 1
min_duration (ms): 600000
max_duration (ms): 660000
min_query_count : 662
max_query_count : 0
qsl_rng_seed : 1780908523862526354
sample_index_rng_seed : 14771362308971278857
schedule_rng_seed : 18209322760996052031
accuracy_log_rng_seed : 0
accuracy_log_probability : 0
accuracy_log_sampling_target : 0
print_timestamps : 0
performance_issue_unique : 0
performance_issue_same : 0
performance_issue_same_index : 0
performance_sample_count : 64

No warnings encountered during test.

No errors encountered during test.
Finished running actual test.
Device Device:0.GPU processed:
  229450 batches of size 2
  Memcpy Calls: 0
  PerSampleCudaMemcpy Calls: 0
  BatchedCudaMemcpy Calls: 229450
Device Device:1.GPU processed:
  229450 batches of size 2
  Memcpy Calls: 0
  PerSampleCudaMemcpy Calls: 0
  BatchedCudaMemcpy Calls: 229450
&&&& PASSED Default_Harness # ./build/bin/harness_default
[2025-07-14 19:09:55,899 run_harness.py:170 INFO] Result: result_99.00_percentile_per_query_latency_ns: 5483563, Result is VALID, 10-min runtime requirement met: True
 
======================== Result summaries: ========================

