[2025-08-01 15:49:46,867 main.py:237 INFO] Detected system ID: go_rtx4090x2
[2025-08-01 15:49:46,930 harness.py:241 INFO] The harness will load 2 plugins: ['build/plugins/NMSOptPlugin/libnmsoptplugin.so', 'build/plugins/retinanetConcatPlugin/libretinanetconcatplugin.so']
[2025-08-01 15:49:46,931 generate_conf_files.py:107 INFO] Generated measurements/ entries for go_rtx4090x2_TRT/retinanet/Offline
[2025-08-01 15:49:46,931 harness.py:357 INFO] Using harness launch command...
[2025-08-01 15:49:46,931 __init__.py:46 INFO] Running command: ./build/bin/harness_default --plugins="build/plugins/NMSOptPlugin/libnmsoptplugin.so,build/plugins/retinanetConcatPlugin/libretinanetconcatplugin.so" --logfile_outdir="/home/ubuntu/MLC/repos/local/cache/get-mlperf-inference-results-dir_94a235cb/valid_results/764987c5c33d-nvidia_original-gpu-tensorrt-vdefault-default_config/retinanet/offline/performance/run_1" --logfile_prefix="mlperf_log_" --performance_sample_count=64 --test_mode="PerformanceOnly" --gpu_copy_streams=2 --gpu_inference_streams=2 --use_deque_limit=true --gpu_batch_size=2 --map_path="data_maps/open-images-v6-mlperf/val_map.txt" --mlperf_conf_path="/home/ubuntu/MLC/repos/local/cache/get-git-repo_inference-src_08c59f8e/inference/mlperf.conf" --tensor_path="build/preprocessed_data/open-images-v6-mlperf/validation/Retinanet/int8_linear" --use_graphs=false --user_conf_path="/home/ubuntu/MLC/repos/gateoverflow@mlperf-automations/script/generate-mlperf-inference-user-conf/tmp/72060cf633c54139a5b6bbb06f5cc9ec.conf" --gpu_engine_batch_size="2" --gpu_engines="./build/engines/go_rtx4090x2/retinanet/Offline/retinanet-Offline-gpu-retinanet-b2-int8.lwis_k_99_MaxP.plan" --max_dlas=0 --scenario="Offline" --model="retinanet" --scenario Offline --model retinanet --response_postprocess openimageeffnms
[2025-08-01 15:49:46,931 __init__.py:53 INFO] Overriding Environment
benchmark : Benchmark.Retinanet
buffer_manager_thread_count : 0
data_dir : /home/ubuntu/MLC/repos/local/cache/get-mlperf-inference-nvidia-scratch-space_b4d38010/data
gpu_batch_size : 2
gpu_copy_streams : 2
gpu_inference_streams : 2
input_dtype : int8
input_format : linear
log_dir : /home/ubuntu/MLC/repos/local/cache/get-git-repo_mlperf-inferenc_2b08c1b6/repo/closed/NVIDIA/build/logs/2025.08.01-15.49.43
map_path : data_maps/open-images-v6-mlperf/val_map.txt
mlperf_conf_path : /home/ubuntu/MLC/repos/local/cache/get-git-repo_inference-src_08c59f8e/inference/mlperf.conf
offline_expected_qps : 1700.0
precision : int8
preprocessed_data_dir : /home/ubuntu/MLC/repos/local/cache/get-mlperf-inference-nvidia-scratch-space_b4d38010/preprocessed_data
scenario : Scenario.Offline
system : System(cpu=CPU(name='Intel(R) Xeon(R) w7-2495X', architecture=<CPUArchitecture.x86_64: AliasedName(name='x86_64', aliases=(), patterns=())>, vendor='GenuineIntel', cores_per_group=24, threads_per_core=2, n_groups=1, group_type=<GroupType.Socket: 'socket'>, numa_nodes=[[Interval(start=0, end=47)]], flags={'avx2', 'sha_ni', 'avx512ifma', 'mba', 'rdt_a', 'monitor', 'apic', 'avx512bw', 'pbe', 'pku', 'sse4_1', 'aes', 'avx', 'hwp_pkg_req', 'mce', 'est', 'ibrs', 'aperfmperf', 'sse2', 'vmx', 'syscall', 'clwb', 'cqm', 'tm2', 'pdcm', 'flexpriority', 'rdpid', 'amx_int8', 'mmx', 'arat', 'hwp', 'tsc_known_freq', 'rdseed', 'ept_ad', 'bmi1', 'bmi2', 'dtes64', 'dtherm', 'xsaveopt', 'amx_tile', 'tm', 'cdp_l2', 'vpid', 'avx512dq', 'fxsr', 'avx512_bitalg', 'cx16', 'waitpkg', 'intel_pt', 'tsxldtrk', 'dts', 'cx8', 'pse', 'umip', 'fpu', 'ht', 'x2apic', 'erms', 'lahf_lm', 'fsrm', 'avx512vl', 'avx512_bf16', 'cat_l2', 'pni', 'stibp', 'clflushopt', 'ept', 'fsgsbase', 'serialize', 'cqm_occup_llc', 'cqm_mbm_total', 'vme', 'nx', 'bts', 'art', 'sse', 'cqm_mbm_local', 'amx_bf16', 'ibrs_enhanced', 'nopl', 'acpi', 'lm', 'la57', 'cdp_l3', 'hwp_act_window', 'sep', 'cqm_llc', 'vpclmulqdq', 'pclmulqdq', 'md_clear', 'ds_cpl', 'arch_lbr', 'pat', 'smap', 'vnmi', 'vaes', 'cat_l3', 'tsc_deadline_timer', 'epb', 'xsave', 'movbe', 'arch_capabilities', 'wbnoinvd', 'pae', 'fma', 'xsaves', 'user_shstk', 'pse36', 'hwp_epp', 'popcnt', 'clflush', '3dnowprefetch', 'mtrr', 'constant_tsc', 'avx512cd', 'smx', 'pcid', 'sdbg', 'invpcid', 'nonstop_tsc', 'arch_perfmon', 'pebs', 'rdrand', 'cpuid', 'pln', 'flush_l1d', 'adx', 'dca', 'tpr_shadow', 'avx512vbmi', 'ibpb', 'abm', 'pts', 'bus_lock_detect', 'split_lock_detect', 'ssbd', 'ida', 'movdiri', 'avx512_vbmi2', 'ibt', 'xtpr', 'avx512_vnni', 'avx512_fp16', 'gfni', 'ospke', 'smep', 'cldemote', 'mca', 'ssse3', 'movdir64b', 'tsc_adjust', 'pconfig', 'avx_vnni', 'intel_ppin', 'pge', 'de', 'tsc', 'cpuid_fault', 'pdpe1gb', 'xtopology', 'cmov', 'avx512_vpopcntdq', 'enqcmd', 'rdtscp', 'xsavec', 'xgetbv1', 'rep_good', 'f16c', 'sse4_2', 'ss', 'avx512f', 'msr'}, vulnerabilities={'spec store bypass': 'Mitigation; Speculative Store Bypass disabled via prctl', 'spectre v1': 'Mitigation; usercopy/swapgs barriers and __user pointer sanitization', 'spectre v2': 'Mitigation; Enhanced / Automatic IBRS; IBPB conditional; PBRSB-eIBRS SW sequence; BHI BHI_DIS_S'}), host_memory=HostMemory(capacity=Memory(quantity=197.334696, byte_suffix=<ByteSuffix.GB: (1000, 3)>, _num_bytes=197334696000)), accelerators={<class 'nvmitten.nvidia.accelerator.GPU'>: [GPU(name='NVIDIA GeForce RTX 4090', pci_id='0x268410DE', compute_sm=ComputeSM(major=8, minor=9), vram=Memory(quantity=23.5164794921875, byte_suffix=<ByteSuffix.GiB: (1024, 3)>, _num_bytes=25250627584), max_power_limit=450.0, is_integrated=False, gpu_index=0), GPU(name='NVIDIA GeForce RTX 4090', pci_id='0x268410DE', compute_sm=ComputeSM(major=8, minor=9), vram=Memory(quantity=23.5135498046875, byte_suffix=<ByteSuffix.GiB: (1024, 3)>, _num_bytes=25247481856), max_power_limit=500.0, is_integrated=False, gpu_index=1)], <class 'nvmitten.nvidia.accelerator.DLA'>: []}, extras={'id': 'go_rtx4090x2', 'tags': {'is_ada', 'is_ampere', 'custom', 'gpu_based', 'multi_gpu'}, 'name': 'go_rtx4090x2', 'primary_compute_sm': ComputeSM(major=8, minor=9)})
tensor_path : build/preprocessed_data/open-images-v6-mlperf/validation/Retinanet/int8_linear
test_mode : PerformanceOnly
use_deque_limit : True
use_graphs : False
user_conf_path : /home/ubuntu/MLC/repos/gateoverflow@mlperf-automations/script/generate-mlperf-inference-user-conf/tmp/72060cf633c54139a5b6bbb06f5cc9ec.conf
system_id : go_rtx4090x2
config_name : go_rtx4090x2_retinanet_Offline
workload_setting : WorkloadSetting(HarnessType.LWIS, AccuracyTarget.k_99, PowerSetting.MaxP)
optimization_level : plugin-enabled
num_profiles : 2
config_ver : lwis_k_99_MaxP
accuracy_level : 99%
inference_server : lwis
skip_file_checks : False
power_limit : None
cpu_freq : None
gpu_engine_batch_size : 2
&&&& RUNNING Default_Harness # ./build/bin/harness_default
[I] mlperf.conf path: /home/ubuntu/MLC/repos/local/cache/get-git-repo_inference-src_08c59f8e/inference/mlperf.conf
[I] user.conf path: /home/ubuntu/MLC/repos/gateoverflow@mlperf-automations/script/generate-mlperf-inference-user-conf/tmp/72060cf633c54139a5b6bbb06f5cc9ec.conf
Creating QSL.
Finished Creating QSL.
Setting up SUT.
[I] [TRT] Loaded engine size: 77 MiB
[I] Device:0.GPU: [0] ./build/engines/go_rtx4090x2/retinanet/Offline/retinanet-Offline-gpu-retinanet-b2-int8.lwis_k_99_MaxP.plan has been successfully loaded.
[I] [TRT] Loaded engine size: 77 MiB
[W] [TRT] Using an engine plan file across different models of devices is not recommended and is likely to affect performance or even cause errors.
[I] Device:1.GPU: [0] ./build/engines/go_rtx4090x2/retinanet/Offline/retinanet-Offline-gpu-retinanet-b2-int8.lwis_k_99_MaxP.plan has been successfully loaded.
[I] [TRT] [MemUsageChange] TensorRT-managed allocation in IExecutionContext creation: CPU +0, GPU +1528, now: CPU 1, GPU 1671 (MiB)
[I] [TRT] [MemUsageChange] TensorRT-managed allocation in IExecutionContext creation: CPU +1, GPU +1527, now: CPU 2, GPU 3198 (MiB)
[I] [TRT] Switching optimization profile from: 0 to 1. Please ensure there are no enqueued operations pending in this context prior to switching profiles
[I] [TRT] [MemUsageChange] TensorRT-managed allocation in IExecutionContext creation: CPU +0, GPU +1528, now: CPU 2, GPU 4726 (MiB)
[I] [TRT] [MemUsageChange] TensorRT-managed allocation in IExecutionContext creation: CPU +1, GPU +1528, now: CPU 3, GPU 6254 (MiB)
[I] [TRT] Switching optimization profile from: 0 to 1. Please ensure there are no enqueued operations pending in this context prior to switching profiles
[I] Creating batcher thread: 0 EnableBatcherThreadPerDevice: false
Finished setting up SUT.
Starting warmup. Running for a minimum of 5 seconds.
Finished warmup. Ran for 5.03807s.
Starting running actual test.
================================================
MLPerf Results Summary
================================================
SUT name : LWIS_Server
Scenario : Offline
Mode     : PerformanceOnly
Samples per second: 1760.45
Result is : VALID
  Min duration satisfied : Yes
  Min queries satisfied : Yes
  Early stopping satisfied: Yes

================================================
Additional Stats
================================================
Min latency (ns)                : 16284385
Max latency (ns)                : 637337652035
Mean latency (ns)               : 318315826127
50.00 percentile latency (ns)   : 318251163866
90.00 percentile latency (ns)   : 573553186297
95.00 percentile latency (ns)   : 605456622609
97.00 percentile latency (ns)   : 618208273210
99.00 percentile latency (ns)   : 630965865837
99.90 percentile latency (ns)   : 636701131679

================================================
Test Parameters Used
================================================
samples_per_query : 1122000
target_qps : 1700
target_latency (ns): 0
max_async_queries : 1
min_duration (ms): 600000
max_duration (ms): 0
min_query_count : 1
max_query_count : 0
qsl_rng_seed : 1780908523862526354
sample_index_rng_seed : 14771362308971278857
schedule_rng_seed : 18209322760996052031
accuracy_log_rng_seed : 0
accuracy_log_probability : 0
accuracy_log_sampling_target : 0
print_timestamps : 0
performance_issue_unique : 0
performance_issue_same : 0
performance_issue_same_index : 0
performance_sample_count : 64

No warnings encountered during test.

No errors encountered during test.
Finished running actual test.
Device Device:0.GPU processed:
  280525 batches of size 2
  Memcpy Calls: 0
  PerSampleCudaMemcpy Calls: 0
  BatchedCudaMemcpy Calls: 280525
Device Device:1.GPU processed:
  280475 batches of size 2
  Memcpy Calls: 0
  PerSampleCudaMemcpy Calls: 0
  BatchedCudaMemcpy Calls: 280475
&&&& PASSED Default_Harness # ./build/bin/harness_default
[2025-08-01 16:00:31,364 run_harness.py:170 INFO] Result: result_samples_per_second: 1760.45, Result is VALID, 10-min runtime requirement met: True
 
======================== Result summaries: ========================

