client 2025-07-29 17:08:16,850 [INFO] Sending command to the server: 'mlcommons/power client v3'
client 2025-07-29 17:08:16,850 [INFO] Got response: 'mlcommons/power server v3'
client 2025-07-29 17:08:16,850 [INFO] Sending command to the server: 'stop'
client 2025-07-29 17:08:16,850 [INFO] Got response: 'OK'
client 2025-07-29 17:08:16,850 [INFO] Synchronizing with the server and with ntp.ubuntu.com...
client 2025-07-29 17:08:16,945 [INFO] NTP:offset = -0.000 s, delay = 0.090 s 
client 2025-07-29 17:08:16,945 [INFO] Sending command to the server: 'time'
client 2025-07-29 17:08:16,945 [INFO] Got response: '1753808896.9452543'
client 2025-07-29 17:08:16,945 [INFO] The time difference between the client and the server is within range -0.067 ms..0.062 ms
client 2025-07-29 17:08:16,945 [INFO] Sending command to the server: 'new,,9341ac94-c0d8-4a9d-bd0e-68e7c05031f4'
client 2025-07-29 17:08:16,945 [INFO] Got response: 'OK 2025-07-29_17-08-16,928667be-35c5-4c5e-beb9-10ba0ee23845'
client 2025-07-29 17:08:16,945 [INFO] Session id is '2025-07-29_17-08-16'
client 2025-07-29 17:08:16,945 [INFO] Sources: {"sources": {"__init__.py": "da39a3ee5e6b4b0d3255bfef95601890afd80709", "client.py": "33ca4f26368777ac06e01f9567b714a4b8063886", "lib/__init__.py": "da39a3ee5e6b4b0d3255bfef95601890afd80709", "lib/client.py": "ac2aa093c8e8bbc9569b9e2a3471bc64e58a2258", "lib/common.py": "611d8b29633d331eb19c9455ea3b5fa3284ed6df", "lib/external/__init__.py": "da39a3ee5e6b4b0d3255bfef95601890afd80709", "lib/external/ntplib.py": "4da8f970656505a40483206ef2b5d3dd5e81711d", "lib/server.py": "99303c836c683aa9017ec565104e636161d02acb", "lib/source_hashes.py": "60a2e02193209e8d392803326208d5466342da18", "lib/summary.py": "aa92f0a3f975eecd44d3c0cd0236342ccc9f941d", "lib/time_sync.py": "80894ef2389e540781ff78de94db16aa4203a14e", "server.py": "c3f90f2f7eeb4db30727556d0c815ebc89b3d28b", "tests/unit/__init__.py": "da39a3ee5e6b4b0d3255bfef95601890afd80709", "tests/unit/test_server.py": "948c1995d4008bc2aa6c4046a34ffa3858d6d671", "tests/unit/test_source_hashes.py": "00468a2907583c593e6574a1f6b404e4651c221a"}, "modules": {"ptd_client_server.lib.client": "lib/client.py", "ptd_client_server.lib.common": "lib/common.py", "ptd_client_server.lib.external.ntplib": "lib/external/ntplib.py", "ptd_client_server.lib.source_hashes": "lib/source_hashes.py", "ptd_client_server.lib.summary": "lib/summary.py", "ptd_client_server.lib.time_sync": "lib/time_sync.py"}}
client 2025-07-29 17:08:16,945 [INFO] Running workload in ranging mode
client 2025-07-29 17:08:16,945 [INFO] Synchronizing with the server and with ntp.ubuntu.com...
client 2025-07-29 17:08:17,038 [INFO] NTP:offset = -0.000 s, delay = 0.090 s 
client 2025-07-29 17:08:17,038 [INFO] Sending command to the server: 'time'
client 2025-07-29 17:08:17,038 [INFO] Got response: '1753808897.0388887'
client 2025-07-29 17:08:17,038 [INFO] The time difference between the client and the server is within range -0.072 ms..0.076 ms
client 2025-07-29 17:08:17,038 [INFO] Sending command to the server: 'session,2025-07-29_17-08-16,start,ranging'
client 2025-07-29 17:08:42,326 [INFO] Got response: 'OK'
client 2025-07-29 17:08:42,326 [INFO] Sending command to the server: 'time'
client 2025-07-29 17:08:42,326 [INFO] Got response: '1753808922.326551'
client 2025-07-29 17:08:42,326 [INFO] The time difference between the client and the server is within range -0.091 ms..0.057 ms
client 2025-07-29 17:08:42,326 [INFO] Running the workload 'LOG_DIR=/work/build/power_logs_temp python3 -m code.main --benchmarks=llama3_1-405b --scenarios=Server --action="run_harness" \\\n\t\t2>&1 | tee -a /work/build/power_logs/2025.07.29-17.07.10/stdout.txt \\\n\t\t&& if [ ! -d /work/build/power_logs/2025.07.29-17.07.10/ranging_tmp ]; \\\n\t\t\tthen mkdir /work/build/power_logs/2025.07.29-17.07.10/ranging_tmp \\\n\t\t\t\t&& mv /work/build/power_logs_temp/* /work/build/power_logs/2025.07.29-17.07.10/ranging_tmp/ \\\n\t\t\t\t&& cp -v /work/build/power_logs/2025.07.29-17.07.10/ranging_tmp/*/*/*/mlperf_log_detail.txt /work/build/power_logs_temp/ \\\n\t\t\t\t&& cp -v /work/build/power_logs/2025.07.29-17.07.10/ranging_tmp/*/*/*/mlperf_log_summary.txt /work/build/power_logs_temp/; \\\n\t\t\telse mkdir /work/build/power_logs/2025.07.29-17.07.10/testing_tmp \\\n\t\t\t\t&& mv /work/build/power_logs_temp/* /work/build/power_logs/2025.07.29-17.07.10/testing_tmp/ \\\n\t\t\t\t&& cp -v /work/build/power_logs/2025.07.29-17.07.10/testing_tmp/*/*/*/mlperf_log_detail.txt /work/build/power_logs_temp/ \\\n\t\t\t\t&& cp -v /work/build/power_logs/2025.07.29-17.07.10/testing_tmp/*/*/*/mlperf_log_summary.txt /work/build/power_logs_temp/; fi'
client 2025-07-29 18:26:17,110 [INFO] Sending command to the server: 'time'
client 2025-07-29 18:26:17,111 [INFO] Got response: '1753813577.1112683'
client 2025-07-29 18:26:17,111 [INFO] The time difference between the client and the server is within range -0.310 ms..0.116 ms
client 2025-07-29 18:26:17,111 [INFO] Sending command to the server: 'session,2025-07-29_17-08-16,stop,ranging'
client 2025-07-29 18:26:27,441 [INFO] Got response: 'OK'
client 2025-07-29 18:26:27,441 [INFO] Sending command to the server: 'time'
client 2025-07-29 18:26:27,441 [INFO] Got response: '1753813587.4416416'
client 2025-07-29 18:26:27,441 [INFO] The time difference between the client and the server is within range -0.103 ms..0.062 ms
client 2025-07-29 18:26:27,444 [INFO] Copying loadgen logs from '/work/build/power_logs_temp' to '/work/build/power_logs/2025.07.29-17.07.10/2025-07-29_17-08-16/ranging'
client 2025-07-29 18:26:27,444 [INFO] Running workload in testing mode
client 2025-07-29 18:26:27,444 [INFO] Synchronizing with the server and with ntp.ubuntu.com...
client 2025-07-29 18:26:27,538 [INFO] NTP:offset = -0.000 s, delay = 0.090 s 
client 2025-07-29 18:26:27,538 [INFO] Sending command to the server: 'time'
client 2025-07-29 18:26:27,538 [INFO] Got response: '1753813587.5383103'
client 2025-07-29 18:26:27,538 [INFO] The time difference between the client and the server is within range -0.072 ms..0.067 ms
client 2025-07-29 18:26:27,538 [INFO] Sending command to the server: 'session,2025-07-29_17-08-16,start,testing'
client 2025-07-29 18:26:39,376 [INFO] Got response: 'OK'
client 2025-07-29 18:26:39,376 [INFO] Sending command to the server: 'time'
client 2025-07-29 18:26:39,376 [INFO] Got response: '1753813599.3767307'
client 2025-07-29 18:26:39,376 [INFO] The time difference between the client and the server is within range -0.086 ms..0.057 ms
client 2025-07-29 18:26:39,376 [INFO] Running the workload 'LOG_DIR=/work/build/power_logs_temp python3 -m code.main --benchmarks=llama3_1-405b --scenarios=Server --action="run_harness" \\\n\t\t2>&1 | tee -a /work/build/power_logs/2025.07.29-17.07.10/stdout.txt \\\n\t\t&& if [ ! -d /work/build/power_logs/2025.07.29-17.07.10/ranging_tmp ]; \\\n\t\t\tthen mkdir /work/build/power_logs/2025.07.29-17.07.10/ranging_tmp \\\n\t\t\t\t&& mv /work/build/power_logs_temp/* /work/build/power_logs/2025.07.29-17.07.10/ranging_tmp/ \\\n\t\t\t\t&& cp -v /work/build/power_logs/2025.07.29-17.07.10/ranging_tmp/*/*/*/mlperf_log_detail.txt /work/build/power_logs_temp/ \\\n\t\t\t\t&& cp -v /work/build/power_logs/2025.07.29-17.07.10/ranging_tmp/*/*/*/mlperf_log_summary.txt /work/build/power_logs_temp/; \\\n\t\t\telse mkdir /work/build/power_logs/2025.07.29-17.07.10/testing_tmp \\\n\t\t\t\t&& mv /work/build/power_logs_temp/* /work/build/power_logs/2025.07.29-17.07.10/testing_tmp/ \\\n\t\t\t\t&& cp -v /work/build/power_logs/2025.07.29-17.07.10/testing_tmp/*/*/*/mlperf_log_detail.txt /work/build/power_logs_temp/ \\\n\t\t\t\t&& cp -v /work/build/power_logs/2025.07.29-17.07.10/testing_tmp/*/*/*/mlperf_log_summary.txt /work/build/power_logs_temp/; fi'
client 2025-07-29 19:44:22,558 [INFO] Sending command to the server: 'time'
client 2025-07-29 19:44:22,558 [INFO] Got response: '1753818262.5587044'
client 2025-07-29 19:44:22,558 [INFO] The time difference between the client and the server is within range -0.329 ms..0.110 ms
client 2025-07-29 19:44:22,558 [INFO] Sending command to the server: 'session,2025-07-29_17-08-16,stop,testing'
client 2025-07-29 19:44:33,485 [INFO] Got response: 'OK'
client 2025-07-29 19:44:33,485 [INFO] Sending command to the server: 'time'
client 2025-07-29 19:44:33,485 [INFO] Got response: '1753818273.4853668'
client 2025-07-29 19:44:33,485 [INFO] The time difference between the client and the server is within range -0.066 ms..0.052 ms
client 2025-07-29 19:44:33,486 [INFO] Copying loadgen logs from '/work/build/power_logs_temp' to '/work/build/power_logs/2025.07.29-17.07.10/2025-07-29_17-08-16/run_1'
client 2025-07-29 19:44:33,486 [INFO] Done runs
