[2025-07-15 00:01:51,407 main.py:237 INFO] Detected system ID: Nvidia_2c86eb58c6bc
[2025-07-15 00:01:51,423 harness.py:241 INFO] The harness will load 3 plugins: ['build/plugins/pixelShuffle3DPlugin/libpixelshuffle3dplugin.so', 'build/plugins/conv3D1X1X1K4Plugin/libconv3D1X1X1K4Plugin.so', 'build/plugins/conv3D3X3X3C1K32Plugin/libconv3D3X3X3C1K32Plugin.so']
[2025-07-15 00:01:51,423 generate_conf_files.py:107 INFO] Generated measurements/ entries for Nvidia_2c86eb58c6bc_TRT/3d-unet-99/Offline
[2025-07-15 00:01:51,424 harness.py:357 INFO] Using harness launch command...
[2025-07-15 00:01:51,424 __init__.py:46 INFO] Running command: ./build/bin/harness_3dunet --plugins="build/plugins/pixelShuffle3DPlugin/libpixelshuffle3dplugin.so,build/plugins/conv3D1X1X1K4Plugin/libconv3D1X1X1K4Plugin.so,build/plugins/conv3D3X3X3C1K32Plugin/libconv3D3X3X3C1K32Plugin.so" --logfile_outdir="/home/ubuntu/MLC/repos/local/cache/get-mlperf-inference-results-dir_94a235cb/valid_results/2c86eb58c6bc-nvidia_original-gpu-tensorrt-vdefault-default_config/3d-unet-99/offline/accuracy" --logfile_prefix="mlperf_log_" --performance_sample_count=43 --test_mode="AccuracyOnly" --gpu_copy_streams=1 --gpu_inference_streams=1 --use_deque_limit=true --gpu_batch_size=8 --map_path="data_maps/kits19/val_map.txt" --mlperf_conf_path="/home/ubuntu/MLC/repos/local/cache/get-git-repo_inference-src_08c59f8e/inference/mlperf.conf" --tensor_path="build/preprocessed_data/KiTS19/inference/int8" --use_graphs=false --user_conf_path="/home/ubuntu/MLC/repos/gateoverflow@mlperf-automations/script/generate-mlperf-inference-user-conf/tmp/5c2122454bed40eeba00228a9f1b6cc2.conf" --unet3d_sw_gaussian_patch_path="/home/ubuntu/MLC/repos/local/cache/get-mlperf-inference-nvidia-scratch-space_b4d38010/preprocessed_data/KiTS19/etc/gaussian_patches.npy" --gpu_engines="./build/engines/Nvidia_2c86eb58c6bc/3d-unet/Offline/3d-unet-Offline-gpu-3d-unet-b8-int8.custom_k_99_MaxP.plan" --max_dlas=0 --slice_overlap_patch_kernel_cg_impl=false --scenario="Offline" --model="3d-unet" --scenario Offline --model 3d-unet
[2025-07-15 00:01:51,424 __init__.py:53 INFO] Overriding Environment
benchmark : Benchmark.UNET3D
buffer_manager_thread_count : 0
data_dir : /home/ubuntu/MLC/repos/local/cache/get-mlperf-inference-nvidia-scratch-space_b4d38010/data
gpu_batch_size : 8
gpu_copy_streams : 1
gpu_inference_streams : 1
input_dtype : int8
input_format : linear
log_dir : /home/ubuntu/MLC/repos/local/cache/get-git-repo_mlperf-inferenc_2b08c1b6/repo/closed/NVIDIA/build/logs/2025.07.15-00.01.48
map_path : data_maps/kits19/val_map.txt
mlperf_conf_path : /home/ubuntu/MLC/repos/local/cache/get-git-repo_inference-src_08c59f8e/inference/mlperf.conf
offline_expected_qps : 0.0
precision : int8
preprocessed_data_dir : /home/ubuntu/MLC/repos/local/cache/get-mlperf-inference-nvidia-scratch-space_b4d38010/preprocessed_data
scenario : Scenario.Offline
slice_overlap_patch_kernel_cg_impl : False
system : System(cpu=CPU(name='Intel(R) Xeon(R) w7-2495X', architecture=<CPUArchitecture.x86_64: AliasedName(name='x86_64', aliases=(), patterns=())>, vendor='GenuineIntel', cores_per_group=24, threads_per_core=2, n_groups=1, group_type=<GroupType.Socket: 'socket'>, numa_nodes=[[Interval(start=0, end=47)]], flags={'pge', 'ibrs_enhanced', 'tm2', 'wbnoinvd', 'cmov', 'de', 'vmx', 'tsc_known_freq', 'user_shstk', 'dtes64', 'xtpr', 'apic', 'sse2', 'vpclmulqdq', 'cdp_l2', 'rdt_a', 'avx512_vpopcntdq', 'xsaveopt', 'ibt', 'avx', 'tsxldtrk', 'amx_int8', 'pdpe1gb', 'erms', 'ssse3', 'umip', 'est', 'mmx', 'ept_ad', 'nonstop_tsc', 'flush_l1d', 'sha_ni', 'cldemote', 'lm', 'xsaves', 'avx512vl', 'ht', 'mtrr', 'constant_tsc', 'ept', 'bus_lock_detect', 'cqm_mbm_total', 'xtopology', 'ds_cpl', 'smx', 'pbe', 'cpuid_fault', 'amx_tile', 'fxsr', 'cqm_mbm_local', 'vaes', 'x2apic', 'fsgsbase', 'pln', 'acpi', 'rdtscp', 'cqm', 'art', 'hwp_epp', 'avx512dq', 'pdcm', 'intel_ppin', 'avx512_fp16', 'enqcmd', 'xsavec', 'tsc', 'movdir64b', 'rdseed', 'smap', 'pku', 'adx', 'rdpid', 'cqm_occup_llc', 'epb', 'msr', 'bmi2', 'f16c', 'pae', 'hwp', 'xgetbv1', 'avx512f', 'ida', 'waitpkg', 'lahf_lm', 'clflushopt', 'split_lock_detect', 'invpcid', 'pse36', 'mba', 'gfni', 'xsave', 'sse4_1', 'ss', 'avx512_bf16', 'avx512_vnni', 'nx', 'syscall', 'pat', '3dnowprefetch', 'sep', 'cpuid', 'dts', 'sse4_2', 'aes', 'intel_pt', 'movdiri', 'mca', 'monitor', 'tsc_deadline_timer', 'cat_l3', 'pse', 'fsrm', 'arch_lbr', 'clflush', 'arch_capabilities', 'pconfig', 'bts', 'avx512cd', 'flexpriority', 'hwp_pkg_req', 'pts', 'cx16', 'ospke', 'tpr_shadow', 'clwb', 'ibrs', 'vpid', 'cqm_llc', 'pebs', 'fpu', 'cx8', 'pclmulqdq', 'md_clear', 'ibpb', 'arat', 'tsc_adjust', 'abm', 'cat_l2', 'avx2', 'smep', 'avx512_bitalg', 'pni', 'stibp', 'ssbd', 'mce', 'cdp_l3', 'avx512_vbmi2', 'rep_good', 'pcid', 'movbe', 'sdbg', 'rdrand', 'aperfmperf', 'avx_vnni', 'arch_perfmon', 'popcnt', 'vme', 'dca', 'dtherm', 'vnmi', 'tm', 'avx512bw', 'fma', 'bmi1', 'avx512ifma', 'la57', 'sse', 'hwp_act_window', 'avx512vbmi', 'nopl', 'amx_bf16', 'serialize'}, vulnerabilities={'spec store bypass': 'Mitigation; Speculative Store Bypass disabled via prctl', 'spectre v1': 'Mitigation; usercopy/swapgs barriers and __user pointer sanitization', 'spectre v2': 'Mitigation; Enhanced / Automatic IBRS; IBPB conditional; RSB filling; PBRSB-eIBRS SW sequence; BHI BHI_DIS_S'}), host_memory=HostMemory(capacity=Memory(quantity=197.333724, byte_suffix=<ByteSuffix.GB: (1000, 3)>, _num_bytes=197333724000)), accelerators={<class 'nvmitten.nvidia.accelerator.GPU'>: [GPU(name='NVIDIA GeForce RTX 4090', pci_id='0x268410DE', compute_sm=ComputeSM(major=8, minor=9), vram=Memory(quantity=23.64288330078125, byte_suffix=<ByteSuffix.GiB: (1024, 3)>, _num_bytes=25386352640), max_power_limit=450.0, is_integrated=False, gpu_index=0), GPU(name='NVIDIA GeForce RTX 4090', pci_id='0x268410DE', compute_sm=ComputeSM(major=8, minor=9), vram=Memory(quantity=23.64019775390625, byte_suffix=<ByteSuffix.GiB: (1024, 3)>, _num_bytes=25383469056), max_power_limit=500.0, is_integrated=False, gpu_index=1)], <class 'nvmitten.nvidia.accelerator.DLA'>: []}, extras={'id': 'Nvidia_2c86eb58c6bc', 'tags': {'multi_gpu', 'gpu_based', 'is_ada', 'custom', 'is_ampere'}, 'name': 'Nvidia_2c86eb58c6bc', 'primary_compute_sm': ComputeSM(major=8, minor=9)})
tensor_path : build/preprocessed_data/KiTS19/inference/int8
test_mode : AccuracyOnly
unet3d_sw_gaussian_patch_path : /home/ubuntu/MLC/repos/local/cache/get-mlperf-inference-nvidia-scratch-space_b4d38010/preprocessed_data/KiTS19/etc/gaussian_patches.npy
use_deque_limit : True
use_graphs : False
user_conf_path : /home/ubuntu/MLC/repos/gateoverflow@mlperf-automations/script/generate-mlperf-inference-user-conf/tmp/5c2122454bed40eeba00228a9f1b6cc2.conf
system_id : Nvidia_2c86eb58c6bc
config_name : Nvidia_2c86eb58c6bc_3d-unet_Offline
workload_setting : WorkloadSetting(HarnessType.Custom, AccuracyTarget.k_99, PowerSetting.MaxP)
optimization_level : plugin-enabled
num_profiles : 1
config_ver : custom_k_99_MaxP
accuracy_level : 99%
inference_server : custom
skip_file_checks : False
power_limit : None
cpu_freq : None
gpu_engine_batch_size : 8
&&&& RUNNING MLPerf_Inference_3DUNet_Harness # ./build/bin/harness_3dunet
[I] mlperf.conf path: /home/ubuntu/MLC/repos/local/cache/get-git-repo_inference-src_08c59f8e/inference/mlperf.conf
[I] user.conf path: /home/ubuntu/MLC/repos/gateoverflow@mlperf-automations/script/generate-mlperf-inference-user-conf/tmp/5c2122454bed40eeba00228a9f1b6cc2.conf
Creating QSL.
Finished Creating QSL.
Setting up SUT.
[I] [TRT] Loaded engine size: 32 MiB
[I] Device:0: ./build/engines/Nvidia_2c86eb58c6bc/3d-unet/Offline/3d-unet-Offline-gpu-3d-unet-b8-int8.custom_k_99_MaxP.plan has been successfully loaded.
[I] [TRT] Loaded engine size: 32 MiB
[W] [TRT] Using an engine plan file across different models of devices is not recommended and is likely to affect performance or even cause errors.
[I] Device:1: ./build/engines/Nvidia_2c86eb58c6bc/3d-unet/Offline/3d-unet-Offline-gpu-3d-unet-b8-int8.custom_k_99_MaxP.plan has been successfully loaded.
[W] [TRT] hasImplicitBatchDimension is deprecated and always return false.
[I] [TRT] [MemUsageChange] TensorRT-managed allocation in IExecutionContext creation: CPU +0, GPU +2218, now: CPU 0, GPU 2277 (MiB)
[W] [TRT] hasImplicitBatchDimension is deprecated and always return false.
[W] [TRT] hasImplicitBatchDimension is deprecated and always return false.
[I] [TRT] [MemUsageChange] TensorRT-managed allocation in IExecutionContext creation: CPU +0, GPU +2217, now: CPU 0, GPU 4494 (MiB)
[W] [TRT] hasImplicitBatchDimension is deprecated and always return false.
[I] Creating batcher thread: 0 EnableBatcherThreadPerDevice: true
[I] Creating batcher thread: 1 EnableBatcherThreadPerDevice: true
Finished setting up SUT.
Starting warmup. Running for a minimum of 5 seconds.
Finished warmup. Ran for 5.43748s.
Starting running actual test.

No warnings encountered during test.

No errors encountered during test.
Finished running actual test.
Device Device:0 processed:
  5 batches of size 2
  1 batches of size 3
  1 batches of size 4
  2 batches of size 5
  165 batches of size 8
  Memcpy Calls: 0
  PerSampleCudaMemcpy Calls: 20
  BatchedCudaMemcpy Calls: 0
Device Device:1 processed:
  3 batches of size 2
  1 batches of size 3
  6 batches of size 4
  1 batches of size 5
  172 batches of size 8
  Memcpy Calls: 0
  PerSampleCudaMemcpy Calls: 23
  BatchedCudaMemcpy Calls: 0
&&&& PASSED MLPerf_Inference_3DUNet_Harness # ./build/bin/harness_3dunet
[2025-07-15 00:02:04,625 run_harness.py:170 INFO] Result: Accuracy run detected.
[2025-07-15 00:02:04,625 __init__.py:46 INFO] Running command: PYTHONPATH=/home/ubuntu/MLC/repos/local/cache/get-git-repo_mlperf-inferenc_2b08c1b6/repo/closed/NVIDIA:/home/ubuntu/MLC/repos/local/cache/get-git-repo_inference-src_08c59f8e/inference/vision/classification_and_detection/python:/home/ubuntu/MLC/repos/local/cache/get-git-repo_inference-src_08c59f8e/inference/tools/submission:/home/ubuntu/MLC/repos/gateoverflow@mlperf-automations/script/get-mlperf-inference-utils:/usr/lib/python312.zip:/usr/lib/python3.12:/usr/lib/python3.12/lib-dynload:/home/ubuntu/.local/lib/python3.12/site-packages:/usr/local/lib/python3.12/dist-packages:/usr/local/lib/python3.12/dist-packages/nvfuser-0.2.23a0+6627725-py3.12-linux-x86_64.egg:/usr/local/lib/python3.12/dist-packages/lightning_thunder-0.2.0.dev0-py3.12.egg:/usr/local/lib/python3.12/dist-packages/dill-0.3.9-py3.12.egg:/usr/local/lib/python3.12/dist-packages/opt_einsum-3.4.0-py3.12.egg:/usr/local/lib/python3.12/dist-packages/lightning_utilities-0.12.0.dev0-py3.12.egg:/usr/local/lib/python3.12/dist-packages/looseversion-1.3.0-py3.12.egg:/usr/lib/python3/dist-packages python3 -S code/3d-unet/tensorrt/accuracy_kits.py --log_file /home/ubuntu/MLC/repos/local/cache/get-mlperf-inference-results-dir_94a235cb/valid_results/2c86eb58c6bc-nvidia_original-gpu-tensorrt-vdefault-default_config/3d-unet-99/offline/accuracy/mlperf_log_accuracy.json
Loading necessary metadata...
Loading loadgen accuracy log...
Running postprocessing...
Saving predictions...
Running evaluation...
Processing evaluation summary...
Accuracy: mean = 0.86112, kidney = 0.9346, tumor = 0.7877
Done!
 
======================== Result summaries: ========================

