[2025-07-15 08:19:57,358 main.py:237 INFO] Detected system ID: Nvidia_2c86eb58c6bc
[2025-07-15 08:19:57,375 harness.py:241 INFO] The harness will load 3 plugins: ['build/plugins/pixelShuffle3DPlugin/libpixelshuffle3dplugin.so', 'build/plugins/conv3D1X1X1K4Plugin/libconv3D1X1X1K4Plugin.so', 'build/plugins/conv3D3X3X3C1K32Plugin/libconv3D3X3X3C1K32Plugin.so']
[2025-07-15 08:19:57,375 generate_conf_files.py:107 INFO] Generated measurements/ entries for Nvidia_2c86eb58c6bc_TRT/3d-unet-99/Offline
[2025-07-15 08:19:57,375 harness.py:357 INFO] Using harness launch command...
[2025-07-15 08:19:57,375 __init__.py:46 INFO] Running command: ./build/bin/harness_3dunet --plugins="build/plugins/pixelShuffle3DPlugin/libpixelshuffle3dplugin.so,build/plugins/conv3D1X1X1K4Plugin/libconv3D1X1X1K4Plugin.so,build/plugins/conv3D3X3X3C1K32Plugin/libconv3D3X3X3C1K32Plugin.so" --logfile_outdir="/home/ubuntu/MLC/repos/local/cache/get-mlperf-inference-results-dir_94a235cb/valid_results/2c86eb58c6bc-nvidia_original-gpu-tensorrt-vdefault-default_config/3d-unet-99/offline/performance/run_1" --logfile_prefix="mlperf_log_" --performance_sample_count=43 --test_mode="PerformanceOnly" --gpu_copy_streams=1 --gpu_inference_streams=1 --use_deque_limit=true --gpu_batch_size=8 --map_path="data_maps/kits19/val_map.txt" --mlperf_conf_path="/home/ubuntu/MLC/repos/local/cache/get-git-repo_inference-src_08c59f8e/inference/mlperf.conf" --tensor_path="build/preprocessed_data/KiTS19/inference/int8" --use_graphs=false --user_conf_path="/home/ubuntu/MLC/repos/gateoverflow@mlperf-automations/script/generate-mlperf-inference-user-conf/tmp/3dc175ddb1ba44d2949e0ecc97cc0ca8.conf" --unet3d_sw_gaussian_patch_path="/home/ubuntu/MLC/repos/local/cache/get-mlperf-inference-nvidia-scratch-space_b4d38010/preprocessed_data/KiTS19/etc/gaussian_patches.npy" --gpu_engines="./build/engines/Nvidia_2c86eb58c6bc/3d-unet/Offline/3d-unet-Offline-gpu-3d-unet-b8-int8.custom_k_99_MaxP.plan" --max_dlas=0 --slice_overlap_patch_kernel_cg_impl=false --scenario="Offline" --model="3d-unet" --scenario Offline --model 3d-unet
[2025-07-15 08:19:57,375 __init__.py:53 INFO] Overriding Environment
benchmark : Benchmark.UNET3D
buffer_manager_thread_count : 0
data_dir : /home/ubuntu/MLC/repos/local/cache/get-mlperf-inference-nvidia-scratch-space_b4d38010/data
gpu_batch_size : 8
gpu_copy_streams : 1
gpu_inference_streams : 1
input_dtype : int8
input_format : linear
log_dir : /home/ubuntu/MLC/repos/local/cache/get-git-repo_mlperf-inferenc_2b08c1b6/repo/closed/NVIDIA/build/logs/2025.07.15-08.19.54
map_path : data_maps/kits19/val_map.txt
mlperf_conf_path : /home/ubuntu/MLC/repos/local/cache/get-git-repo_inference-src_08c59f8e/inference/mlperf.conf
offline_expected_qps : 0.0
precision : int8
preprocessed_data_dir : /home/ubuntu/MLC/repos/local/cache/get-mlperf-inference-nvidia-scratch-space_b4d38010/preprocessed_data
scenario : Scenario.Offline
slice_overlap_patch_kernel_cg_impl : False
system : System(cpu=CPU(name='Intel(R) Xeon(R) w7-2495X', architecture=<CPUArchitecture.x86_64: AliasedName(name='x86_64', aliases=(), patterns=())>, vendor='GenuineIntel', cores_per_group=24, threads_per_core=2, n_groups=1, group_type=<GroupType.Socket: 'socket'>, numa_nodes=[[Interval(start=0, end=47)]], flags={'arch_capabilities', 'sep', 'amx_bf16', 'rep_good', 'avx512ifma', 'intel_pt', 'cat_l3', 'rdseed', 'avx512_bitalg', 'vaes', 'cqm', 'user_shstk', 'msr', 'sdbg', 'cx16', 'tsxldtrk', 'nopl', 'xsaves', 'enqcmd', 'xgetbv1', 'pse36', 'erms', 'pat', 'fma', 'vpid', 'apic', 'pconfig', 'acpi', 'ept_ad', 'mba', 'pku', 'bmi2', 'adx', 'arch_lbr', 'tpr_shadow', 'nx', 'cqm_occup_llc', 'cpuid_fault', 'vpclmulqdq', 'xtpr', 'ospke', 'intel_ppin', 'xsaveopt', 'arat', 'tsc', 'arch_perfmon', 'monitor', 'avx_vnni', 'avx512bw', 'cat_l2', 'flush_l1d', 'split_lock_detect', 'smep', 'tsc_deadline_timer', 'fxsr', 'bts', 'aes', 'pts', 'pni', 'hwp_act_window', 'cqm_mbm_total', 'smx', 'cldemote', 'vme', 'pdcm', 'ssbd', 'lahf_lm', 'avx512_vpopcntdq', 'x2apic', 'waitpkg', 'mca', 'movbe', 'sse', 'rdrand', 'pbe', 'f16c', 'pebs', 'cdp_l3', 'pdpe1gb', 'cdp_l2', 'avx2', 'smap', 'avx512cd', 'clflush', 'est', 'mtrr', 'popcnt', 'xsavec', 'avx512f', 'xtopology', 'hwp_pkg_req', 'constant_tsc', 'ibt', 'avx512vl', 'mce', 'sse2', 'ibrs_enhanced', 'tsc_adjust', 'amx_int8', 'art', 'pclmulqdq', 'fsgsbase', 'pcid', 'stibp', 'ibpb', 'ht', 'movdiri', 'sse4_2', 'invpcid', 'sha_ni', 'avx512_fp16', 'bus_lock_detect', 'ss', 'umip', '3dnowprefetch', 'rdpid', 'nonstop_tsc', 'avx512_vnni', 'pge', 'dtes64', 'cpuid', 'xsave', 'cqm_llc', 'la57', 'mmx', 'ept', 'serialize', 'rdtscp', 'dca', 'tsc_known_freq', 'clwb', 'wbnoinvd', 'ds_cpl', 'amx_tile', 'flexpriority', 'ida', 'vnmi', 'avx512_vbmi2', 'syscall', 'abm', 'avx', 'cmov', 'rdt_a', 'avx512_bf16', 'fpu', 'pae', 'avx512vbmi', 'cx8', 'lm', 'pln', 'bmi1', 'tm', 'sse4_1', 'dts', 'pse', 'epb', 'vmx', 'ibrs', 'aperfmperf', 'hwp_epp', 'avx512dq', 'movdir64b', 'ssse3', 'clflushopt', 'hwp', 'cqm_mbm_local', 'fsrm', 'de', 'tm2', 'dtherm', 'gfni', 'md_clear'}, vulnerabilities={'spec store bypass': 'Mitigation; Speculative Store Bypass disabled via prctl', 'spectre v1': 'Mitigation; usercopy/swapgs barriers and __user pointer sanitization', 'spectre v2': 'Mitigation; Enhanced / Automatic IBRS; IBPB conditional; RSB filling; PBRSB-eIBRS SW sequence; BHI BHI_DIS_S'}), host_memory=HostMemory(capacity=Memory(quantity=197.333724, byte_suffix=<ByteSuffix.GB: (1000, 3)>, _num_bytes=197333724000)), accelerators={<class 'nvmitten.nvidia.accelerator.GPU'>: [GPU(name='NVIDIA GeForce RTX 4090', pci_id='0x268410DE', compute_sm=ComputeSM(major=8, minor=9), vram=Memory(quantity=23.64288330078125, byte_suffix=<ByteSuffix.GiB: (1024, 3)>, _num_bytes=25386352640), max_power_limit=450.0, is_integrated=False, gpu_index=0), GPU(name='NVIDIA GeForce RTX 4090', pci_id='0x268410DE', compute_sm=ComputeSM(major=8, minor=9), vram=Memory(quantity=23.64019775390625, byte_suffix=<ByteSuffix.GiB: (1024, 3)>, _num_bytes=25383469056), max_power_limit=500.0, is_integrated=False, gpu_index=1)], <class 'nvmitten.nvidia.accelerator.DLA'>: []}, extras={'id': 'Nvidia_2c86eb58c6bc', 'tags': {'is_ada', 'is_ampere', 'gpu_based', 'custom', 'multi_gpu'}, 'name': 'Nvidia_2c86eb58c6bc', 'primary_compute_sm': ComputeSM(major=8, minor=9)})
tensor_path : build/preprocessed_data/KiTS19/inference/int8
test_mode : PerformanceOnly
unet3d_sw_gaussian_patch_path : /home/ubuntu/MLC/repos/local/cache/get-mlperf-inference-nvidia-scratch-space_b4d38010/preprocessed_data/KiTS19/etc/gaussian_patches.npy
use_deque_limit : True
use_graphs : False
user_conf_path : /home/ubuntu/MLC/repos/gateoverflow@mlperf-automations/script/generate-mlperf-inference-user-conf/tmp/3dc175ddb1ba44d2949e0ecc97cc0ca8.conf
system_id : Nvidia_2c86eb58c6bc
config_name : Nvidia_2c86eb58c6bc_3d-unet_Offline
workload_setting : WorkloadSetting(HarnessType.Custom, AccuracyTarget.k_99, PowerSetting.MaxP)
optimization_level : plugin-enabled
num_profiles : 1
config_ver : custom_k_99_MaxP
accuracy_level : 99%
inference_server : custom
skip_file_checks : False
power_limit : None
cpu_freq : None
gpu_engine_batch_size : 8
&&&& RUNNING MLPerf_Inference_3DUNet_Harness # ./build/bin/harness_3dunet
[I] mlperf.conf path: /home/ubuntu/MLC/repos/local/cache/get-git-repo_inference-src_08c59f8e/inference/mlperf.conf
[I] user.conf path: /home/ubuntu/MLC/repos/gateoverflow@mlperf-automations/script/generate-mlperf-inference-user-conf/tmp/3dc175ddb1ba44d2949e0ecc97cc0ca8.conf
Creating QSL.
Finished Creating QSL.
Setting up SUT.
[I] [TRT] Loaded engine size: 32 MiB
[I] Device:0: ./build/engines/Nvidia_2c86eb58c6bc/3d-unet/Offline/3d-unet-Offline-gpu-3d-unet-b8-int8.custom_k_99_MaxP.plan has been successfully loaded.
[I] [TRT] Loaded engine size: 32 MiB
[W] [TRT] Using an engine plan file across different models of devices is not recommended and is likely to affect performance or even cause errors.
[I] Device:1: ./build/engines/Nvidia_2c86eb58c6bc/3d-unet/Offline/3d-unet-Offline-gpu-3d-unet-b8-int8.custom_k_99_MaxP.plan has been successfully loaded.
[W] [TRT] hasImplicitBatchDimension is deprecated and always return false.
[I] [TRT] [MemUsageChange] TensorRT-managed allocation in IExecutionContext creation: CPU +0, GPU +2218, now: CPU 0, GPU 2277 (MiB)
[W] [TRT] hasImplicitBatchDimension is deprecated and always return false.
[W] [TRT] hasImplicitBatchDimension is deprecated and always return false.
[I] [TRT] [MemUsageChange] TensorRT-managed allocation in IExecutionContext creation: CPU +0, GPU +2217, now: CPU 0, GPU 4494 (MiB)
[W] [TRT] hasImplicitBatchDimension is deprecated and always return false.
[I] Creating batcher thread: 0 EnableBatcherThreadPerDevice: true
[I] Creating batcher thread: 1 EnableBatcherThreadPerDevice: true
Finished setting up SUT.
Starting warmup. Running for a minimum of 5 seconds.
Finished warmup. Ran for 5.42368s.
Starting running actual test.
================================================
MLPerf Results Summary
================================================
SUT name : Server_3DUNet
Scenario : Offline
Mode     : PerformanceOnly
Samples per second: 8.34576
Result is : VALID
  Min duration satisfied : Yes
  Min queries satisfied : Yes
  Early stopping satisfied: Yes

================================================
Additional Stats
================================================
Min latency (ns)                : 30481281
Max latency (ns)                : 669801418498
Mean latency (ns)               : 334700862893
50.00 percentile latency (ns)   : 334705236494
90.00 percentile latency (ns)   : 602842679644
95.00 percentile latency (ns)   : 636656283989
97.00 percentile latency (ns)   : 649767949113
99.00 percentile latency (ns)   : 663102240430
99.90 percentile latency (ns)   : 669284726799

================================================
Test Parameters Used
================================================
samples_per_query : 5578
target_qps : 8.45179
target_latency (ns): 0
max_async_queries : 1
min_duration (ms): 600000
max_duration (ms): 0
min_query_count : 1
max_query_count : 0
qsl_rng_seed : 1780908523862526354
sample_index_rng_seed : 14771362308971278857
schedule_rng_seed : 18209322760996052031
accuracy_log_rng_seed : 0
accuracy_log_probability : 0
accuracy_log_sampling_target : 0
print_timestamps : 0
performance_issue_unique : 0
performance_issue_same : 0
performance_issue_same_index : 0
performance_sample_count : 43
WARNING: sample_concatenate_permutation was set to true. 
Generated samples per query might be different as the one in the setting.
Check the generated_samples_per_query line in the detailed log for the real
samples_per_query value

No warnings encountered during test.

No errors encountered during test.
Finished running actual test.
Device Device:0 processed:
  508 batches of size 2
  133 batches of size 3
  459 batches of size 4
  200 batches of size 5
  21878 batches of size 8
  Memcpy Calls: 0
  PerSampleCudaMemcpy Calls: 2780
  BatchedCudaMemcpy Calls: 0
Device Device:1 processed:
  532 batches of size 2
  127 batches of size 3
  451 batches of size 4
  190 batches of size 5
  21932 batches of size 8
  Memcpy Calls: 0
  PerSampleCudaMemcpy Calls: 2810
  BatchedCudaMemcpy Calls: 0
&&&& PASSED MLPerf_Inference_3DUNet_Harness # ./build/bin/harness_3dunet
[2025-07-15 08:31:14,611 run_harness.py:170 INFO] Result: result_samples_per_second: 8.34576, Result is VALID, 10-min runtime requirement met: True
 
======================== Result summaries: ========================

