client 2025-07-28 23:13:09,520 [INFO] Sending command to the server: 'mlcommons/power client v3'
client 2025-07-28 23:13:09,521 [INFO] Got response: 'mlcommons/power server v3'
client 2025-07-28 23:13:09,521 [INFO] Sending command to the server: 'stop'
client 2025-07-28 23:13:09,521 [INFO] Got response: 'OK'
client 2025-07-28 23:13:09,521 [INFO] Synchronizing with the server and with ntp.ubuntu.com...
client 2025-07-28 23:13:09,616 [INFO] NTP:offset = 0.000 s, delay = 0.090 s 
client 2025-07-28 23:13:09,616 [INFO] Sending command to the server: 'time'
client 2025-07-28 23:13:09,616 [INFO] Got response: '1753744389.6161823'
client 2025-07-28 23:13:09,616 [INFO] The time difference between the client and the server is within range -0.073 ms..0.065 ms
client 2025-07-28 23:13:09,616 [INFO] Sending command to the server: 'new,,907a04c2-99e4-4d4b-9b7a-182dad304fcd'
client 2025-07-28 23:13:09,616 [INFO] Got response: 'OK 2025-07-28_23-13-09,ab9a9f82-c9c0-4862-9cb4-56450f88f4d1'
client 2025-07-28 23:13:09,616 [INFO] Session id is '2025-07-28_23-13-09'
client 2025-07-28 23:13:09,616 [INFO] Sources: {"sources": {"__init__.py": "da39a3ee5e6b4b0d3255bfef95601890afd80709", "client.py": "33ca4f26368777ac06e01f9567b714a4b8063886", "lib/__init__.py": "da39a3ee5e6b4b0d3255bfef95601890afd80709", "lib/client.py": "ac2aa093c8e8bbc9569b9e2a3471bc64e58a2258", "lib/common.py": "611d8b29633d331eb19c9455ea3b5fa3284ed6df", "lib/external/__init__.py": "da39a3ee5e6b4b0d3255bfef95601890afd80709", "lib/external/ntplib.py": "4da8f970656505a40483206ef2b5d3dd5e81711d", "lib/server.py": "99303c836c683aa9017ec565104e636161d02acb", "lib/source_hashes.py": "60a2e02193209e8d392803326208d5466342da18", "lib/summary.py": "aa92f0a3f975eecd44d3c0cd0236342ccc9f941d", "lib/time_sync.py": "80894ef2389e540781ff78de94db16aa4203a14e", "server.py": "c3f90f2f7eeb4db30727556d0c815ebc89b3d28b", "tests/unit/__init__.py": "da39a3ee5e6b4b0d3255bfef95601890afd80709", "tests/unit/test_server.py": "948c1995d4008bc2aa6c4046a34ffa3858d6d671", "tests/unit/test_source_hashes.py": "00468a2907583c593e6574a1f6b404e4651c221a"}, "modules": {"ptd_client_server.lib.client": "lib/client.py", "ptd_client_server.lib.common": "lib/common.py", "ptd_client_server.lib.external.ntplib": "lib/external/ntplib.py", "ptd_client_server.lib.source_hashes": "lib/source_hashes.py", "ptd_client_server.lib.summary": "lib/summary.py", "ptd_client_server.lib.time_sync": "lib/time_sync.py"}}
client 2025-07-28 23:13:09,616 [INFO] Running workload in ranging mode
client 2025-07-28 23:13:09,616 [INFO] Synchronizing with the server and with ntp.ubuntu.com...
client 2025-07-28 23:13:09,648 [INFO] NTP:offset = 0.001 s, delay = 0.027 s 
client 2025-07-28 23:13:09,648 [INFO] Sending command to the server: 'time'
client 2025-07-28 23:13:09,648 [INFO] Got response: '1753744389.6488655'
client 2025-07-28 23:13:09,648 [INFO] The time difference between the client and the server is within range -0.074 ms..0.064 ms
client 2025-07-28 23:13:09,648 [INFO] Sending command to the server: 'session,2025-07-28_23-13-09,start,ranging'
client 2025-07-28 23:13:34,937 [INFO] Got response: 'OK'
client 2025-07-28 23:13:34,937 [INFO] Sending command to the server: 'time'
client 2025-07-28 23:13:34,937 [INFO] Got response: '1753744414.937237'
client 2025-07-28 23:13:34,937 [INFO] The time difference between the client and the server is within range -0.062 ms..0.055 ms
client 2025-07-28 23:13:34,937 [INFO] Running the workload 'LOG_DIR=/work/build/power_logs_temp python3 -m code.main --benchmarks=llama3_1-405b --scenarios=Offline --action="run_harness" \\\n\t\t2>&1 | tee -a /work/build/power_logs/2025.07.28-23.12.09/stdout.txt \\\n\t\t&& if [ ! -d /work/build/power_logs/2025.07.28-23.12.09/ranging_tmp ]; \\\n\t\t\tthen mkdir /work/build/power_logs/2025.07.28-23.12.09/ranging_tmp \\\n\t\t\t\t&& mv /work/build/power_logs_temp/* /work/build/power_logs/2025.07.28-23.12.09/ranging_tmp/ \\\n\t\t\t\t&& cp -v /work/build/power_logs/2025.07.28-23.12.09/ranging_tmp/*/*/*/mlperf_log_detail.txt /work/build/power_logs_temp/ \\\n\t\t\t\t&& cp -v /work/build/power_logs/2025.07.28-23.12.09/ranging_tmp/*/*/*/mlperf_log_summary.txt /work/build/power_logs_temp/; \\\n\t\t\telse mkdir /work/build/power_logs/2025.07.28-23.12.09/testing_tmp \\\n\t\t\t\t&& mv /work/build/power_logs_temp/* /work/build/power_logs/2025.07.28-23.12.09/testing_tmp/ \\\n\t\t\t\t&& cp -v /work/build/power_logs/2025.07.28-23.12.09/testing_tmp/*/*/*/mlperf_log_detail.txt /work/build/power_logs_temp/ \\\n\t\t\t\t&& cp -v /work/build/power_logs/2025.07.28-23.12.09/testing_tmp/*/*/*/mlperf_log_summary.txt /work/build/power_logs_temp/; fi'
client 2025-07-29 00:13:49,545 [INFO] Sending command to the server: 'time'
client 2025-07-29 00:13:49,545 [INFO] Got response: '1753748029.5455081'
client 2025-07-29 00:13:49,545 [INFO] The time difference between the client and the server is within range -0.392 ms..0.189 ms
client 2025-07-29 00:13:49,545 [INFO] Sending command to the server: 'session,2025-07-28_23-13-09,stop,ranging'
client 2025-07-29 00:14:00,035 [INFO] Got response: 'OK'
client 2025-07-29 00:14:00,035 [INFO] Sending command to the server: 'time'
client 2025-07-29 00:14:00,035 [INFO] Got response: '1753748040.0352328'
client 2025-07-29 00:14:00,035 [INFO] The time difference between the client and the server is within range -0.089 ms..0.058 ms
client 2025-07-29 00:14:00,038 [INFO] Copying loadgen logs from '/work/build/power_logs_temp' to '/work/build/power_logs/2025.07.28-23.12.09/2025-07-28_23-13-09/ranging'
client 2025-07-29 00:14:00,038 [INFO] Running workload in testing mode
client 2025-07-29 00:14:00,038 [INFO] Synchronizing with the server and with ntp.ubuntu.com...
client 2025-07-29 00:14:00,132 [INFO] NTP:offset = 0.001 s, delay = 0.090 s 
client 2025-07-29 00:14:00,132 [INFO] Sending command to the server: 'time'
client 2025-07-29 00:14:00,132 [INFO] Got response: '1753748040.1321669'
client 2025-07-29 00:14:00,132 [INFO] The time difference between the client and the server is within range -0.069 ms..0.059 ms
client 2025-07-29 00:14:00,132 [INFO] Sending command to the server: 'session,2025-07-28_23-13-09,start,testing'
client 2025-07-29 00:14:11,970 [INFO] Got response: 'OK'
client 2025-07-29 00:14:11,970 [INFO] Sending command to the server: 'time'
client 2025-07-29 00:14:11,970 [INFO] Got response: '1753748051.9701276'
client 2025-07-29 00:14:11,970 [INFO] The time difference between the client and the server is within range -0.090 ms..0.059 ms
client 2025-07-29 00:14:11,970 [INFO] Running the workload 'LOG_DIR=/work/build/power_logs_temp python3 -m code.main --benchmarks=llama3_1-405b --scenarios=Offline --action="run_harness" \\\n\t\t2>&1 | tee -a /work/build/power_logs/2025.07.28-23.12.09/stdout.txt \\\n\t\t&& if [ ! -d /work/build/power_logs/2025.07.28-23.12.09/ranging_tmp ]; \\\n\t\t\tthen mkdir /work/build/power_logs/2025.07.28-23.12.09/ranging_tmp \\\n\t\t\t\t&& mv /work/build/power_logs_temp/* /work/build/power_logs/2025.07.28-23.12.09/ranging_tmp/ \\\n\t\t\t\t&& cp -v /work/build/power_logs/2025.07.28-23.12.09/ranging_tmp/*/*/*/mlperf_log_detail.txt /work/build/power_logs_temp/ \\\n\t\t\t\t&& cp -v /work/build/power_logs/2025.07.28-23.12.09/ranging_tmp/*/*/*/mlperf_log_summary.txt /work/build/power_logs_temp/; \\\n\t\t\telse mkdir /work/build/power_logs/2025.07.28-23.12.09/testing_tmp \\\n\t\t\t\t&& mv /work/build/power_logs_temp/* /work/build/power_logs/2025.07.28-23.12.09/testing_tmp/ \\\n\t\t\t\t&& cp -v /work/build/power_logs/2025.07.28-23.12.09/testing_tmp/*/*/*/mlperf_log_detail.txt /work/build/power_logs_temp/ \\\n\t\t\t\t&& cp -v /work/build/power_logs/2025.07.28-23.12.09/testing_tmp/*/*/*/mlperf_log_summary.txt /work/build/power_logs_temp/; fi'
client 2025-07-29 01:14:06,357 [INFO] Sending command to the server: 'time'
client 2025-07-29 01:14:06,357 [INFO] Got response: '1753751646.357543'
client 2025-07-29 01:14:06,357 [INFO] The time difference between the client and the server is within range -0.436 ms..0.116 ms
client 2025-07-29 01:14:06,357 [INFO] Sending command to the server: 'session,2025-07-28_23-13-09,stop,testing'
client 2025-07-29 01:14:17,063 [INFO] Got response: 'OK'
client 2025-07-29 01:14:17,063 [INFO] Sending command to the server: 'time'
client 2025-07-29 01:14:17,063 [INFO] Got response: '1753751657.0636203'
client 2025-07-29 01:14:17,063 [INFO] The time difference between the client and the server is within range -0.069 ms..0.053 ms
client 2025-07-29 01:14:17,064 [INFO] Copying loadgen logs from '/work/build/power_logs_temp' to '/work/build/power_logs/2025.07.28-23.12.09/2025-07-28_23-13-09/run_1'
client 2025-07-29 01:14:17,064 [INFO] Done runs
