User Conf path: /home/mlcuser/MLC/repos/mlcommons@mlperf-automations/script/generate-mlperf-inference-user-conf/tmp/5c657a536fda44e29e7ca576e6641dfc.conf
Dataset Preprocessed path: /home/mlcuser/MLC/repos/local/cache/get-preprocessed-dataset-openimages_cd8874b7
Dataset List filepath: /home/mlcuser/MLC/repos/local/cache/get-preprocessed-dataset-openimages_cd8874b7/annotations/openimages-mlperf.json
Scenario: SingleStream
Mode: AccuracyOnly
Batch size: 1
Query count override: 0
Performance sample count override in application: 0
[0;93m2025-08-01 14:30:32.864920801 [W:onnxruntime:, session_state.cc:1168 VerifyEachNodeIsAssignedToAnEp] Some nodes were not assigned to the preferred execution providers which may or may not have an negative impact on performance. e.g. ORT explicitly assigns shape related ops to CPU to improve perf.[m
[0;93m2025-08-01 14:30:32.864938093 [W:onnxruntime:, session_state.cc:1170 VerifyEachNodeIsAssignedToAnEp] Rerunning with verbose output on a non-minimal build will show node assignments.[m
loaded openimages with 24781 samples
starting benchmark
loading samples to ram with total sample size: 64
loading samples to ram with total sample size: 64
loading samples to ram with total sample size: 64
loading samples to ram with total sample size: 64
loading samples to ram with total sample size: 64
loading samples to ram with total sample size: 64
loading samples to ram with total sample size: 64
loading samples to ram with total sample size: 64
loading samples to ram with total sample size: 64
loading samples to ram with total sample size: 64
loading samples to ram with total sample size: 64
loading samples to ram with total sample size: 64
loading samples to ram with total sample size: 64
loading samples to ram with total sample size: 64
loading samples to ram with total sample size: 64
loading samples to ram with total sample size: 64
loading samples to ram with total sample size: 64
loading samples to ram with total sample size: 64
loading samples to ram with total sample size: 64
loading samples to ram with total sample size: 64
loading samples to ram with total sample size: 64
loading samples to ram with total sample size: 64
loading samples to ram with total sample size: 64
loading samples to ram with total sample size: 64
loading samples to ram with total sample size: 64
loading samples to ram with total sample size: 64
loading samples to ram with total sample size: 64
loading samples to ram with total sample size: 64
loading samples to ram with total sample size: 64
loading samples to ram with total sample size: 64
loading samples to ram with total sample size: 64
loading samples to ram with total sample size: 64
loading samples to ram with total sample size: 64
loading samples to ram with total sample size: 64
loading samples to ram with total sample size: 64
loading samples to ram with total sample size: 64
loading samples to ram with total sample size: 64
loading samples to ram with total sample size: 64
loading samples to ram with total sample size: 64
loading samples to ram with total sample size: 64
loading samples to ram with total sample size: 64
loading samples to ram with total sample size: 64
loading samples to ram with total sample size: 64
loading samples to ram with total sample size: 64
loading samples to ram with total sample size: 64
loading samples to ram with total sample size: 64
loading samples to ram with total sample size: 64
loading samples to ram with total sample size: 64
loading samples to ram with total sample size: 64
loading samples to ram with total sample size: 64
loading samples to ram with total sample size: 64
loading samples to ram with total sample size: 64
loading samples to ram with total sample size: 64
loading samples to ram with total sample size: 64
loading samples to ram with total sample size: 64
loading samples to ram with total sample size: 64
loading samples to ram with total sample size: 64
loading samples to ram with total sample size: 64
loading samples to ram with total sample size: 64
loading samples to ram with total sample size: 64
loading samples to ram with total sample size: 64
loading samples to ram with total sample size: 64
loading samples to ram with total sample size: 64
loading samples to ram with total sample size: 64
loading samples to ram with total sample size: 64
loading samples to ram with total sample size: 64
loading samples to ram with total sample size: 64
loading samples to ram with total sample size: 64
loading samples to ram with total sample size: 64
loading samples to ram with total sample size: 64
loading samples to ram with total sample size: 64
loading samples to ram with total sample size: 64
loading samples to ram with total sample size: 64
loading samples to ram with total sample size: 64
loading samples to ram with total sample size: 64
loading samples to ram with total sample size: 64
loading samples to ram with total sample size: 64
loading samples to ram with total sample size: 64
loading samples to ram with total sample size: 64
loading samples to ram with total sample size: 64
loading samples to ram with total sample size: 64
loading samples to ram with total sample size: 64
loading samples to ram with total sample size: 64
loading samples to ram with total sample size: 64
loading samples to ram with total sample size: 64
loading samples to ram with total sample size: 64
loading samples to ram with total sample size: 64
loading samples to ram with total sample size: 64
loading samples to ram with total sample size: 64
loading samples to ram with total sample size: 64
loading samples to ram with total sample size: 64
loading samples to ram with total sample size: 64
loading samples to ram with total sample size: 64
loading samples to ram with total sample size: 64
loading samples to ram with total sample size: 64
loading samples to ram with total sample size: 64
loading samples to ram with total sample size: 64
loading samples to ram with total sample size: 64
loading samples to ram with total sample size: 64
loading samples to ram with total sample size: 64
loading samples to ram with total sample size: 64
loading samples to ram with total sample size: 64
loading samples to ram with total sample size: 64
loading samples to ram with total sample size: 64
loading samples to ram with total sample size: 64
loading samples to ram with total sample size: 64
loading samples to ram with total sample size: 64
loading samples to ram with total sample size: 64
loading samples to ram with total sample size: 64
loading samples to ram with total sample size: 64
loading samples to ram with total sample size: 64
loading samples to ram with total sample size: 64
loading samples to ram with total sample size: 64
loading samples to ram with total sample size: 64
loading samples to ram with total sample size: 64
loading samples to ram with total sample size: 64
loading samples to ram with total sample size: 64
loading samples to ram with total sample size: 64
loading samples to ram with total sample size: 64
loading samples to ram with total sample size: 64
loading samples to ram with total sample size: 64
loading samples to ram with total sample size: 64
loading samples to ram with total sample size: 64
loading samples to ram with total sample size: 64
loading samples to ram with total sample size: 64
loading samples to ram with total sample size: 64
loading samples to ram with total sample size: 64
loading samples to ram with total sample size: 64
loading samples to ram with total sample size: 64
loading samples to ram with total sample size: 64
loading samples to ram with total sample size: 64
loading samples to ram with total sample size: 64
loading samples to ram with total sample size: 64
loading samples to ram with total sample size: 64
loading samples to ram with total sample size: 64
loading samples to ram with total sample size: 64
loading samples to ram with total sample size: 64
loading samples to ram with total sample size: 64
loading samples to ram with total sample size: 64
loading samples to ram with total sample size: 64
loading samples to ram with total sample size: 64
loading samples to ram with total sample size: 64
loading samples to ram with total sample size: 64
loading samples to ram with total sample size: 64
loading samples to ram with total sample size: 64
loading samples to ram with total sample size: 64
loading samples to ram with total sample size: 64
loading samples to ram with total sample size: 64
loading samples to ram with total sample size: 64
loading samples to ram with total sample size: 64
loading samples to ram with total sample size: 64
loading samples to ram with total sample size: 64
loading samples to ram with total sample size: 64
loading samples to ram with total sample size: 64
loading samples to ram with total sample size: 64
loading samples to ram with total sample size: 64
loading samples to ram with total sample size: 64
loading samples to ram with total sample size: 64
loading samples to ram with total sample size: 64
loading samples to ram with total sample size: 64
loading samples to ram with total sample size: 64
loading samples to ram with total sample size: 64
loading samples to ram with total sample size: 64
loading samples to ram with total sample size: 64
loading samples to ram with total sample size: 64
loading samples to ram with total sample size: 64
loading samples to ram with total sample size: 64
loading samples to ram with total sample size: 64
loading samples to ram with total sample size: 64
loading samples to ram with total sample size: 64
loading samples to ram with total sample size: 64
loading samples to ram with total sample size: 64
loading samples to ram with total sample size: 64
loading samples to ram with total sample size: 64
loading samples to ram with total sample size: 64
loading samples to ram with total sample size: 64
loading samples to ram with total sample size: 64
loading samples to ram with total sample size: 64
loading samples to ram with total sample size: 64
loading samples to ram with total sample size: 64
loading samples to ram with total sample size: 64
loading samples to ram with total sample size: 64
loading samples to ram with total sample size: 64
loading samples to ram with total sample size: 64
loading samples to ram with total sample size: 64
loading samples to ram with total sample size: 64
loading samples to ram with total sample size: 64
loading samples to ram with total sample size: 64
loading samples to ram with total sample size: 64
loading samples to ram with total sample size: 64
loading samples to ram with total sample size: 64
loading samples to ram with total sample size: 64
loading samples to ram with total sample size: 64
loading samples to ram with total sample size: 64
loading samples to ram with total sample size: 64
loading samples to ram with total sample size: 64
loading samples to ram with total sample size: 64
loading samples to ram with total sample size: 64
loading samples to ram with total sample size: 64
loading samples to ram with total sample size: 64
loading samples to ram with total sample size: 64
loading samples to ram with total sample size: 64
loading samples to ram with total sample size: 64
loading samples to ram with total sample size: 64
loading samples to ram with total sample size: 64
loading samples to ram with total sample size: 64
loading samples to ram with total sample size: 64
loading samples to ram with total sample size: 64
loading samples to ram with total sample size: 64
loading samples to ram with total sample size: 64
loading samples to ram with total sample size: 64
loading samples to ram with total sample size: 64
loading samples to ram with total sample size: 64
loading samples to ram with total sample size: 64
loading samples to ram with total sample size: 64
loading samples to ram with total sample size: 64
loading samples to ram with total sample size: 64
loading samples to ram with total sample size: 64
loading samples to ram with total sample size: 64
loading samples to ram with total sample size: 64
loading samples to ram with total sample size: 64
loading samples to ram with total sample size: 64
loading samples to ram with total sample size: 64
loading samples to ram with total sample size: 64
loading samples to ram with total sample size: 64
loading samples to ram with total sample size: 64
loading samples to ram with total sample size: 64
loading samples to ram with total sample size: 64
loading samples to ram with total sample size: 64
loading samples to ram with total sample size: 64
loading samples to ram with total sample size: 64
loading samples to ram with total sample size: 64
loading samples to ram with total sample size: 64
loading samples to ram with total sample size: 64
loading samples to ram with total sample size: 64
loading samples to ram with total sample size: 64
loading samples to ram with total sample size: 64
loading samples to ram with total sample size: 64
loading samples to ram with total sample size: 64
loading samples to ram with total sample size: 64
loading samples to ram with total sample size: 64
loading samples to ram with total sample size: 64
loading samples to ram with total sample size: 64
loading samples to ram with total sample size: 64
loading samples to ram with total sample size: 64
loading samples to ram with total sample size: 64
loading samples to ram with total sample size: 64
loading samples to ram with total sample size: 64
loading samples to ram with total sample size: 64
loading samples to ram with total sample size: 64
loading samples to ram with total sample size: 64
loading samples to ram with total sample size: 64
loading samples to ram with total sample size: 64
loading samples to ram with total sample size: 64
loading samples to ram with total sample size: 64
loading samples to ram with total sample size: 64
loading samples to ram with total sample size: 64
loading samples to ram with total sample size: 64
loading samples to ram with total sample size: 64
loading samples to ram with total sample size: 64
loading samples to ram with total sample size: 64
loading samples to ram with total sample size: 64
loading samples to ram with total sample size: 64
loading samples to ram with total sample size: 64
loading samples to ram with total sample size: 64
loading samples to ram with total sample size: 64
loading samples to ram with total sample size: 64
loading samples to ram with total sample size: 64
loading samples to ram with total sample size: 64
loading samples to ram with total sample size: 64
loading samples to ram with total sample size: 64
loading samples to ram with total sample size: 64
loading samples to ram with total sample size: 64
loading samples to ram with total sample size: 64
loading samples to ram with total sample size: 64
loading samples to ram with total sample size: 64
loading samples to ram with total sample size: 64
loading samples to ram with total sample size: 64
loading samples to ram with total sample size: 64
loading samples to ram with total sample size: 64
loading samples to ram with total sample size: 64
loading samples to ram with total sample size: 64
loading samples to ram with total sample size: 64
loading samples to ram with total sample size: 64
loading samples to ram with total sample size: 64
loading samples to ram with total sample size: 64
loading samples to ram with total sample size: 64
loading samples to ram with total sample size: 64
loading samples to ram with total sample size: 64
loading samples to ram with total sample size: 64
loading samples to ram with total sample size: 64
loading samples to ram with total sample size: 64
loading samples to ram with total sample size: 64
loading samples to ram with total sample size: 64
loading samples to ram with total sample size: 64
loading samples to ram with total sample size: 64
loading samples to ram with total sample size: 64
loading samples to ram with total sample size: 64
loading samples to ram with total sample size: 64
loading samples to ram with total sample size: 64
loading samples to ram with total sample size: 64
loading samples to ram with total sample size: 64
loading samples to ram with total sample size: 64
loading samples to ram with total sample size: 64
loading samples to ram with total sample size: 64
loading samples to ram with total sample size: 64
loading samples to ram with total sample size: 64
loading samples to ram with total sample size: 64
loading samples to ram with total sample size: 64
loading samples to ram with total sample size: 64
loading samples to ram with total sample size: 64
loading samples to ram with total sample size: 64
loading samples to ram with total sample size: 64
loading samples to ram with total sample size: 64
loading samples to ram with total sample size: 64
loading samples to ram with total sample size: 64
loading samples to ram with total sample size: 64
loading samples to ram with total sample size: 64
loading samples to ram with total sample size: 64
loading samples to ram with total sample size: 64
loading samples to ram with total sample size: 64
loading samples to ram with total sample size: 64
loading samples to ram with total sample size: 64
loading samples to ram with total sample size: 64
loading samples to ram with total sample size: 64
loading samples to ram with total sample size: 64
loading samples to ram with total sample size: 64
loading samples to ram with total sample size: 64
loading samples to ram with total sample size: 64
loading samples to ram with total sample size: 64
loading samples to ram with total sample size: 64
loading samples to ram with total sample size: 64
loading samples to ram with total sample size: 64
loading samples to ram with total sample size: 64
loading samples to ram with total sample size: 64
loading samples to ram with total sample size: 64
loading samples to ram with total sample size: 64
loading samples to ram with total sample size: 64
loading samples to ram with total sample size: 64
loading samples to ram with total sample size: 64
loading samples to ram with total sample size: 64
loading samples to ram with total sample size: 64
loading samples to ram with total sample size: 64
loading samples to ram with total sample size: 64
loading samples to ram with total sample size: 64
loading samples to ram with total sample size: 64
loading samples to ram with total sample size: 64
loading samples to ram with total sample size: 64
loading samples to ram with total sample size: 64
loading samples to ram with total sample size: 64
loading samples to ram with total sample size: 64
loading samples to ram with total sample size: 64
loading samples to ram with total sample size: 64
loading samples to ram with total sample size: 64
loading samples to ram with total sample size: 64
loading samples to ram with total sample size: 64
loading samples to ram with total sample size: 64
loading samples to ram with total sample size: 64
loading samples to ram with total sample size: 64
loading samples to ram with total sample size: 64
loading samples to ram with total sample size: 64
loading samples to ram with total sample size: 64
loading samples to ram with total sample size: 64
loading samples to ram with total sample size: 64
loading samples to ram with total sample size: 64
loading samples to ram with total sample size: 64
loading samples to ram with total sample size: 64
loading samples to ram with total sample size: 64
loading samples to ram with total sample size: 64
loading samples to ram with total sample size: 64
loading samples to ram with total sample size: 64
loading samples to ram with total sample size: 64
loading samples to ram with total sample size: 64
loading samples to ram with total sample size: 64
loading samples to ram with total sample size: 64
loading samples to ram with total sample size: 64
loading samples to ram with total sample size: 64
loading samples to ram with total sample size: 64
loading samples to ram with total sample size: 64
loading samples to ram with total sample size: 64
loading samples to ram with total sample size: 64
loading samples to ram with total sample size: 64
loading samples to ram with total sample size: 64
loading samples to ram with total sample size: 64
loading samples to ram with total sample size: 64
loading samples to ram with total sample size: 64
loading samples to ram with total sample size: 64
loading samples to ram with total sample size: 13
