User Conf path: /home/mlcuser/MLC/repos/mlcommons@mlperf-automations/script/generate-mlperf-inference-user-conf/tmp/bb0855cee4be45fdaa824eb1f4e85d3d.conf
Dataset Preprocessed path: /home/mlcuser/MLC/repos/local/cache/get-preprocessed-dataset-openimages_cd8874b7
Dataset List filepath: /home/mlcuser/MLC/repos/local/cache/get-preprocessed-dataset-openimages_cd8874b7/annotations/openimages-mlperf.json
Scenario: Offline
Mode: AccuracyOnly
Batch size: 1
Query count override: 0
Performance sample count override in application: 0
loaded openimages with 24781 samples
starting benchmark
loading samples to ram with total sample size: 64
loading samples to ram with total sample size: 64
loading samples to ram with total sample size: 64
loading samples to ram with total sample size: 64
loading samples to ram with total sample size: 64
loading samples to ram with total sample size: 64
loading samples to ram with total sample size: 64
loading samples to ram with total sample size: 64
loading samples to ram with total sample size: 64
loading samples to ram with total sample size: 64
loading samples to ram with total sample size: 64
loading samples to ram with total sample size: 64
loading samples to ram with total sample size: 64
loading samples to ram with total sample size: 64
loading samples to ram with total sample size: 64
loading samples to ram with total sample size: 64
loading samples to ram with total sample size: 64
loading samples to ram with total sample size: 64
loading samples to ram with total sample size: 64
loading samples to ram with total sample size: 64
loading samples to ram with total sample size: 64
loading samples to ram with total sample size: 64
loading samples to ram with total sample size: 64
loading samples to ram with total sample size: 64
loading samples to ram with total sample size: 64
loading samples to ram with total sample size: 64
loading samples to ram with total sample size: 64
loading samples to ram with total sample size: 64
loading samples to ram with total sample size: 64
loading samples to ram with total sample size: 64
loading samples to ram with total sample size: 64
loading samples to ram with total sample size: 64
loading samples to ram with total sample size: 64
loading samples to ram with total sample size: 64
loading samples to ram with total sample size: 64
loading samples to ram with total sample size: 64
loading samples to ram with total sample size: 64
loading samples to ram with total sample size: 64
loading samples to ram with total sample size: 64
loading samples to ram with total sample size: 64
loading samples to ram with total sample size: 64
loading samples to ram with total sample size: 64
loading samples to ram with total sample size: 64
loading samples to ram with total sample size: 64
loading samples to ram with total sample size: 64
loading samples to ram with total sample size: 64
loading samples to ram with total sample size: 64
loading samples to ram with total sample size: 64
loading samples to ram with total sample size: 64
loading samples to ram with total sample size: 64
loading samples to ram with total sample size: 64
loading samples to ram with total sample size: 64
loading samples to ram with total sample size: 64
loading samples to ram with total sample size: 64
loading samples to ram with total sample size: 64
loading samples to ram with total sample size: 64
loading samples to ram with total sample size: 64
loading samples to ram with total sample size: 64
loading samples to ram with total sample size: 64
loading samples to ram with total sample size: 64
loading samples to ram with total sample size: 64
loading samples to ram with total sample size: 64
loading samples to ram with total sample size: 64
loading samples to ram with total sample size: 64
loading samples to ram with total sample size: 64
loading samples to ram with total sample size: 64
loading samples to ram with total sample size: 64
loading samples to ram with total sample size: 64
loading samples to ram with total sample size: 64
loading samples to ram with total sample size: 64
loading samples to ram with total sample size: 64
loading samples to ram with total sample size: 64
loading samples to ram with total sample size: 64
loading samples to ram with total sample size: 64
loading samples to ram with total sample size: 64
loading samples to ram with total sample size: 64
loading samples to ram with total sample size: 64
loading samples to ram with total sample size: 64
loading samples to ram with total sample size: 64
loading samples to ram with total sample size: 64
loading samples to ram with total sample size: 64
loading samples to ram with total sample size: 64
loading samples to ram with total sample size: 64
loading samples to ram with total sample size: 64
loading samples to ram with total sample size: 64
loading samples to ram with total sample size: 64
loading samples to ram with total sample size: 64
loading samples to ram with total sample size: 64
loading samples to ram with total sample size: 64
loading samples to ram with total sample size: 64
loading samples to ram with total sample size: 64
loading samples to ram with total sample size: 64
loading samples to ram with total sample size: 64
loading samples to ram with total sample size: 64
loading samples to ram with total sample size: 64
loading samples to ram with total sample size: 64
loading samples to ram with total sample size: 64
loading samples to ram with total sample size: 64
loading samples to ram with total sample size: 64
loading samples to ram with total sample size: 64
loading samples to ram with total sample size: 64
loading samples to ram with total sample size: 64
loading samples to ram with total sample size: 64
loading samples to ram with total sample size: 64
loading samples to ram with total sample size: 64
loading samples to ram with total sample size: 64
loading samples to ram with total sample size: 64
loading samples to ram with total sample size: 64
loading samples to ram with total sample size: 64
loading samples to ram with total sample size: 64
loading samples to ram with total sample size: 64
loading samples to ram with total sample size: 64
loading samples to ram with total sample size: 64
loading samples to ram with total sample size: 64
loading samples to ram with total sample size: 64
loading samples to ram with total sample size: 64
loading samples to ram with total sample size: 64
loading samples to ram with total sample size: 64
loading samples to ram with total sample size: 64
loading samples to ram with total sample size: 64
loading samples to ram with total sample size: 64
loading samples to ram with total sample size: 64
loading samples to ram with total sample size: 64
loading samples to ram with total sample size: 64
loading samples to ram with total sample size: 64
loading samples to ram with total sample size: 64
loading samples to ram with total sample size: 64
loading samples to ram with total sample size: 64
loading samples to ram with total sample size: 64
loading samples to ram with total sample size: 64
loading samples to ram with total sample size: 64
loading samples to ram with total sample size: 64
loading samples to ram with total sample size: 64
loading samples to ram with total sample size: 64
loading samples to ram with total sample size: 64
loading samples to ram with total sample size: 64
loading samples to ram with total sample size: 64
loading samples to ram with total sample size: 64
loading samples to ram with total sample size: 64
loading samples to ram with total sample size: 64
loading samples to ram with total sample size: 64
loading samples to ram with total sample size: 64
loading samples to ram with total sample size: 64
loading samples to ram with total sample size: 64
loading samples to ram with total sample size: 64
loading samples to ram with total sample size: 64
loading samples to ram with total sample size: 64
loading samples to ram with total sample size: 64
loading samples to ram with total sample size: 64
loading samples to ram with total sample size: 64
loading samples to ram with total sample size: 64
loading samples to ram with total sample size: 64
loading samples to ram with total sample size: 64
loading samples to ram with total sample size: 64
loading samples to ram with total sample size: 64
loading samples to ram with total sample size: 64
loading samples to ram with total sample size: 64
loading samples to ram with total sample size: 64
loading samples to ram with total sample size: 64
loading samples to ram with total sample size: 64
loading samples to ram with total sample size: 64
loading samples to ram with total sample size: 64
loading samples to ram with total sample size: 64
loading samples to ram with total sample size: 64
loading samples to ram with total sample size: 64
loading samples to ram with total sample size: 64
loading samples to ram with total sample size: 64
loading samples to ram with total sample size: 64
loading samples to ram with total sample size: 64
loading samples to ram with total sample size: 64
loading samples to ram with total sample size: 64
loading samples to ram with total sample size: 64
loading samples to ram with total sample size: 64
loading samples to ram with total sample size: 64
loading samples to ram with total sample size: 64
loading samples to ram with total sample size: 64
loading samples to ram with total sample size: 64
loading samples to ram with total sample size: 64
loading samples to ram with total sample size: 64
loading samples to ram with total sample size: 64
loading samples to ram with total sample size: 64
loading samples to ram with total sample size: 64
loading samples to ram with total sample size: 64
loading samples to ram with total sample size: 64
loading samples to ram with total sample size: 64
loading samples to ram with total sample size: 64
loading samples to ram with total sample size: 64
loading samples to ram with total sample size: 64
loading samples to ram with total sample size: 64
loading samples to ram with total sample size: 64
loading samples to ram with total sample size: 64
loading samples to ram with total sample size: 64
loading samples to ram with total sample size: 64
loading samples to ram with total sample size: 64
loading samples to ram with total sample size: 64
loading samples to ram with total sample size: 64
loading samples to ram with total sample size: 64
loading samples to ram with total sample size: 64
loading samples to ram with total sample size: 64
loading samples to ram with total sample size: 64
loading samples to ram with total sample size: 64
loading samples to ram with total sample size: 64
loading samples to ram with total sample size: 64
loading samples to ram with total sample size: 64
loading samples to ram with total sample size: 64
loading samples to ram with total sample size: 64
loading samples to ram with total sample size: 64
loading samples to ram with total sample size: 64
loading samples to ram with total sample size: 64
loading samples to ram with total sample size: 64
loading samples to ram with total sample size: 64
loading samples to ram with total sample size: 64
loading samples to ram with total sample size: 64
loading samples to ram with total sample size: 64
loading samples to ram with total sample size: 64
loading samples to ram with total sample size: 64
loading samples to ram with total sample size: 64
loading samples to ram with total sample size: 64
loading samples to ram with total sample size: 64
loading samples to ram with total sample size: 64
loading samples to ram with total sample size: 64
loading samples to ram with total sample size: 64
loading samples to ram with total sample size: 64
loading samples to ram with total sample size: 64
loading samples to ram with total sample size: 64
loading samples to ram with total sample size: 64
loading samples to ram with total sample size: 64
loading samples to ram with total sample size: 64
loading samples to ram with total sample size: 64
loading samples to ram with total sample size: 64
loading samples to ram with total sample size: 64
loading samples to ram with total sample size: 64
loading samples to ram with total sample size: 64
loading samples to ram with total sample size: 64
loading samples to ram with total sample size: 64
loading samples to ram with total sample size: 64
loading samples to ram with total sample size: 64
loading samples to ram with total sample size: 64
loading samples to ram with total sample size: 64
loading samples to ram with total sample size: 64
loading samples to ram with total sample size: 64
loading samples to ram with total sample size: 64
loading samples to ram with total sample size: 64
loading samples to ram with total sample size: 64
loading samples to ram with total sample size: 64
loading samples to ram with total sample size: 64
loading samples to ram with total sample size: 64
loading samples to ram with total sample size: 64
loading samples to ram with total sample size: 64
loading samples to ram with total sample size: 64
loading samples to ram with total sample size: 64
loading samples to ram with total sample size: 64
loading samples to ram with total sample size: 64
loading samples to ram with total sample size: 64
loading samples to ram with total sample size: 64
loading samples to ram with total sample size: 64
loading samples to ram with total sample size: 64
loading samples to ram with total sample size: 64
loading samples to ram with total sample size: 64
loading samples to ram with total sample size: 64
loading samples to ram with total sample size: 64
loading samples to ram with total sample size: 64
loading samples to ram with total sample size: 64
loading samples to ram with total sample size: 64
loading samples to ram with total sample size: 64
loading samples to ram with total sample size: 64
loading samples to ram with total sample size: 64
loading samples to ram with total sample size: 64
loading samples to ram with total sample size: 64
loading samples to ram with total sample size: 64
loading samples to ram with total sample size: 64
loading samples to ram with total sample size: 64
loading samples to ram with total sample size: 64
loading samples to ram with total sample size: 64
loading samples to ram with total sample size: 64
loading samples to ram with total sample size: 64
loading samples to ram with total sample size: 64
loading samples to ram with total sample size: 64
loading samples to ram with total sample size: 64
loading samples to ram with total sample size: 64
loading samples to ram with total sample size: 64
loading samples to ram with total sample size: 64
loading samples to ram with total sample size: 64
loading samples to ram with total sample size: 64
loading samples to ram with total sample size: 64
loading samples to ram with total sample size: 64
loading samples to ram with total sample size: 64
loading samples to ram with total sample size: 64
loading samples to ram with total sample size: 64
loading samples to ram with total sample size: 64
loading samples to ram with total sample size: 64
loading samples to ram with total sample size: 64
loading samples to ram with total sample size: 64
loading samples to ram with total sample size: 64
loading samples to ram with total sample size: 64
loading samples to ram with total sample size: 64
loading samples to ram with total sample size: 64
loading samples to ram with total sample size: 64
loading samples to ram with total sample size: 64
loading samples to ram with total sample size: 64
loading samples to ram with total sample size: 64
loading samples to ram with total sample size: 64
loading samples to ram with total sample size: 64
loading samples to ram with total sample size: 64
loading samples to ram with total sample size: 64
loading samples to ram with total sample size: 64
loading samples to ram with total sample size: 64
loading samples to ram with total sample size: 64
loading samples to ram with total sample size: 64
loading samples to ram with total sample size: 64
loading samples to ram with total sample size: 64
loading samples to ram with total sample size: 64
loading samples to ram with total sample size: 64
loading samples to ram with total sample size: 64
loading samples to ram with total sample size: 64
loading samples to ram with total sample size: 64
loading samples to ram with total sample size: 64
loading samples to ram with total sample size: 64
loading samples to ram with total sample size: 64
loading samples to ram with total sample size: 64
loading samples to ram with total sample size: 64
loading samples to ram with total sample size: 64
loading samples to ram with total sample size: 64
loading samples to ram with total sample size: 64
loading samples to ram with total sample size: 64
loading samples to ram with total sample size: 64
loading samples to ram with total sample size: 64
loading samples to ram with total sample size: 64
loading samples to ram with total sample size: 64
loading samples to ram with total sample size: 64
loading samples to ram with total sample size: 64
loading samples to ram with total sample size: 64
loading samples to ram with total sample size: 64
loading samples to ram with total sample size: 64
loading samples to ram with total sample size: 64
loading samples to ram with total sample size: 64
loading samples to ram with total sample size: 64
loading samples to ram with total sample size: 64
loading samples to ram with total sample size: 64
loading samples to ram with total sample size: 64
loading samples to ram with total sample size: 64
loading samples to ram with total sample size: 64
loading samples to ram with total sample size: 64
loading samples to ram with total sample size: 64
loading samples to ram with total sample size: 64
loading samples to ram with total sample size: 64
loading samples to ram with total sample size: 64
loading samples to ram with total sample size: 64
loading samples to ram with total sample size: 64
loading samples to ram with total sample size: 64
loading samples to ram with total sample size: 64
loading samples to ram with total sample size: 64
loading samples to ram with total sample size: 64
loading samples to ram with total sample size: 64
loading samples to ram with total sample size: 64
loading samples to ram with total sample size: 64
loading samples to ram with total sample size: 64
loading samples to ram with total sample size: 64
loading samples to ram with total sample size: 64
loading samples to ram with total sample size: 64
loading samples to ram with total sample size: 64
loading samples to ram with total sample size: 64
loading samples to ram with total sample size: 64
loading samples to ram with total sample size: 64
loading samples to ram with total sample size: 64
loading samples to ram with total sample size: 64
loading samples to ram with total sample size: 64
loading samples to ram with total sample size: 64
loading samples to ram with total sample size: 64
loading samples to ram with total sample size: 64
loading samples to ram with total sample size: 64
loading samples to ram with total sample size: 64
loading samples to ram with total sample size: 64
loading samples to ram with total sample size: 64
loading samples to ram with total sample size: 64
loading samples to ram with total sample size: 64
loading samples to ram with total sample size: 64
loading samples to ram with total sample size: 64
loading samples to ram with total sample size: 64
loading samples to ram with total sample size: 64
loading samples to ram with total sample size: 64
loading samples to ram with total sample size: 64
loading samples to ram with total sample size: 64
loading samples to ram with total sample size: 64
loading samples to ram with total sample size: 64
loading samples to ram with total sample size: 64
loading samples to ram with total sample size: 64
loading samples to ram with total sample size: 13
