client 2025-07-13 00:37:25,072 [INFO] Creating output directory '/home/arjun/MLC/repos/local/cache/get-mlperf-inference-results-dir_83acadec/valid_results/mini-tflite_cpp-cpu-tflite-vmaster-default_config/mobilenet-v1-precision_float-1.0-128/singlestream/performance/tmp_power'
client 2025-07-13 00:37:25,077 [INFO] Sending command to the server: 'mlcommons/power client v3'
client 2025-07-13 00:37:25,084 [INFO] Got response: 'mlcommons/power server v3'
client 2025-07-13 00:37:25,084 [INFO] Synchronizing with the server and with time.google.com...
client 2025-07-13 00:37:25,104 [INFO] NTP:offset = -0.001 s, delay = 0.017 s 
client 2025-07-13 00:37:25,104 [INFO] Sending command to the server: 'time'
client 2025-07-13 00:37:25,112 [INFO] Got response: '1752363444.9165614'
client 2025-07-13 00:37:25,112 [INFO] The time difference between the client and the server is within range 188.238 ms..195.575 ms
client 2025-07-13 00:37:25,112 [INFO] Sending command to the server: 'new,,12c6b14d-4772-44d9-8b97-05f467c34732'
client 2025-07-13 00:37:25,119 [INFO] Got response: 'OK 2025-07-13_00-37-24,94fa156b-c8c4-4629-8ecd-3a3aaa6ad3d2'
client 2025-07-13 00:37:25,119 [INFO] Session id is '2025-07-13_00-37-24'
client 2025-07-13 00:37:25,120 [INFO] Sources: {"sources": {"__init__.py": "da39a3ee5e6b4b0d3255bfef95601890afd80709", "client.py": "33ca4f26368777ac06e01f9567b714a4b8063886", "lib/__init__.py": "da39a3ee5e6b4b0d3255bfef95601890afd80709", "lib/client.py": "ac2aa093c8e8bbc9569b9e2a3471bc64e58a2258", "lib/common.py": "611d8b29633d331eb19c9455ea3b5fa3284ed6df", "lib/external/__init__.py": "da39a3ee5e6b4b0d3255bfef95601890afd80709", "lib/external/ntplib.py": "4da8f970656505a40483206ef2b5d3dd5e81711d", "lib/server.py": "9bc9a3b6b9b716520658ac175913bcbbdb354336", "lib/source_hashes.py": "60a2e02193209e8d392803326208d5466342da18", "lib/summary.py": "602a9fedfa503e5544d27ab3b0067f235047efc3", "lib/time_sync.py": "80894ef2389e540781ff78de94db16aa4203a14e", "server.py": "c3f90f2f7eeb4db30727556d0c815ebc89b3d28b", "tests/unit/__init__.py": "da39a3ee5e6b4b0d3255bfef95601890afd80709", "tests/unit/test_server.py": "948c1995d4008bc2aa6c4046a34ffa3858d6d671", "tests/unit/test_source_hashes.py": "00468a2907583c593e6574a1f6b404e4651c221a"}, "modules": {"ptd_client_server.lib.client": "lib/client.py", "ptd_client_server.lib.common": "lib/common.py", "ptd_client_server.lib.external.ntplib": "lib/external/ntplib.py", "ptd_client_server.lib.source_hashes": "lib/source_hashes.py", "ptd_client_server.lib.summary": "lib/summary.py", "ptd_client_server.lib.time_sync": "lib/time_sync.py"}}
client 2025-07-13 00:37:25,120 [INFO] Running workload in ranging mode
client 2025-07-13 00:37:25,120 [INFO] Synchronizing with the server and with time.google.com...
client 2025-07-13 00:37:25,138 [INFO] NTP:offset = -0.001 s, delay = 0.017 s 
client 2025-07-13 00:37:25,138 [INFO] Sending command to the server: 'time'
client 2025-07-13 00:37:25,144 [INFO] Got response: '1752363444.946563'
client 2025-07-13 00:37:25,145 [INFO] The time difference between the client and the server is within range 191.775 ms..198.452 ms
client 2025-07-13 00:37:25,145 [INFO] Sending command to the server: 'session,2025-07-13_00-37-24,start,ranging'
client 2025-07-13 00:37:49,593 [INFO] Got response: 'OK'
client 2025-07-13 00:37:49,594 [INFO] Sending command to the server: 'time'
client 2025-07-13 00:37:49,600 [INFO] Got response: '1752363469.4066668'
client 2025-07-13 00:37:49,600 [INFO] The time difference between the client and the server is within range 187.463 ms..193.589 ms
client 2025-07-13 00:37:49,600 [INFO] Running the workload ' MLC_MLPERF_RUN_COUNT=$(cat ${MLC_RUN_DIR}/count.txt); echo ${MLC_MLPERF_RUN_COUNT}; MLC_MLPERF_RUN_COUNT=$((MLC_MLPERF_RUN_COUNT+1)); echo ${MLC_MLPERF_RUN_COUNT} > ${MLC_RUN_DIR}/count.txt; if [ ${MLC_MLPERF_RUN_COUNT} -eq 1 ]; then export MLC_MLPERF_USER_CONF="${MLC_MLPERF_RANGING_USER_CONF}"; else export MLC_MLPERF_USER_CONF="${MLC_MLPERF_TESTING_USER_CONF}"; fi ; "/home/arjun/MLC/repos/gateoverflow@mlperf-automations/script/run-all-mlperf-models/run.out"'
client 2025-07-13 00:42:50,433 [INFO] Sending command to the server: 'time'
client 2025-07-13 00:42:50,441 [INFO] Got response: '1752363770.246237'
client 2025-07-13 00:42:50,441 [INFO] The time difference between the client and the server is within range 187.560 ms..195.441 ms
client 2025-07-13 00:42:50,441 [INFO] Sending command to the server: 'session,2025-07-13_00-37-24,stop,ranging'
client 2025-07-13 00:43:00,833 [INFO] Got response: 'OK'
client 2025-07-13 00:43:00,833 [INFO] Sending command to the server: 'time'
client 2025-07-13 00:43:00,845 [INFO] Got response: '1752363780.646131'
client 2025-07-13 00:43:00,845 [INFO] The time difference between the client and the server is within range 187.821 ms..199.269 ms
client 2025-07-13 00:43:00,849 [INFO] Copying loadgen logs from '/home/arjun/MLC/repos/local/cache/get-mlperf-inference-results-dir_83acadec/valid_results/mini-tflite_cpp-cpu-tflite-vmaster-default_config/mobilenet-v1-precision_float-1.0-128/singlestream/performance/run_1' to '/home/arjun/MLC/repos/local/cache/get-mlperf-inference-results-dir_83acadec/valid_results/mini-tflite_cpp-cpu-tflite-vmaster-default_config/mobilenet-v1-precision_float-1.0-128/singlestream/performance/tmp_power/ranging'
client 2025-07-13 00:43:00,850 [INFO] Running workload in testing mode
client 2025-07-13 00:43:00,850 [INFO] Synchronizing with the server and with time.google.com...
client 2025-07-13 00:43:00,870 [INFO] NTP:offset = -0.000 s, delay = 0.019 s 
client 2025-07-13 00:43:00,870 [INFO] Sending command to the server: 'time'
client 2025-07-13 00:43:00,881 [INFO] Got response: '1752363780.6861155'
client 2025-07-13 00:43:00,881 [INFO] The time difference between the client and the server is within range 184.122 ms..195.151 ms
client 2025-07-13 00:43:00,881 [INFO] Sending command to the server: 'session,2025-07-13_00-37-24,start,testing'
client 2025-07-13 00:43:13,947 [INFO] Got response: 'OK'
client 2025-07-13 00:43:13,948 [INFO] Sending command to the server: 'time'
client 2025-07-13 00:43:13,953 [INFO] Got response: '1752363793.759'
client 2025-07-13 00:43:13,953 [INFO] The time difference between the client and the server is within range 189.007 ms..194.442 ms
client 2025-07-13 00:43:13,953 [INFO] Running the workload ' MLC_MLPERF_RUN_COUNT=$(cat ${MLC_RUN_DIR}/count.txt); echo ${MLC_MLPERF_RUN_COUNT}; MLC_MLPERF_RUN_COUNT=$((MLC_MLPERF_RUN_COUNT+1)); echo ${MLC_MLPERF_RUN_COUNT} > ${MLC_RUN_DIR}/count.txt; if [ ${MLC_MLPERF_RUN_COUNT} -eq 1 ]; then export MLC_MLPERF_USER_CONF="${MLC_MLPERF_RANGING_USER_CONF}"; else export MLC_MLPERF_USER_CONF="${MLC_MLPERF_TESTING_USER_CONF}"; fi ; "/home/arjun/MLC/repos/gateoverflow@mlperf-automations/script/run-all-mlperf-models/run.out"'
client 2025-07-13 00:53:14,664 [INFO] Sending command to the server: 'time'
client 2025-07-13 00:53:14,673 [INFO] Got response: '1752364394.466513'
client 2025-07-13 00:53:14,673 [INFO] The time difference between the client and the server is within range 197.680 ms..206.754 ms
client 2025-07-13 00:53:14,673 [INFO] Sending command to the server: 'session,2025-07-13_00-37-24,stop,testing'
client 2025-07-13 00:53:25,355 [INFO] Got response: 'OK'
client 2025-07-13 00:53:25,355 [INFO] Sending command to the server: 'time'
client 2025-07-13 00:53:25,362 [INFO] Got response: '1752364405.156549'
client 2025-07-13 00:53:25,362 [INFO] The time difference between the client and the server is within range 199.139 ms..205.890 ms
client 2025-07-13 00:53:25,363 [INFO] Copying loadgen logs from '/home/arjun/MLC/repos/local/cache/get-mlperf-inference-results-dir_83acadec/valid_results/mini-tflite_cpp-cpu-tflite-vmaster-default_config/mobilenet-v1-precision_float-1.0-128/singlestream/performance/run_1' to '/home/arjun/MLC/repos/local/cache/get-mlperf-inference-results-dir_83acadec/valid_results/mini-tflite_cpp-cpu-tflite-vmaster-default_config/mobilenet-v1-precision_float-1.0-128/singlestream/performance/tmp_power/run_1'
client 2025-07-13 00:53:25,363 [INFO] Done runs
