client 2025-07-28 22:39:23,527 [INFO] Sending command to the server: 'mlcommons/power client v3'
client 2025-07-28 22:39:23,527 [INFO] Got response: 'mlcommons/power server v3'
client 2025-07-28 22:39:23,527 [INFO] Sending command to the server: 'stop'
client 2025-07-28 22:39:23,527 [INFO] Got response: 'OK'
client 2025-07-28 22:39:23,527 [INFO] Synchronizing with the server and with ntp.ubuntu.com...
client 2025-07-28 22:39:23,559 [INFO] NTP:offset = 0.001 s, delay = 0.027 s 
client 2025-07-28 22:39:23,559 [INFO] Sending command to the server: 'time'
client 2025-07-28 22:39:23,560 [INFO] Got response: '1753742363.5599606'
client 2025-07-28 22:39:23,560 [INFO] The time difference between the client and the server is within range -0.076 ms..0.062 ms
client 2025-07-28 22:39:23,560 [INFO] Sending command to the server: 'new,,184d0b3c-d134-4d93-bf94-d98993b7a37f'
client 2025-07-28 22:39:23,560 [INFO] Got response: 'OK 2025-07-28_22-39-23,7708b6b8-da8e-47d0-b7f0-a4eab3696dc7'
client 2025-07-28 22:39:23,560 [INFO] Session id is '2025-07-28_22-39-23'
client 2025-07-28 22:39:23,560 [INFO] Sources: {"sources": {"__init__.py": "da39a3ee5e6b4b0d3255bfef95601890afd80709", "client.py": "33ca4f26368777ac06e01f9567b714a4b8063886", "lib/__init__.py": "da39a3ee5e6b4b0d3255bfef95601890afd80709", "lib/client.py": "ac2aa093c8e8bbc9569b9e2a3471bc64e58a2258", "lib/common.py": "611d8b29633d331eb19c9455ea3b5fa3284ed6df", "lib/external/__init__.py": "da39a3ee5e6b4b0d3255bfef95601890afd80709", "lib/external/ntplib.py": "4da8f970656505a40483206ef2b5d3dd5e81711d", "lib/server.py": "99303c836c683aa9017ec565104e636161d02acb", "lib/source_hashes.py": "60a2e02193209e8d392803326208d5466342da18", "lib/summary.py": "aa92f0a3f975eecd44d3c0cd0236342ccc9f941d", "lib/time_sync.py": "80894ef2389e540781ff78de94db16aa4203a14e", "server.py": "c3f90f2f7eeb4db30727556d0c815ebc89b3d28b", "tests/unit/__init__.py": "da39a3ee5e6b4b0d3255bfef95601890afd80709", "tests/unit/test_server.py": "948c1995d4008bc2aa6c4046a34ffa3858d6d671", "tests/unit/test_source_hashes.py": "00468a2907583c593e6574a1f6b404e4651c221a"}, "modules": {"ptd_client_server.lib.client": "lib/client.py", "ptd_client_server.lib.common": "lib/common.py", "ptd_client_server.lib.external.ntplib": "lib/external/ntplib.py", "ptd_client_server.lib.source_hashes": "lib/source_hashes.py", "ptd_client_server.lib.summary": "lib/summary.py", "ptd_client_server.lib.time_sync": "lib/time_sync.py"}}
client 2025-07-28 22:39:23,560 [INFO] Running workload in ranging mode
client 2025-07-28 22:39:23,560 [INFO] Synchronizing with the server and with ntp.ubuntu.com...
client 2025-07-28 22:39:23,591 [INFO] NTP:offset = 0.001 s, delay = 0.027 s 
client 2025-07-28 22:39:23,591 [INFO] Sending command to the server: 'time'
client 2025-07-28 22:39:23,591 [INFO] Got response: '1753742363.5914075'
client 2025-07-28 22:39:23,591 [INFO] The time difference between the client and the server is within range -0.065 ms..0.054 ms
client 2025-07-28 22:39:23,591 [INFO] Sending command to the server: 'session,2025-07-28_22-39-23,start,ranging'
client 2025-07-28 22:39:48,878 [INFO] Got response: 'OK'
client 2025-07-28 22:39:48,878 [INFO] Sending command to the server: 'time'
client 2025-07-28 22:39:48,878 [INFO] Got response: '1753742388.8786986'
client 2025-07-28 22:39:48,878 [INFO] The time difference between the client and the server is within range -0.057 ms..0.049 ms
client 2025-07-28 22:39:48,878 [INFO] Running the workload 'LOG_DIR=/work/build/power_logs_temp python3 -m code.main --benchmarks=stable-diffusion-xl --scenarios=Server --action="run_harness" \\\n\t\t2>&1 | tee -a /work/build/power_logs/2025.07.28-22.38.23/stdout.txt \\\n\t\t&& if [ ! -d /work/build/power_logs/2025.07.28-22.38.23/ranging_tmp ]; \\\n\t\t\tthen mkdir /work/build/power_logs/2025.07.28-22.38.23/ranging_tmp \\\n\t\t\t\t&& mv /work/build/power_logs_temp/* /work/build/power_logs/2025.07.28-22.38.23/ranging_tmp/ \\\n\t\t\t\t&& cp -v /work/build/power_logs/2025.07.28-22.38.23/ranging_tmp/*/*/*/mlperf_log_detail.txt /work/build/power_logs_temp/ \\\n\t\t\t\t&& cp -v /work/build/power_logs/2025.07.28-22.38.23/ranging_tmp/*/*/*/mlperf_log_summary.txt /work/build/power_logs_temp/; \\\n\t\t\telse mkdir /work/build/power_logs/2025.07.28-22.38.23/testing_tmp \\\n\t\t\t\t&& mv /work/build/power_logs_temp/* /work/build/power_logs/2025.07.28-22.38.23/testing_tmp/ \\\n\t\t\t\t&& cp -v /work/build/power_logs/2025.07.28-22.38.23/testing_tmp/*/*/*/mlperf_log_detail.txt /work/build/power_logs_temp/ \\\n\t\t\t\t&& cp -v /work/build/power_logs/2025.07.28-22.38.23/testing_tmp/*/*/*/mlperf_log_summary.txt /work/build/power_logs_temp/; fi'
client 2025-07-28 22:51:46,733 [INFO] Sending command to the server: 'time'
client 2025-07-28 22:51:46,734 [INFO] Got response: '1753743106.734125'
client 2025-07-28 22:51:46,734 [INFO] The time difference between the client and the server is within range -0.311 ms..0.110 ms
client 2025-07-28 22:51:46,734 [INFO] Sending command to the server: 'session,2025-07-28_22-39-23,stop,ranging'
client 2025-07-28 22:51:56,930 [INFO] Got response: 'OK'
client 2025-07-28 22:51:56,930 [INFO] Sending command to the server: 'time'
client 2025-07-28 22:51:56,930 [INFO] Got response: '1753743116.9307435'
client 2025-07-28 22:51:56,930 [INFO] The time difference between the client and the server is within range -0.069 ms..0.055 ms
client 2025-07-28 22:51:56,933 [INFO] Copying loadgen logs from '/work/build/power_logs_temp' to '/work/build/power_logs/2025.07.28-22.38.23/2025-07-28_22-39-23/ranging'
client 2025-07-28 22:51:56,933 [INFO] Running workload in testing mode
client 2025-07-28 22:51:56,934 [INFO] Synchronizing with the server and with ntp.ubuntu.com...
client 2025-07-28 22:51:56,968 [INFO] NTP:offset = 0.001 s, delay = 0.028 s 
client 2025-07-28 22:51:56,968 [INFO] Sending command to the server: 'time'
client 2025-07-28 22:51:56,968 [INFO] Got response: '1753743116.9685209'
client 2025-07-28 22:51:56,968 [INFO] The time difference between the client and the server is within range -0.070 ms..0.067 ms
client 2025-07-28 22:51:56,968 [INFO] Sending command to the server: 'session,2025-07-28_22-39-23,start,testing'
client 2025-07-28 22:52:08,805 [INFO] Got response: 'OK'
client 2025-07-28 22:52:08,805 [INFO] Sending command to the server: 'time'
client 2025-07-28 22:52:08,805 [INFO] Got response: '1753743128.8055608'
client 2025-07-28 22:52:08,805 [INFO] The time difference between the client and the server is within range -0.064 ms..0.051 ms
client 2025-07-28 22:52:08,805 [INFO] Running the workload 'LOG_DIR=/work/build/power_logs_temp python3 -m code.main --benchmarks=stable-diffusion-xl --scenarios=Server --action="run_harness" \\\n\t\t2>&1 | tee -a /work/build/power_logs/2025.07.28-22.38.23/stdout.txt \\\n\t\t&& if [ ! -d /work/build/power_logs/2025.07.28-22.38.23/ranging_tmp ]; \\\n\t\t\tthen mkdir /work/build/power_logs/2025.07.28-22.38.23/ranging_tmp \\\n\t\t\t\t&& mv /work/build/power_logs_temp/* /work/build/power_logs/2025.07.28-22.38.23/ranging_tmp/ \\\n\t\t\t\t&& cp -v /work/build/power_logs/2025.07.28-22.38.23/ranging_tmp/*/*/*/mlperf_log_detail.txt /work/build/power_logs_temp/ \\\n\t\t\t\t&& cp -v /work/build/power_logs/2025.07.28-22.38.23/ranging_tmp/*/*/*/mlperf_log_summary.txt /work/build/power_logs_temp/; \\\n\t\t\telse mkdir /work/build/power_logs/2025.07.28-22.38.23/testing_tmp \\\n\t\t\t\t&& mv /work/build/power_logs_temp/* /work/build/power_logs/2025.07.28-22.38.23/testing_tmp/ \\\n\t\t\t\t&& cp -v /work/build/power_logs/2025.07.28-22.38.23/testing_tmp/*/*/*/mlperf_log_detail.txt /work/build/power_logs_temp/ \\\n\t\t\t\t&& cp -v /work/build/power_logs/2025.07.28-22.38.23/testing_tmp/*/*/*/mlperf_log_summary.txt /work/build/power_logs_temp/; fi'
client 2025-07-28 23:04:06,047 [INFO] Sending command to the server: 'time'
client 2025-07-28 23:04:06,048 [INFO] Got response: '1753743846.048067'
client 2025-07-28 23:04:06,048 [INFO] The time difference between the client and the server is within range -0.379 ms..0.111 ms
client 2025-07-28 23:04:06,048 [INFO] Sending command to the server: 'session,2025-07-28_22-39-23,stop,testing'
client 2025-07-28 23:04:16,856 [INFO] Got response: 'OK'
client 2025-07-28 23:04:16,856 [INFO] Sending command to the server: 'time'
client 2025-07-28 23:04:16,856 [INFO] Got response: '1753743856.8568127'
client 2025-07-28 23:04:16,856 [INFO] The time difference between the client and the server is within range -0.068 ms..0.063 ms
client 2025-07-28 23:04:16,857 [INFO] Copying loadgen logs from '/work/build/power_logs_temp' to '/work/build/power_logs/2025.07.28-22.38.23/2025-07-28_22-39-23/run_1'
client 2025-07-28 23:04:16,857 [INFO] Done runs
