client 2025-07-31 23:51:13,521 [INFO] Sending command to the server: 'mlcommons/power client v3'
client 2025-07-31 23:51:13,522 [INFO] Got response: 'mlcommons/power server v3'
client 2025-07-31 23:51:13,522 [INFO] Sending command to the server: 'stop'
client 2025-07-31 23:51:13,522 [INFO] Got response: 'OK'
client 2025-07-31 23:51:13,522 [INFO] Synchronizing with the server and with ntp.ubuntu.com...
client 2025-07-31 23:51:13,619 [INFO] NTP:offset = 0.000 s, delay = 0.090 s 
client 2025-07-31 23:51:13,619 [INFO] Sending command to the server: 'time'
client 2025-07-31 23:51:13,619 [INFO] Got response: '1754005873.619468'
client 2025-07-31 23:51:13,619 [INFO] The time difference between the client and the server is within range -0.220 ms..0.117 ms
client 2025-07-31 23:51:13,619 [INFO] Sending command to the server: 'new,,6b80a962-6b2b-4fbb-b7b1-c50d0a3c4958'
client 2025-07-31 23:51:13,620 [INFO] Got response: 'OK 2025-07-31_23-51-13,33ef9ad6-4b3c-488e-aeca-2fab2a78f54f'
client 2025-07-31 23:51:13,620 [INFO] Session id is '2025-07-31_23-51-13'
client 2025-07-31 23:51:13,620 [INFO] Sources: {"sources": {"__init__.py": "da39a3ee5e6b4b0d3255bfef95601890afd80709", "client.py": "33ca4f26368777ac06e01f9567b714a4b8063886", "lib/__init__.py": "da39a3ee5e6b4b0d3255bfef95601890afd80709", "lib/client.py": "ac2aa093c8e8bbc9569b9e2a3471bc64e58a2258", "lib/common.py": "611d8b29633d331eb19c9455ea3b5fa3284ed6df", "lib/external/__init__.py": "da39a3ee5e6b4b0d3255bfef95601890afd80709", "lib/external/ntplib.py": "4da8f970656505a40483206ef2b5d3dd5e81711d", "lib/server.py": "9bc9a3b6b9b716520658ac175913bcbbdb354336", "lib/source_hashes.py": "60a2e02193209e8d392803326208d5466342da18", "lib/summary.py": "602a9fedfa503e5544d27ab3b0067f235047efc3", "lib/time_sync.py": "80894ef2389e540781ff78de94db16aa4203a14e", "server.py": "c3f90f2f7eeb4db30727556d0c815ebc89b3d28b", "tests/unit/__init__.py": "da39a3ee5e6b4b0d3255bfef95601890afd80709", "tests/unit/test_server.py": "948c1995d4008bc2aa6c4046a34ffa3858d6d671", "tests/unit/test_source_hashes.py": "00468a2907583c593e6574a1f6b404e4651c221a"}, "modules": {"ptd_client_server.lib.client": "lib/client.py", "ptd_client_server.lib.common": "lib/common.py", "ptd_client_server.lib.external.ntplib": "lib/external/ntplib.py", "ptd_client_server.lib.source_hashes": "lib/source_hashes.py", "ptd_client_server.lib.summary": "lib/summary.py", "ptd_client_server.lib.time_sync": "lib/time_sync.py"}}
client 2025-07-31 23:51:13,620 [INFO] Running workload in ranging mode
client 2025-07-31 23:51:13,620 [INFO] Synchronizing with the server and with ntp.ubuntu.com...
client 2025-07-31 23:51:13,714 [INFO] NTP:offset = 0.000 s, delay = 0.090 s 
client 2025-07-31 23:51:13,714 [INFO] Sending command to the server: 'time'
client 2025-07-31 23:51:13,714 [INFO] Got response: '1754005873.7146356'
client 2025-07-31 23:51:13,714 [INFO] The time difference between the client and the server is within range -0.185 ms..0.111 ms
client 2025-07-31 23:51:13,714 [INFO] Sending command to the server: 'session,2025-07-31_23-51-13,start,ranging'
client 2025-07-31 23:51:39,059 [INFO] Got response: 'OK'
client 2025-07-31 23:51:39,059 [INFO] Sending command to the server: 'time'
client 2025-07-31 23:51:39,059 [INFO] Got response: '1754005899.0595534'
client 2025-07-31 23:51:39,059 [INFO] The time difference between the client and the server is within range -0.138 ms..0.249 ms
client 2025-07-31 23:51:39,059 [INFO] Running the workload 'LOG_DIR=/work/build/power_logs_temp python3 -m code.main --benchmarks=llama3_1-8b --scenarios=Server --action="run_harness" \\\n\t\t2>&1 | tee -a /work/build/power_logs/2025.07.31-23.50.06/stdout.txt \\\n\t\t&& if [ ! -d /work/build/power_logs/2025.07.31-23.50.06/ranging_tmp ]; \\\n\t\t\tthen mkdir /work/build/power_logs/2025.07.31-23.50.06/ranging_tmp \\\n\t\t\t\t&& mv /work/build/power_logs_temp/* /work/build/power_logs/2025.07.31-23.50.06/ranging_tmp/ \\\n\t\t\t\t&& cp -v /work/build/power_logs/2025.07.31-23.50.06/ranging_tmp/*/*/*/mlperf_log_detail.txt /work/build/power_logs_temp/ \\\n\t\t\t\t&& cp -v /work/build/power_logs/2025.07.31-23.50.06/ranging_tmp/*/*/*/mlperf_log_summary.txt /work/build/power_logs_temp/; \\\n\t\t\telse mkdir /work/build/power_logs/2025.07.31-23.50.06/testing_tmp \\\n\t\t\t\t&& mv /work/build/power_logs_temp/* /work/build/power_logs/2025.07.31-23.50.06/testing_tmp/ \\\n\t\t\t\t&& cp -v /work/build/power_logs/2025.07.31-23.50.06/testing_tmp/*/*/*/mlperf_log_detail.txt /work/build/power_logs_temp/ \\\n\t\t\t\t&& cp -v /work/build/power_logs/2025.07.31-23.50.06/testing_tmp/*/*/*/mlperf_log_summary.txt /work/build/power_logs_temp/; fi'
client 2025-08-01 00:04:09,501 [INFO] Sending command to the server: 'time'
client 2025-08-01 00:04:09,502 [INFO] Got response: '1754006649.5020335'
client 2025-08-01 00:04:09,502 [INFO] The time difference between the client and the server is within range -0.330 ms..0.113 ms
client 2025-08-01 00:04:09,502 [INFO] Sending command to the server: 'session,2025-07-31_23-51-13,stop,ranging'
client 2025-08-01 00:04:20,111 [INFO] Got response: 'OK'
client 2025-08-01 00:04:20,111 [INFO] Sending command to the server: 'time'
client 2025-08-01 00:04:20,111 [INFO] Got response: '1754006660.1111338'
client 2025-08-01 00:04:20,111 [INFO] The time difference between the client and the server is within range -0.067 ms..0.063 ms
client 2025-08-01 00:04:20,114 [INFO] Copying loadgen logs from '/work/build/power_logs_temp' to '/work/build/power_logs/2025.07.31-23.50.06/2025-07-31_23-51-13/ranging'
client 2025-08-01 00:04:20,114 [INFO] Running workload in testing mode
client 2025-08-01 00:04:20,114 [INFO] Synchronizing with the server and with ntp.ubuntu.com...
client 2025-08-01 00:04:20,207 [INFO] NTP:offset = 0.001 s, delay = 0.090 s 
client 2025-08-01 00:04:20,207 [INFO] Sending command to the server: 'time'
client 2025-08-01 00:04:20,208 [INFO] Got response: '1754006660.2080188'
client 2025-08-01 00:04:20,208 [INFO] The time difference between the client and the server is within range -0.070 ms..0.057 ms
client 2025-08-01 00:04:20,208 [INFO] Sending command to the server: 'session,2025-07-31_23-51-13,start,testing'
client 2025-08-01 00:04:32,046 [INFO] Got response: 'OK'
client 2025-08-01 00:04:32,047 [INFO] Sending command to the server: 'time'
client 2025-08-01 00:04:32,047 [INFO] Got response: '1754006672.047058'
client 2025-08-01 00:04:32,047 [INFO] The time difference between the client and the server is within range -0.062 ms..0.054 ms
client 2025-08-01 00:04:32,047 [INFO] Running the workload 'LOG_DIR=/work/build/power_logs_temp python3 -m code.main --benchmarks=llama3_1-8b --scenarios=Server --action="run_harness" \\\n\t\t2>&1 | tee -a /work/build/power_logs/2025.07.31-23.50.06/stdout.txt \\\n\t\t&& if [ ! -d /work/build/power_logs/2025.07.31-23.50.06/ranging_tmp ]; \\\n\t\t\tthen mkdir /work/build/power_logs/2025.07.31-23.50.06/ranging_tmp \\\n\t\t\t\t&& mv /work/build/power_logs_temp/* /work/build/power_logs/2025.07.31-23.50.06/ranging_tmp/ \\\n\t\t\t\t&& cp -v /work/build/power_logs/2025.07.31-23.50.06/ranging_tmp/*/*/*/mlperf_log_detail.txt /work/build/power_logs_temp/ \\\n\t\t\t\t&& cp -v /work/build/power_logs/2025.07.31-23.50.06/ranging_tmp/*/*/*/mlperf_log_summary.txt /work/build/power_logs_temp/; \\\n\t\t\telse mkdir /work/build/power_logs/2025.07.31-23.50.06/testing_tmp \\\n\t\t\t\t&& mv /work/build/power_logs_temp/* /work/build/power_logs/2025.07.31-23.50.06/testing_tmp/ \\\n\t\t\t\t&& cp -v /work/build/power_logs/2025.07.31-23.50.06/testing_tmp/*/*/*/mlperf_log_detail.txt /work/build/power_logs_temp/ \\\n\t\t\t\t&& cp -v /work/build/power_logs/2025.07.31-23.50.06/testing_tmp/*/*/*/mlperf_log_summary.txt /work/build/power_logs_temp/; fi'
client 2025-08-01 00:16:59,082 [INFO] Sending command to the server: 'time'
client 2025-08-01 00:16:59,083 [INFO] Got response: '1754007419.083061'
client 2025-08-01 00:16:59,083 [INFO] The time difference between the client and the server is within range -0.391 ms..0.149 ms
client 2025-08-01 00:16:59,083 [INFO] Sending command to the server: 'session,2025-07-31_23-51-13,stop,testing'
client 2025-08-01 00:17:10,098 [INFO] Got response: 'OK'
client 2025-08-01 00:17:10,098 [INFO] Sending command to the server: 'time'
client 2025-08-01 00:17:10,098 [INFO] Got response: '1754007430.0983963'
client 2025-08-01 00:17:10,098 [INFO] The time difference between the client and the server is within range -0.078 ms..0.057 ms
client 2025-08-01 00:17:10,099 [INFO] Copying loadgen logs from '/work/build/power_logs_temp' to '/work/build/power_logs/2025.07.31-23.50.06/2025-07-31_23-51-13/run_1'
client 2025-08-01 00:17:10,099 [INFO] Done runs
