[2025-07-14 19:36:17,401 main.py:237 INFO] Detected system ID: Nvidia_2c86eb58c6bc
[2025-07-14 19:36:17,423 harness.py:241 INFO] The harness will load 2 plugins: ['build/plugins/NMSOptPlugin/libnmsoptplugin.so', 'build/plugins/retinanetConcatPlugin/libretinanetconcatplugin.so']
[2025-07-14 19:36:17,423 generate_conf_files.py:107 INFO] Generated measurements/ entries for Nvidia_2c86eb58c6bc_TRT/retinanet/Offline
[2025-07-14 19:36:17,423 harness.py:357 INFO] Using harness launch command...
[2025-07-14 19:36:17,423 __init__.py:46 INFO] Running command: ./build/bin/harness_default --plugins="build/plugins/NMSOptPlugin/libnmsoptplugin.so,build/plugins/retinanetConcatPlugin/libretinanetconcatplugin.so" --logfile_outdir="/home/ubuntu/MLC/repos/local/cache/get-mlperf-inference-results-dir_94a235cb/valid_results/2c86eb58c6bc-nvidia_original-gpu-tensorrt-vdefault-default_config/retinanet/offline/accuracy" --logfile_prefix="mlperf_log_" --performance_sample_count=64 --test_mode="AccuracyOnly" --gpu_copy_streams=2 --gpu_inference_streams=2 --use_deque_limit=true --gpu_batch_size=2 --map_path="data_maps/open-images-v6-mlperf/val_map.txt" --mlperf_conf_path="/home/ubuntu/MLC/repos/local/cache/get-git-repo_inference-src_08c59f8e/inference/mlperf.conf" --tensor_path="build/preprocessed_data/open-images-v6-mlperf/validation/Retinanet/int8_linear" --use_graphs=false --user_conf_path="/home/ubuntu/MLC/repos/gateoverflow@mlperf-automations/script/generate-mlperf-inference-user-conf/tmp/0e4ec8f70f38487e9e33435bb292c4e9.conf" --gpu_engine_batch_size="2" --gpu_engines="./build/engines/Nvidia_2c86eb58c6bc/retinanet/Offline/retinanet-Offline-gpu-retinanet-b2-int8.lwis_k_99_MaxP.plan" --max_dlas=0 --scenario="Offline" --model="retinanet" --scenario Offline --model retinanet --response_postprocess openimageeffnms
[2025-07-14 19:36:17,423 __init__.py:53 INFO] Overriding Environment
benchmark : Benchmark.Retinanet
buffer_manager_thread_count : 0
data_dir : /home/ubuntu/MLC/repos/local/cache/get-mlperf-inference-nvidia-scratch-space_b4d38010/data
gpu_batch_size : 2
gpu_copy_streams : 2
gpu_inference_streams : 2
input_dtype : int8
input_format : linear
log_dir : /home/ubuntu/MLC/repos/local/cache/get-git-repo_mlperf-inferenc_2b08c1b6/repo/closed/NVIDIA/build/logs/2025.07.14-19.36.14
map_path : data_maps/open-images-v6-mlperf/val_map.txt
mlperf_conf_path : /home/ubuntu/MLC/repos/local/cache/get-git-repo_inference-src_08c59f8e/inference/mlperf.conf
offline_expected_qps : 0.0
precision : int8
preprocessed_data_dir : /home/ubuntu/MLC/repos/local/cache/get-mlperf-inference-nvidia-scratch-space_b4d38010/preprocessed_data
scenario : Scenario.Offline
system : System(cpu=CPU(name='Intel(R) Xeon(R) w7-2495X', architecture=<CPUArchitecture.x86_64: AliasedName(name='x86_64', aliases=(), patterns=())>, vendor='GenuineIntel', cores_per_group=24, threads_per_core=2, n_groups=1, group_type=<GroupType.Socket: 'socket'>, numa_nodes=[[Interval(start=0, end=47)]], flags={'pbe', 'cqm_occup_llc', 'lm', 'avx512f', 'clflushopt', 'user_shstk', 'intel_ppin', 'flush_l1d', 'enqcmd', 'ospke', 'avx512vbmi', 'amx_tile', 'tsc', 'avx512_bf16', 'hwp_epp', 'pge', 'tsc_known_freq', 'mmx', 'xtopology', 'split_lock_detect', 'dca', 'tm2', 'ssbd', 'cat_l2', 'sse4_2', 'pcid', 'dtes64', 'rdt_a', 'sse2', 'tsc_adjust', 'arch_perfmon', 'vnmi', 'tpr_shadow', 'cldemote', 'epb', 'avx512_vnni', 'cqm', 'clflush', 'sha_ni', 'intel_pt', 'avx512_vpopcntdq', 'umip', 'pat', 'avx_vnni', 'amx_bf16', 'vmx', 'aperfmperf', 'art', 'cx8', 'ida', 'hwp_pkg_req', 'tsc_deadline_timer', 'abm', 'avx512cd', 'clwb', 'cqm_mbm_total', 'popcnt', 'mba', 'xsaves', 'avx512_fp16', 'movdiri', 'la57', 'invpcid', 'adx', 'nonstop_tsc', 'aes', 'arat', 'constant_tsc', 'avx512vl', 'rdpid', 'fsgsbase', 'bts', 'xsavec', 'ds_cpl', 'smx', 'serialize', 'pln', 'pclmulqdq', 'ht', 'ibpb', 'pse36', 'monitor', 'fsrm', 'sep', 'hwp_act_window', 'pku', 'stibp', 'avx512dq', 'gfni', 'dtherm', 'msr', 'xsave', 'hwp', 'avx512bw', 'xgetbv1', 'cdp_l3', 'cqm_llc', 'amx_int8', 'sse', 'cpuid_fault', 'vaes', 'tsxldtrk', 'bmi1', 'movbe', 'pni', 'pdcm', 'est', 'fma', 'avx2', 'smap', 'apic', 'wbnoinvd', 'fpu', 'mtrr', 'pconfig', 'flexpriority', 'cmov', 'cat_l3', 'acpi', 'vpid', 'avx512_bitalg', 'x2apic', 'ept', 'waitpkg', 'bmi2', 'cqm_mbm_local', 'vpclmulqdq', 'cdp_l2', 'f16c', 'dts', 'rep_good', 'xsaveopt', 'pebs', 'bus_lock_detect', 'arch_lbr', 'pdpe1gb', 'erms', 'smep', 'nopl', 'tm', 'vme', 'rdrand', 'rdtscp', 'sse4_1', 'cx16', 'ibrs_enhanced', 'de', 'nx', 'pse', 'ibt', 'sdbg', 'pae', 'avx', 'ibrs', 'avx512ifma', 'ept_ad', 'ss', 'cpuid', 'rdseed', 'ssse3', 'movdir64b', 'arch_capabilities', 'mce', 'md_clear', 'lahf_lm', 'syscall', 'pts', 'avx512_vbmi2', 'xtpr', '3dnowprefetch', 'mca', 'fxsr'}, vulnerabilities={'spec store bypass': 'Mitigation; Speculative Store Bypass disabled via prctl', 'spectre v1': 'Mitigation; usercopy/swapgs barriers and __user pointer sanitization', 'spectre v2': 'Mitigation; Enhanced / Automatic IBRS; IBPB conditional; RSB filling; PBRSB-eIBRS SW sequence; BHI BHI_DIS_S'}), host_memory=HostMemory(capacity=Memory(quantity=197.333724, byte_suffix=<ByteSuffix.GB: (1000, 3)>, _num_bytes=197333724000)), accelerators={<class 'nvmitten.nvidia.accelerator.GPU'>: [GPU(name='NVIDIA GeForce RTX 4090', pci_id='0x268410DE', compute_sm=ComputeSM(major=8, minor=9), vram=Memory(quantity=23.64288330078125, byte_suffix=<ByteSuffix.GiB: (1024, 3)>, _num_bytes=25386352640), max_power_limit=450.0, is_integrated=False, gpu_index=0), GPU(name='NVIDIA GeForce RTX 4090', pci_id='0x268410DE', compute_sm=ComputeSM(major=8, minor=9), vram=Memory(quantity=23.64019775390625, byte_suffix=<ByteSuffix.GiB: (1024, 3)>, _num_bytes=25383469056), max_power_limit=500.0, is_integrated=False, gpu_index=1)], <class 'nvmitten.nvidia.accelerator.DLA'>: []}, extras={'id': 'Nvidia_2c86eb58c6bc', 'tags': {'gpu_based', 'is_ampere', 'multi_gpu', 'custom', 'is_ada'}, 'name': 'Nvidia_2c86eb58c6bc', 'primary_compute_sm': ComputeSM(major=8, minor=9)})
tensor_path : build/preprocessed_data/open-images-v6-mlperf/validation/Retinanet/int8_linear
test_mode : AccuracyOnly
use_deque_limit : True
use_graphs : False
user_conf_path : /home/ubuntu/MLC/repos/gateoverflow@mlperf-automations/script/generate-mlperf-inference-user-conf/tmp/0e4ec8f70f38487e9e33435bb292c4e9.conf
system_id : Nvidia_2c86eb58c6bc
config_name : Nvidia_2c86eb58c6bc_retinanet_Offline
workload_setting : WorkloadSetting(HarnessType.LWIS, AccuracyTarget.k_99, PowerSetting.MaxP)
optimization_level : plugin-enabled
num_profiles : 2
config_ver : lwis_k_99_MaxP
accuracy_level : 99%
inference_server : lwis
skip_file_checks : False
power_limit : None
cpu_freq : None
gpu_engine_batch_size : 2
&&&& RUNNING Default_Harness # ./build/bin/harness_default
[I] mlperf.conf path: /home/ubuntu/MLC/repos/local/cache/get-git-repo_inference-src_08c59f8e/inference/mlperf.conf
[I] user.conf path: /home/ubuntu/MLC/repos/gateoverflow@mlperf-automations/script/generate-mlperf-inference-user-conf/tmp/0e4ec8f70f38487e9e33435bb292c4e9.conf
Creating QSL.
Finished Creating QSL.
Setting up SUT.
[I] [TRT] Loaded engine size: 77 MiB
[I] Device:0.GPU: [0] ./build/engines/Nvidia_2c86eb58c6bc/retinanet/Offline/retinanet-Offline-gpu-retinanet-b2-int8.lwis_k_99_MaxP.plan has been successfully loaded.
[I] [TRT] Loaded engine size: 77 MiB
[W] [TRT] Using an engine plan file across different models of devices is not recommended and is likely to affect performance or even cause errors.
[I] Device:1.GPU: [0] ./build/engines/Nvidia_2c86eb58c6bc/retinanet/Offline/retinanet-Offline-gpu-retinanet-b2-int8.lwis_k_99_MaxP.plan has been successfully loaded.
[I] [TRT] [MemUsageChange] TensorRT-managed allocation in IExecutionContext creation: CPU +0, GPU +1528, now: CPU 1, GPU 1671 (MiB)
[I] [TRT] [MemUsageChange] TensorRT-managed allocation in IExecutionContext creation: CPU +1, GPU +1527, now: CPU 2, GPU 3198 (MiB)
[I] [TRT] Switching optimization profile from: 0 to 1. Please ensure there are no enqueued operations pending in this context prior to switching profiles
[I] [TRT] [MemUsageChange] TensorRT-managed allocation in IExecutionContext creation: CPU +0, GPU +1528, now: CPU 2, GPU 4726 (MiB)
[I] [TRT] [MemUsageChange] TensorRT-managed allocation in IExecutionContext creation: CPU +1, GPU +1528, now: CPU 3, GPU 6254 (MiB)
[I] [TRT] Switching optimization profile from: 0 to 1. Please ensure there are no enqueued operations pending in this context prior to switching profiles
[I] Creating batcher thread: 0 EnableBatcherThreadPerDevice: false
Finished setting up SUT.
Starting warmup. Running for a minimum of 5 seconds.
Finished warmup. Ran for 5.03426s.
Starting running actual test.

No warnings encountered during test.

No errors encountered during test.
Finished running actual test.
Device Device:0.GPU processed:
  1 batches of size 1
  6195 batches of size 2
  Memcpy Calls: 0
  PerSampleCudaMemcpy Calls: 0
  BatchedCudaMemcpy Calls: 6196
Device Device:1.GPU processed:
  6195 batches of size 2
  Memcpy Calls: 0
  PerSampleCudaMemcpy Calls: 0
  BatchedCudaMemcpy Calls: 6195
&&&& PASSED Default_Harness # ./build/bin/harness_default
[2025-07-14 19:36:52,134 run_harness.py:170 INFO] Result: Accuracy run detected.
[2025-07-14 19:36:52,134 __init__.py:46 INFO] Running command: PYTHONPATH=/home/ubuntu/MLC/repos/local/cache/get-git-repo_mlperf-inferenc_2b08c1b6/repo/closed/NVIDIA:/home/ubuntu/MLC/repos/local/cache/get-git-repo_inference-src_08c59f8e/inference/vision/classification_and_detection/python:/home/ubuntu/MLC/repos/local/cache/get-git-repo_inference-src_08c59f8e/inference/tools/submission:/home/ubuntu/MLC/repos/gateoverflow@mlperf-automations/script/get-mlperf-inference-utils:/usr/lib/python312.zip:/usr/lib/python3.12:/usr/lib/python3.12/lib-dynload:/home/ubuntu/.local/lib/python3.12/site-packages:/usr/local/lib/python3.12/dist-packages:/usr/local/lib/python3.12/dist-packages/nvfuser-0.2.23a0+6627725-py3.12-linux-x86_64.egg:/usr/local/lib/python3.12/dist-packages/lightning_thunder-0.2.0.dev0-py3.12.egg:/usr/local/lib/python3.12/dist-packages/dill-0.3.9-py3.12.egg:/usr/local/lib/python3.12/dist-packages/opt_einsum-3.4.0-py3.12.egg:/usr/local/lib/python3.12/dist-packages/lightning_utilities-0.12.0.dev0-py3.12.egg:/usr/local/lib/python3.12/dist-packages/looseversion-1.3.0-py3.12.egg:/usr/lib/python3/dist-packages python3 -S /home/ubuntu/MLC/repos/local/cache/get-git-repo_mlperf-inferenc_2b08c1b6/repo/closed/NVIDIA/build/inference/vision/classification_and_detection/tools/accuracy-openimages.py --mlperf-accuracy-file /home/ubuntu/MLC/repos/local/cache/get-mlperf-inference-results-dir_94a235cb/valid_results/2c86eb58c6bc-nvidia_original-gpu-tensorrt-vdefault-default_config/retinanet/offline/accuracy/mlperf_log_accuracy.json --openimages-dir /home/ubuntu/MLC/repos/local/cache/get-mlperf-inference-nvidia-scratch-space_b4d38010/preprocessed_data/open-images-v6-mlperf --output-file build/retinanet-results.json
NOTE! Installing ujson may make loading annotations faster.
Loading annotations into memory...
Done (t=0.33s)
Creating index...
index created!
Loading and preparing results...
DONE (t=13.91s)
Creating index...
index created!
Running per image evaluation...
Evaluate annotation type *bbox*
DONE (t=123.61s).
Accumulating evaluation results...
DONE (t=28.39s).
 Average Precision  (AP) @[ IoU=0.50:0.95 | area=   all | maxDets=100 ] = 0.37319
 Average Precision  (AP) @[ IoU=0.50      | area=   all | maxDets=100 ] = 0.52212
 Average Precision  (AP) @[ IoU=0.75      | area=   all | maxDets=100 ] = 0.40369
 Average Precision  (AP) @[ IoU=0.50:0.95 | area= small | maxDets=100 ] = 0.02287
 Average Precision  (AP) @[ IoU=0.50:0.95 | area=medium | maxDets=100 ] = 0.12457
 Average Precision  (AP) @[ IoU=0.50:0.95 | area= large | maxDets=100 ] = 0.41243
 Average Recall     (AR) @[ IoU=0.50:0.95 | area=   all | maxDets=  1 ] = 0.41913
 Average Recall     (AR) @[ IoU=0.50:0.95 | area=   all | maxDets= 10 ] = 0.59865
 Average Recall     (AR) @[ IoU=0.50:0.95 | area=   all | maxDets=100 ] = 0.62783
 Average Recall     (AR) @[ IoU=0.50:0.95 | area= small | maxDets=100 ] = 0.08188
 Average Recall     (AR) @[ IoU=0.50:0.95 | area=medium | maxDets=100 ] = 0.34375
 Average Recall     (AR) @[ IoU=0.50:0.95 | area= large | maxDets=100 ] = 0.67754
mAP=37.319%
 
======================== Result summaries: ========================

