Graph file: /home/arjun/MLC/repos/local/cache/get-ml-model-mobilenet_60ad7ef3/mobilenet_v1_0.5_128_quant.tflite
Image dir: /home/arjun/MLC/repos/local/cache/get-preprocessed-dataset-imagenet_8a1dcefa
Image list: /home/arjun/MLC/repos/local/cache/get-preprocessed-dataset-imagenet_8a1dcefa/preprocessed_files.txt
Image size: 128
Image channels: 3
Prediction classes: 1000
Result dir: /home/arjun/MLC/repos/local/cache/get-mlperf-inference-results-dir_8c749f52/valid_results/phoenix_Amd_Am5-tflite_cpp-cpu-tflite-vmaster-default_config/mobilenet-v1-precision_uint8-0.5-128/singlestream/performance/run_1
How many images fit in memory buffer: 1024
Normalize: 1
Subtract mean: 0
Run time preprocessing: 1
Number of Threads: 16
Number of available imagefiles: 50000

Loading graph...
INFO: Created TensorFlow Lite XNNPACK delegate for CPU.
Input tensor dimensions (NHWC): 1*128*128*3
Output tensor dimensions: 1*1001
Path to user.conf : /home/arjun/MLC/repos/gateoverflow@mlperf-automations/script/generate-mlperf-inference-user-conf/tmp/f4b9261c88b942108a1d53d72c46cf9d.conf
Model Name: mobilenet
LoadGen Scenario: SingleStream
LoadGen Mode: performance
