[2025-07-14 11:35:13,636 main.py:237 INFO] Detected system ID: Nvidia_2c86eb58c6bc
[2025-07-14 11:35:13,652 generate_conf_files.py:107 INFO] Generated measurements/ entries for Nvidia_2c86eb58c6bc_TRT/resnet50/MultiStream
[2025-07-14 11:35:13,652 harness.py:357 INFO] Using harness launch command...
[2025-07-14 11:35:13,652 __init__.py:46 INFO] Running command: ./build/bin/harness_default --logfile_outdir="/home/ubuntu/MLC/repos/local/cache/get-mlperf-inference-results-dir_94a235cb/valid_results/2c86eb58c6bc-nvidia_original-gpu-tensorrt-vdefault-default_config/resnet50/multistream/accuracy" --logfile_prefix="mlperf_log_" --performance_sample_count=2048 --test_mode="AccuracyOnly" --gpu_copy_streams=1 --gpu_inference_streams=1 --use_deque_limit=true --gpu_batch_size=8 --map_path="data_maps/imagenet/val_map.txt" --mlperf_conf_path="/home/ubuntu/MLC/repos/local/cache/get-git-repo_inference-src_08c59f8e/inference/mlperf.conf" --tensor_path="build/preprocessed_data/imagenet/ResNet50/int8_linear" --use_graphs=true --user_conf_path="/home/ubuntu/MLC/repos/gateoverflow@mlperf-automations/script/generate-mlperf-inference-user-conf/tmp/75c65a75559e4a88a61b612e6a405249.conf" --gpu_engine_batch_size="8" --gpu_engines="./build/engines/Nvidia_2c86eb58c6bc/resnet50/MultiStream/resnet50-MultiStream-gpu-resnet50-b8-int8.lwis_k_99_MaxP.plan" --max_dlas=0 --scenario="MultiStream" --model="resnet50" --scenario MultiStream --model resnet50
[2025-07-14 11:35:13,652 __init__.py:53 INFO] Overriding Environment
benchmark : Benchmark.ResNet50
buffer_manager_thread_count : 0
data_dir : /home/ubuntu/MLC/repos/local/cache/get-mlperf-inference-nvidia-scratch-space_b4d38010/data
disable_beta1_smallk : True
gpu_batch_size : 8
gpu_copy_streams : 1
gpu_inference_streams : 1
input_dtype : int8
input_format : linear
log_dir : /home/ubuntu/MLC/repos/local/cache/get-git-repo_mlperf-inferenc_2b08c1b6/repo/closed/NVIDIA/build/logs/2025.07.14-11.35.11
map_path : data_maps/imagenet/val_map.txt
mlperf_conf_path : /home/ubuntu/MLC/repos/local/cache/get-git-repo_inference-src_08c59f8e/inference/mlperf.conf
multi_stream_expected_latency_ns : 0
multi_stream_samples_per_query : 8
multi_stream_target_latency_percentile : 99
precision : int8
preprocessed_data_dir : /home/ubuntu/MLC/repos/local/cache/get-mlperf-inference-nvidia-scratch-space_b4d38010/preprocessed_data
scenario : Scenario.MultiStream
system : System(cpu=CPU(name='Intel(R) Xeon(R) w7-2495X', architecture=<CPUArchitecture.x86_64: AliasedName(name='x86_64', aliases=(), patterns=())>, vendor='GenuineIntel', cores_per_group=24, threads_per_core=2, n_groups=1, group_type=<GroupType.Socket: 'socket'>, numa_nodes=[[Interval(start=0, end=47)]], flags={'vaes', 'avx512_fp16', 'movdiri', 'la57', 'xsave', 'cx8', 'rdrand', 'smep', 'mtrr', 'split_lock_detect', 'xsaveopt', 'vme', 'clflushopt', 'dts', 'xgetbv1', 'cqm_mbm_total', 'avx512_bitalg', 'pconfig', 'cqm_occup_llc', 'pts', 'cmov', '3dnowprefetch', 'ibpb', 'constant_tsc', 'ss', 'rdt_a', 'tsc', 'gfni', 'ssse3', 'tsc_deadline_timer', 'pebs', 'dtes64', 'waitpkg', 'fpu', 'fsgsbase', 'umip', 'flush_l1d', 'mca', 'tsc_adjust', 'invpcid', 'avx', 'cdp_l2', 'tsc_known_freq', 'avx512dq', 'pclmulqdq', 'pse', 'avx512cd', 'sse4_1', 'dtherm', 'sse4_2', 'flexpriority', 'bus_lock_detect', 'mce', 'pae', 'cpuid', 'fma', 'vmx', 'wbnoinvd', 'ospke', 'rep_good', 'rdseed', 'amx_int8', 'pse36', 'vnmi', 'amx_bf16', 'sep', 'avx512ifma', 'dca', 'lm', 'avx512_vpopcntdq', 'bmi1', 'tpr_shadow', 'art', 'hwp', 'tsxldtrk', 'nonstop_tsc', 'pln', 'xtpr', 'xsaves', 'aperfmperf', 'intel_ppin', 'ht', 'syscall', 'avx512bw', 'md_clear', 'f16c', 'pbe', 'ds_cpl', 'mmx', 'hwp_pkg_req', 'avx512vl', 'avx_vnni', 'pcid', 'cat_l2', 'clflush', 'fsrm', 'cpuid_fault', 'ibrs_enhanced', 'vpclmulqdq', 'mba', 'erms', 'hwp_epp', 'user_shstk', 'smap', 'smx', 'pge', 'est', 'ida', 'rdtscp', 'vpid', 'movdir64b', 'enqcmd', 'ibt', 'sse', 'tm', 'tm2', 'stibp', 'xsavec', 'adx', 'bts', 'monitor', 'cat_l3', 'hwp_act_window', 'cqm', 'avx512_bf16', 'clwb', 'de', 'rdpid', 'cx16', 'x2apic', 'pdpe1gb', 'apic', 'pku', 'movbe', 'pdcm', 'abm', 'ssbd', 'avx512f', 'msr', 'serialize', 'ept_ad', 'arch_capabilities', 'arch_perfmon', 'avx512vbmi', 'avx2', 'ept', 'acpi', 'sha_ni', 'amx_tile', 'aes', 'cqm_llc', 'lahf_lm', 'arat', 'cdp_l3', 'avx512_vbmi2', 'sdbg', 'cldemote', 'sse2', 'nx', 'epb', 'pni', 'popcnt', 'intel_pt', 'nopl', 'avx512_vnni', 'bmi2', 'cqm_mbm_local', 'pat', 'arch_lbr', 'fxsr', 'xtopology', 'ibrs'}, vulnerabilities={'spec store bypass': 'Mitigation; Speculative Store Bypass disabled via prctl', 'spectre v1': 'Mitigation; usercopy/swapgs barriers and __user pointer sanitization', 'spectre v2': 'Mitigation; Enhanced / Automatic IBRS; IBPB conditional; RSB filling; PBRSB-eIBRS SW sequence; BHI BHI_DIS_S'}), host_memory=HostMemory(capacity=Memory(quantity=197.333724, byte_suffix=<ByteSuffix.GB: (1000, 3)>, _num_bytes=197333724000)), accelerators={<class 'nvmitten.nvidia.accelerator.GPU'>: [GPU(name='NVIDIA GeForce RTX 4090', pci_id='0x268410DE', compute_sm=ComputeSM(major=8, minor=9), vram=Memory(quantity=23.64288330078125, byte_suffix=<ByteSuffix.GiB: (1024, 3)>, _num_bytes=25386352640), max_power_limit=450.0, is_integrated=False, gpu_index=0), GPU(name='NVIDIA GeForce RTX 4090', pci_id='0x268410DE', compute_sm=ComputeSM(major=8, minor=9), vram=Memory(quantity=23.64019775390625, byte_suffix=<ByteSuffix.GiB: (1024, 3)>, _num_bytes=25383469056), max_power_limit=500.0, is_integrated=False, gpu_index=1)], <class 'nvmitten.nvidia.accelerator.DLA'>: []}, extras={'id': 'Nvidia_2c86eb58c6bc', 'tags': {'custom', 'is_ada', 'is_ampere', 'gpu_based', 'multi_gpu'}, 'name': 'Nvidia_2c86eb58c6bc', 'primary_compute_sm': ComputeSM(major=8, minor=9)})
tensor_path : build/preprocessed_data/imagenet/ResNet50/int8_linear
test_mode : AccuracyOnly
use_deque_limit : True
use_graphs : True
user_conf_path : /home/ubuntu/MLC/repos/gateoverflow@mlperf-automations/script/generate-mlperf-inference-user-conf/tmp/75c65a75559e4a88a61b612e6a405249.conf
system_id : Nvidia_2c86eb58c6bc
config_name : Nvidia_2c86eb58c6bc_resnet50_MultiStream
workload_setting : WorkloadSetting(HarnessType.LWIS, AccuracyTarget.k_99, PowerSetting.MaxP)
optimization_level : plugin-enabled
num_profiles : 1
config_ver : lwis_k_99_MaxP
accuracy_level : 99%
inference_server : lwis
skip_file_checks : False
power_limit : None
cpu_freq : None
gpu_engine_batch_size : 8
&&&& RUNNING Default_Harness # ./build/bin/harness_default
[I] mlperf.conf path: /home/ubuntu/MLC/repos/local/cache/get-git-repo_inference-src_08c59f8e/inference/mlperf.conf
[I] user.conf path: /home/ubuntu/MLC/repos/gateoverflow@mlperf-automations/script/generate-mlperf-inference-user-conf/tmp/75c65a75559e4a88a61b612e6a405249.conf
Creating QSL.
Finished Creating QSL.
Setting up SUT.
[I] [TRT] Loaded engine size: 27 MiB
[I] Device:0.GPU: [0] ./build/engines/Nvidia_2c86eb58c6bc/resnet50/MultiStream/resnet50-MultiStream-gpu-resnet50-b8-int8.lwis_k_99_MaxP.plan has been successfully loaded.
[I] [TRT] Loaded engine size: 27 MiB
[W] [TRT] Using an engine plan file across different models of devices is not recommended and is likely to affect performance or even cause errors.
[I] Device:1.GPU: [0] ./build/engines/Nvidia_2c86eb58c6bc/resnet50/MultiStream/resnet50-MultiStream-gpu-resnet50-b8-int8.lwis_k_99_MaxP.plan has been successfully loaded.
[I] [TRT] [MemUsageChange] TensorRT-managed allocation in IExecutionContext creation: CPU +0, GPU +17, now: CPU 0, GPU 66 (MiB)
[I] [TRT] [MemUsageChange] TensorRT-managed allocation in IExecutionContext creation: CPU +0, GPU +17, now: CPU 0, GPU 83 (MiB)
[I] Start creating CUDA graphs
[I] Capture 8 CUDA graphs
[I] Capture 8 CUDA graphs
[I] Finish creating CUDA graphs
[I] Creating batcher thread: 0 EnableBatcherThreadPerDevice: false
Finished setting up SUT.
Starting warmup. Running for a minimum of 5 seconds.
Finished warmup. Ran for 5.02383s.
Starting running actual test.

No warnings encountered during test.

No errors encountered during test.
Finished running actual test.
Device Device:0.GPU processed:
  3125 batches of size 8
  Memcpy Calls: 0
  PerSampleCudaMemcpy Calls: 0
  BatchedCudaMemcpy Calls: 3125
Device Device:1.GPU processed:
  3125 batches of size 8
  Memcpy Calls: 0
  PerSampleCudaMemcpy Calls: 0
  BatchedCudaMemcpy Calls: 3125
&&&& PASSED Default_Harness # ./build/bin/harness_default
[2025-07-14 11:35:27,950 run_harness.py:170 INFO] Result: Accuracy run detected.
[2025-07-14 11:35:27,950 __init__.py:46 INFO] Running command: PYTHONPATH=/home/ubuntu/MLC/repos/local/cache/get-git-repo_mlperf-inferenc_2b08c1b6/repo/closed/NVIDIA:/home/ubuntu/MLC/repos/local/cache/get-git-repo_inference-src_08c59f8e/inference/vision/classification_and_detection/python:/home/ubuntu/MLC/repos/local/cache/get-git-repo_inference-src_08c59f8e/inference/tools/submission:/home/ubuntu/MLC/repos/gateoverflow@mlperf-automations/script/get-mlperf-inference-utils:/usr/lib/python312.zip:/usr/lib/python3.12:/usr/lib/python3.12/lib-dynload:/home/ubuntu/.local/lib/python3.12/site-packages:/usr/local/lib/python3.12/dist-packages:/usr/local/lib/python3.12/dist-packages/nvfuser-0.2.23a0+6627725-py3.12-linux-x86_64.egg:/usr/local/lib/python3.12/dist-packages/lightning_thunder-0.2.0.dev0-py3.12.egg:/usr/local/lib/python3.12/dist-packages/dill-0.3.9-py3.12.egg:/usr/local/lib/python3.12/dist-packages/opt_einsum-3.4.0-py3.12.egg:/usr/local/lib/python3.12/dist-packages/lightning_utilities-0.12.0.dev0-py3.12.egg:/usr/local/lib/python3.12/dist-packages/looseversion-1.3.0-py3.12.egg:/usr/lib/python3/dist-packages python3 -S /home/ubuntu/MLC/repos/local/cache/get-git-repo_mlperf-inferenc_2b08c1b6/repo/closed/NVIDIA/build/inference/vision/classification_and_detection/tools/accuracy-imagenet.py --mlperf-accuracy-file /home/ubuntu/MLC/repos/local/cache/get-mlperf-inference-results-dir_94a235cb/valid_results/2c86eb58c6bc-nvidia_original-gpu-tensorrt-vdefault-default_config/resnet50/multistream/accuracy/mlperf_log_accuracy.json --imagenet-val-file data_maps/imagenet/val_map.txt --dtype int32
accuracy=76.062%, good=38031, total=50000
 
======================== Result summaries: ========================

