[2025-07-14 11:24:34,619 main.py:237 INFO] Detected system ID: Nvidia_2c86eb58c6bc
[2025-07-14 11:24:34,634 generate_conf_files.py:107 INFO] Generated measurements/ entries for Nvidia_2c86eb58c6bc_TRT/resnet50/MultiStream
[2025-07-14 11:24:34,634 harness.py:357 INFO] Using harness launch command...
[2025-07-14 11:24:34,634 __init__.py:46 INFO] Running command: ./build/bin/harness_default --logfile_outdir="/home/ubuntu/MLC/repos/local/cache/get-mlperf-inference-results-dir_94a235cb/valid_results/2c86eb58c6bc-nvidia_original-gpu-tensorrt-vdefault-default_config/resnet50/multistream/performance/run_1" --logfile_prefix="mlperf_log_" --performance_sample_count=2048 --test_mode="PerformanceOnly" --gpu_copy_streams=1 --gpu_inference_streams=1 --use_deque_limit=true --gpu_batch_size=8 --map_path="data_maps/imagenet/val_map.txt" --mlperf_conf_path="/home/ubuntu/MLC/repos/local/cache/get-git-repo_inference-src_08c59f8e/inference/mlperf.conf" --tensor_path="build/preprocessed_data/imagenet/ResNet50/int8_linear" --use_graphs=true --user_conf_path="/home/ubuntu/MLC/repos/gateoverflow@mlperf-automations/script/generate-mlperf-inference-user-conf/tmp/9408691277294231bc3d8d6cbbaee697.conf" --gpu_engine_batch_size="8" --gpu_engines="./build/engines/Nvidia_2c86eb58c6bc/resnet50/MultiStream/resnet50-MultiStream-gpu-resnet50-b8-int8.lwis_k_99_MaxP.plan" --max_dlas=0 --scenario="MultiStream" --model="resnet50" --scenario MultiStream --model resnet50
[2025-07-14 11:24:34,634 __init__.py:53 INFO] Overriding Environment
benchmark : Benchmark.ResNet50
buffer_manager_thread_count : 0
data_dir : /home/ubuntu/MLC/repos/local/cache/get-mlperf-inference-nvidia-scratch-space_b4d38010/data
disable_beta1_smallk : True
gpu_batch_size : 8
gpu_copy_streams : 1
gpu_inference_streams : 1
input_dtype : int8
input_format : linear
log_dir : /home/ubuntu/MLC/repos/local/cache/get-git-repo_mlperf-inferenc_2b08c1b6/repo/closed/NVIDIA/build/logs/2025.07.14-11.24.31
map_path : data_maps/imagenet/val_map.txt
mlperf_conf_path : /home/ubuntu/MLC/repos/local/cache/get-git-repo_inference-src_08c59f8e/inference/mlperf.conf
multi_stream_expected_latency_ns : 0
multi_stream_samples_per_query : 8
multi_stream_target_latency_percentile : 99
precision : int8
preprocessed_data_dir : /home/ubuntu/MLC/repos/local/cache/get-mlperf-inference-nvidia-scratch-space_b4d38010/preprocessed_data
scenario : Scenario.MultiStream
system : System(cpu=CPU(name='Intel(R) Xeon(R) w7-2495X', architecture=<CPUArchitecture.x86_64: AliasedName(name='x86_64', aliases=(), patterns=())>, vendor='GenuineIntel', cores_per_group=24, threads_per_core=2, n_groups=1, group_type=<GroupType.Socket: 'socket'>, numa_nodes=[[Interval(start=0, end=47)]], flags={'syscall', 'intel_ppin', 'avx512ifma', 'pbe', 'clwb', 'dtes64', 'sep', 'ssse3', 'pts', 'apic', 'aperfmperf', 'msr', 'lahf_lm', 'mba', 'stibp', 'avx512_bf16', 'pku', 'tsc_deadline_timer', 'cat_l3', 'ept', 'cmov', 'avx512_vnni', 'avx512_vbmi2', 'dtherm', 'cdp_l2', 'ida', 'hwp_epp', 'bts', 'intel_pt', 'mce', 'avx512_bitalg', 'xsavec', 'arch_capabilities', 'ss', 'sse2', 'sse4_2', 'cat_l2', 'tm2', 'avx512f', 'ht', 'cx8', 'movbe', 'tsc', 'clflushopt', 'pat', 'ibt', '3dnowprefetch', 'vme', 'art', 'la57', 'pse', 'hwp_pkg_req', 'nx', 'x2apic', 'vaes', 'cqm', 'hwp_act_window', 'avx512_fp16', 'tm', 'rdseed', 'ibpb', 'avx512vbmi', 'nopl', 'cdp_l3', 'acpi', 'serialize', 'pse36', 'xsave', 'nonstop_tsc', 'avx2', 'invpcid', 'amx_bf16', 'rep_good', 'ept_ad', 'fpu', 'avx_vnni', 'tsc_adjust', 'constant_tsc', 'movdiri', 'mtrr', 'sdbg', 'vpclmulqdq', 'cx16', 'sse', 'cqm_mbm_local', 'pge', 'arch_lbr', 'rdtscp', 'hwp', 'fxsr', 'lm', 'pcid', 'clflush', 'arch_perfmon', 'flexpriority', 'umip', 'avx512_vpopcntdq', 'vpid', 'aes', 'avx512bw', 'bmi1', 'epb', 'ospke', 'smx', 'xtpr', 'sse4_1', 'cldemote', 'pni', 'est', 'adx', 'split_lock_detect', 'rdrand', 'cqm_mbm_total', 'smap', 'ds_cpl', 'pebs', 'xtopology', 'fma', 'md_clear', 'tsxldtrk', 'bus_lock_detect', 'waitpkg', 'gfni', 'avx512dq', 'xsaves', 'pln', 'arat', 'ibrs_enhanced', 'flush_l1d', 'cqm_occup_llc', 'avx512cd', 'f16c', 'pdcm', 'pae', 'avx', 'pdpe1gb', 'rdpid', 'popcnt', 'pconfig', 'user_shstk', 'abm', 'bmi2', 'monitor', 'mca', 'xgetbv1', 'ssbd', 'movdir64b', 'enqcmd', 'avx512vl', 'mmx', 'amx_tile', 'rdt_a', 'erms', 'xsaveopt', 'cqm_llc', 'fsgsbase', 'pclmulqdq', 'vnmi', 'amx_int8', 'dca', 'cpuid_fault', 'de', 'ibrs', 'vmx', 'sha_ni', 'fsrm', 'smep', 'tpr_shadow', 'dts', 'wbnoinvd', 'tsc_known_freq', 'cpuid'}, vulnerabilities={'spec store bypass': 'Mitigation; Speculative Store Bypass disabled via prctl', 'spectre v1': 'Mitigation; usercopy/swapgs barriers and __user pointer sanitization', 'spectre v2': 'Mitigation; Enhanced / Automatic IBRS; IBPB conditional; RSB filling; PBRSB-eIBRS SW sequence; BHI BHI_DIS_S'}), host_memory=HostMemory(capacity=Memory(quantity=197.333724, byte_suffix=<ByteSuffix.GB: (1000, 3)>, _num_bytes=197333724000)), accelerators={<class 'nvmitten.nvidia.accelerator.GPU'>: [GPU(name='NVIDIA GeForce RTX 4090', pci_id='0x268410DE', compute_sm=ComputeSM(major=8, minor=9), vram=Memory(quantity=23.64288330078125, byte_suffix=<ByteSuffix.GiB: (1024, 3)>, _num_bytes=25386352640), max_power_limit=450.0, is_integrated=False, gpu_index=0), GPU(name='NVIDIA GeForce RTX 4090', pci_id='0x268410DE', compute_sm=ComputeSM(major=8, minor=9), vram=Memory(quantity=23.64019775390625, byte_suffix=<ByteSuffix.GiB: (1024, 3)>, _num_bytes=25383469056), max_power_limit=500.0, is_integrated=False, gpu_index=1)], <class 'nvmitten.nvidia.accelerator.DLA'>: []}, extras={'id': 'Nvidia_2c86eb58c6bc', 'tags': {'multi_gpu', 'custom', 'is_ampere', 'gpu_based', 'is_ada'}, 'name': 'Nvidia_2c86eb58c6bc', 'primary_compute_sm': ComputeSM(major=8, minor=9)})
tensor_path : build/preprocessed_data/imagenet/ResNet50/int8_linear
test_mode : PerformanceOnly
use_deque_limit : True
use_graphs : True
user_conf_path : /home/ubuntu/MLC/repos/gateoverflow@mlperf-automations/script/generate-mlperf-inference-user-conf/tmp/9408691277294231bc3d8d6cbbaee697.conf
system_id : Nvidia_2c86eb58c6bc
config_name : Nvidia_2c86eb58c6bc_resnet50_MultiStream
workload_setting : WorkloadSetting(HarnessType.LWIS, AccuracyTarget.k_99, PowerSetting.MaxP)
optimization_level : plugin-enabled
num_profiles : 1
config_ver : lwis_k_99_MaxP
accuracy_level : 99%
inference_server : lwis
skip_file_checks : False
power_limit : None
cpu_freq : None
gpu_engine_batch_size : 8
&&&& RUNNING Default_Harness # ./build/bin/harness_default
[I] mlperf.conf path: /home/ubuntu/MLC/repos/local/cache/get-git-repo_inference-src_08c59f8e/inference/mlperf.conf
[I] user.conf path: /home/ubuntu/MLC/repos/gateoverflow@mlperf-automations/script/generate-mlperf-inference-user-conf/tmp/9408691277294231bc3d8d6cbbaee697.conf
Creating QSL.
Finished Creating QSL.
Setting up SUT.
[I] [TRT] Loaded engine size: 27 MiB
[I] Device:0.GPU: [0] ./build/engines/Nvidia_2c86eb58c6bc/resnet50/MultiStream/resnet50-MultiStream-gpu-resnet50-b8-int8.lwis_k_99_MaxP.plan has been successfully loaded.
[I] [TRT] Loaded engine size: 27 MiB
[W] [TRT] Using an engine plan file across different models of devices is not recommended and is likely to affect performance or even cause errors.
[I] Device:1.GPU: [0] ./build/engines/Nvidia_2c86eb58c6bc/resnet50/MultiStream/resnet50-MultiStream-gpu-resnet50-b8-int8.lwis_k_99_MaxP.plan has been successfully loaded.
[I] [TRT] [MemUsageChange] TensorRT-managed allocation in IExecutionContext creation: CPU +0, GPU +17, now: CPU 0, GPU 66 (MiB)
[I] [TRT] [MemUsageChange] TensorRT-managed allocation in IExecutionContext creation: CPU +0, GPU +17, now: CPU 0, GPU 83 (MiB)
[I] Start creating CUDA graphs
[I] Capture 8 CUDA graphs
[I] Capture 8 CUDA graphs
[I] Finish creating CUDA graphs
[I] Creating batcher thread: 0 EnableBatcherThreadPerDevice: false
Finished setting up SUT.
Starting warmup. Running for a minimum of 5 seconds.
Finished warmup. Ran for 5.02411s.
Starting running actual test.
================================================
MLPerf Results Summary
================================================
SUT name : LWIS_Server
Scenario : MultiStream
Mode     : PerformanceOnly
99.0th percentile latency (ns) : 503206
Result is : VALID
  Min duration satisfied : Yes
  Min queries satisfied : Yes
  Early stopping satisfied: Yes
Early Stopping Result:
 * Processed at least 662 queries (1235124).
 * Would discard 12093 highest latency queries.
 * Early stopping 99.0th percentile estimate: 503471

================================================
Additional Stats
================================================
Per-query latency:  
Min latency (ns)                : 436212
Max latency (ns)                : 3270275
Mean latency (ns)               : 473588
50.00 percentile latency (ns)   : 472448
90.00 percentile latency (ns)   : 484790
95.00 percentile latency (ns)   : 490282
97.00 percentile latency (ns)   : 494007
99.00 percentile latency (ns)   : 503206
99.90 percentile latency (ns)   : 657984

================================================
Test Parameters Used
================================================
samples_per_query : 8
target_qps : 25000
target_latency (ns): 0
max_async_queries : 1
min_duration (ms): 600000
max_duration (ms): 660000
min_query_count : 662
max_query_count : 0
qsl_rng_seed : 1780908523862526354
sample_index_rng_seed : 14771362308971278857
schedule_rng_seed : 18209322760996052031
accuracy_log_rng_seed : 0
accuracy_log_probability : 0
accuracy_log_sampling_target : 0
print_timestamps : 0
performance_issue_unique : 0
performance_issue_same : 0
performance_issue_same_index : 0
performance_sample_count : 1024

No warnings encountered during test.

No errors encountered during test.
Finished running actual test.
Device Device:0.GPU processed:
  617562 batches of size 8
  Memcpy Calls: 0
  PerSampleCudaMemcpy Calls: 0
  BatchedCudaMemcpy Calls: 617562
Device Device:1.GPU processed:
  617562 batches of size 8
  Memcpy Calls: 0
  PerSampleCudaMemcpy Calls: 0
  BatchedCudaMemcpy Calls: 617562
&&&& PASSED Default_Harness # ./build/bin/harness_default
[2025-07-14 11:35:01,203 run_harness.py:170 INFO] Result: result_99.00_percentile_per_query_latency_ns: 503206, Result is VALID, 10-min runtime requirement met: True
 
======================== Result summaries: ========================

